

Microchip Technology PIC LITE Macro Assembler V1.33 build 59893 
                                                                                               Wed Feb 21 16:14:29 2024

Microchip Technology Omniscient Code Generator (Lite mode) build 59893
     1                           	processor	16F877A
     2                           	opt	pw 120
     3                           	opt	lm
     4                           	psect	text0,local,class=CODE,merge=1,delta=2
     5                           	psect	cinit,global,class=CODE,merge=1,delta=2
     6                           	psect	cstackCOMMON,global,class=COMMON,space=1,delta=1
     7                           	psect	maintext,global,class=CODE,split=1,delta=2
     8                           	psect	text1,local,class=CODE,merge=1,delta=2
     9                           	psect	text2,local,class=CODE,merge=1,delta=2
    10                           	dabs	1,0x7E,2
    11  0000                     	;# 
    12  0001                     	;# 
    13  0002                     	;# 
    14  0003                     	;# 
    15  0004                     	;# 
    16  0005                     	;# 
    17  0006                     	;# 
    18  0007                     	;# 
    19  0008                     	;# 
    20  0009                     	;# 
    21  000A                     	;# 
    22  000B                     	;# 
    23  000C                     	;# 
    24  000D                     	;# 
    25  000E                     	;# 
    26  000E                     	;# 
    27  000F                     	;# 
    28  0010                     	;# 
    29  0011                     	;# 
    30  0012                     	;# 
    31  0013                     	;# 
    32  0014                     	;# 
    33  0015                     	;# 
    34  0015                     	;# 
    35  0016                     	;# 
    36  0017                     	;# 
    37  0018                     	;# 
    38  0019                     	;# 
    39  001A                     	;# 
    40  001B                     	;# 
    41  001B                     	;# 
    42  001C                     	;# 
    43  001D                     	;# 
    44  001E                     	;# 
    45  001F                     	;# 
    46  0081                     	;# 
    47  0085                     	;# 
    48  0086                     	;# 
    49  0087                     	;# 
    50  0088                     	;# 
    51  0089                     	;# 
    52  008C                     	;# 
    53  008D                     	;# 
    54  008E                     	;# 
    55  0091                     	;# 
    56  0092                     	;# 
    57  0093                     	;# 
    58  0094                     	;# 
    59  0098                     	;# 
    60  0099                     	;# 
    61  009C                     	;# 
    62  009D                     	;# 
    63  009E                     	;# 
    64  009F                     	;# 
    65  010C                     	;# 
    66  010D                     	;# 
    67  010E                     	;# 
    68  010F                     	;# 
    69  018C                     	;# 
    70  018D                     	;# 
    71  0006                     _PORTB	set	6
    72  0008                     _PORTD	set	8
    73  0044                     _RD4	set	68
    74  0086                     _TRISB	set	134
    75  0087                     _TRISC	set	135
    76  0088                     _TRISD	set	136
    77                           
    78                           	psect	text0
    79  0000                     __ptext0:	
    80                           ; #config settings
    81                           
    82                           
    83                           ;psect for function _delay
    84  0000                     
    85                           	psect	cinit
    86  07FC                     start_initialization:	
    87  07FC                     __initialization:	
    88  07FC                     end_of_initialization:	
    89                           ;End of C runtime variable initialization code
    90                           
    91  07FC                     __end_of__initialization:	
    92  07FC  0183               	clrf	3
    93  07FD  120A  118A  2F80   	ljmp	_main	;jump to C main() function
    94                           
    95                           	psect	cstackCOMMON
    96  0070                     __pcstackCOMMON:	
    97  0070                     ?_delay:	
    98  0070                     ?_readKey:	
    99                           ; 0 bytes @ 0x0
   100                           
   101  0070                     ?_main:	
   102                           ; 0 bytes @ 0x0
   103                           
   104  0070                     delay@timeIn:	
   105                           ; 0 bytes @ 0x0
   106                           
   107                           
   108                           ; 2 bytes @ 0x0
   109  0070                     	ds	2
   110  0072                     ??_delay:	
   111                           
   112                           ; 0 bytes @ 0x2
   113  0072                     	ds	1
   114  0073                     delay@j:	
   115                           
   116                           ; 2 bytes @ 0x3
   117  0073                     	ds	2
   118  0075                     ??_readKey:	
   119                           
   120                           ; 0 bytes @ 0x5
   121  0075                     	ds	2
   122  0077                     readKey@bits:	
   123                           
   124                           ; 2 bytes @ 0x7
   125  0077                     	ds	2
   126  0079                     ??_main:	
   127                           
   128                           	psect	maintext
   129  0780                     __pmaintext:	
   130                           ; 0 bytes @ 0x9
   131 ;;
   132 ;;Main: autosize = 0, tempsize = 0, incstack = 0, save=0
   133 ;;
   134 ;; *************** function _main *****************
   135 ;; Defined at:
   136 ;;		line 87 in file "C:\Users\notjo\OneDrive\Desktop\USC\USC-Year3-Sem2\3201-EmbeddedSystems\Labs\LE_02\LE2-2\LE2-2.c"
   137 ;; Parameters:    Size  Location     Type
   138 ;;		None
   139 ;; Auto vars:     Size  Location     Type
   140 ;;		None
   141 ;; Return value:  Size  Location     Type
   142 ;;		None               void
   143 ;; Registers used:
   144 ;;		wreg, fsr0l, fsr0h, status,2, status,0, pclath, cstack
   145 ;; Tracked objects:
   146 ;;		On entry : 17F/0
   147 ;;		On exit  : 0/0
   148 ;;		Unchanged: 0/0
   149 ;; Data sizes:     COMMON   BANK0   BANK1   BANK3   BANK2
   150 ;;      Params:         0       0       0       0       0
   151 ;;      Locals:         0       0       0       0       0
   152 ;;      Temps:          0       0       0       0       0
   153 ;;      Totals:         0       0       0       0       0
   154 ;;Total ram usage:        0 bytes
   155 ;; Hardware stack levels required when called:    2
   156 ;; This function calls:
   157 ;;		_readKey
   158 ;; This function is called by:
   159 ;;		Startup code after reset
   160 ;; This function uses a non-reentrant model
   161 ;;
   162                           
   163                           
   164                           ;psect for function _main
   165  0780                     _main:	
   166                           
   167                           ;LE2-2.c: 89: TRISB = 0x00;
   168                           
   169                           ;incstack = 0
   170                           ; Regs used in _main: [wreg-fsr0h+status,2+status,0+pclath+cstack]
   171  0780  1683               	bsf	3,5	;RP0=1, select bank1
   172  0781  1303               	bcf	3,6	;RP1=0, select bank1
   173  0782  0186               	clrf	6	;volatile
   174                           
   175                           ;LE2-2.c: 90: TRISC = 0x00;
   176  0783  0187               	clrf	7	;volatile
   177                           
   178                           ;LE2-2.c: 91: TRISD = 0xFF;
   179  0784  30FF               	movlw	255
   180  0785  0088               	movwf	8	;volatile
   181                           
   182                           ;LE2-2.c: 92: PORTB = 0x00;
   183  0786  1283               	bcf	3,5	;RP0=0, select bank0
   184  0787  1303               	bcf	3,6	;RP1=0, select bank0
   185  0788  0186               	clrf	6	;volatile
   186  0789                     l546:	
   187                           ;LE2-2.c: 93: while (1)
   188                           
   189                           
   190                           ;LE2-2.c: 94: {
   191                           ;LE2-2.c: 95: if (RD4 == 1)
   192  0789  1283               	bcf	3,5	;RP0=0, select bank0
   193  078A  1303               	bcf	3,6	;RP1=0, select bank0
   194  078B  1E08               	btfss	8,4	;volatile
   195  078C  2F89               	goto	l546
   196                           
   197                           ;LE2-2.c: 96: {
   198                           ;LE2-2.c: 97: readKey();
   199  078D  120A  118A  27A8  120A  118A  	fcall	_readKey
   200  0792  2F89               	goto	l546
   201  0793                     __end_of_main:	
   202                           
   203                           	psect	text1
   204  07A8                     __ptext1:	
   205 ;; *************** function _readKey *****************
   206 ;; Defined at:
   207 ;;		line 40 in file "C:\Users\notjo\OneDrive\Desktop\USC\USC-Year3-Sem2\3201-EmbeddedSystems\Labs\LE_02\LE2-2\LE2-2.c"
   208 ;; Parameters:    Size  Location     Type
   209 ;;		None
   210 ;; Auto vars:     Size  Location     Type
   211 ;;  bits            2    7[COMMON] int 
   212 ;; Return value:  Size  Location     Type
   213 ;;		None               void
   214 ;; Registers used:
   215 ;;		wreg, fsr0l, fsr0h, status,2, status,0, pclath, cstack
   216 ;; Tracked objects:
   217 ;;		On entry : 0/0
   218 ;;		On exit  : 0/0
   219 ;;		Unchanged: 0/0
   220 ;; Data sizes:     COMMON   BANK0   BANK1   BANK3   BANK2
   221 ;;      Params:         0       0       0       0       0
   222 ;;      Locals:         2       0       0       0       0
   223 ;;      Temps:          2       0       0       0       0
   224 ;;      Totals:         4       0       0       0       0
   225 ;;Total ram usage:        4 bytes
   226 ;; Hardware stack levels used:    1
   227 ;; Hardware stack levels required when called:    1
   228 ;; This function calls:
   229 ;;		_delay
   230 ;; This function is called by:
   231 ;;		_main
   232 ;; This function uses a non-reentrant model
   233 ;;
   234                           
   235                           
   236                           ;psect for function _readKey
   237  07A8                     _readKey:	
   238                           
   239                           ;LE2-2.c: 42: int bits = PORTD;
   240                           
   241                           ;incstack = 0
   242                           ; Regs used in _readKey: [wreg-fsr0h+status,2+status,0+pclath+cstack]
   243  07A8  1283               	bcf	3,5	;RP0=0, select bank0
   244  07A9  1303               	bcf	3,6	;RP1=0, select bank0
   245  07AA  0808               	movf	8,w	;volatile
   246  07AB  00F5               	movwf	??_readKey
   247  07AC  01F6               	clrf	??_readKey+1
   248  07AD  0875               	movf	??_readKey,w
   249  07AE  00F7               	movwf	readKey@bits
   250  07AF  0876               	movf	??_readKey+1,w
   251  07B0  00F8               	movwf	readKey@bits+1
   252                           
   253                           ;LE2-2.c: 43: switch (bits)
   254  07B1  2FC9               	goto	l532
   255  07B2                     l506:	
   256                           ;LE2-2.c: 44: {
   257                           ;LE2-2.c: 45: case KEY_0:
   258                           
   259                           
   260                           ;LE2-2.c: 46: PORTB = 0x00;
   261  07B2  0186               	clrf	6	;volatile
   262                           
   263                           ;LE2-2.c: 47: break;
   264  07B3  2FF4               	goto	l534
   265  07B4                     l508:	
   266                           ;LE2-2.c: 48: case KEY_1:
   267                           
   268                           
   269                           ;LE2-2.c: 49: PORTB = 0x01;
   270  07B4  3001               	movlw	1
   271  07B5  2FC7               	goto	L10
   272  07B6                     l510:	
   273                           ;LE2-2.c: 51: case KEY_2:
   274                           
   275                           ;LE2-2.c: 50: break;
   276                           
   277                           
   278                           ;LE2-2.c: 52: PORTB = 0x02;
   279  07B6  3002               	movlw	2
   280  07B7  2FC7               	goto	L10
   281  07B8                     l512:	
   282                           ;LE2-2.c: 54: case KEY_3:
   283                           
   284                           ;LE2-2.c: 53: break;
   285                           
   286                           
   287                           ;LE2-2.c: 55: PORTB = 0x03;
   288  07B8  3003               	movlw	3
   289  07B9  2FC7               	goto	L10
   290  07BA                     l514:	
   291                           ;LE2-2.c: 57: case KEY_4:
   292                           
   293                           ;LE2-2.c: 56: break;
   294                           
   295                           
   296                           ;LE2-2.c: 58: PORTB = 0x04;
   297  07BA  3004               	movlw	4
   298  07BB  2FC7               	goto	L10
   299  07BC                     l516:	
   300                           ;LE2-2.c: 60: case KEY_5:
   301                           
   302                           ;LE2-2.c: 59: break;
   303                           
   304                           
   305                           ;LE2-2.c: 61: PORTB = 0x05;
   306  07BC  3005               	movlw	5
   307  07BD  2FC7               	goto	L10
   308  07BE                     l518:	
   309                           ;LE2-2.c: 63: case KEY_6:
   310                           
   311                           ;LE2-2.c: 62: break;
   312                           
   313                           
   314                           ;LE2-2.c: 64: PORTB = 0x06;
   315  07BE  3006               	movlw	6
   316  07BF  2FC7               	goto	L10
   317  07C0                     l520:	
   318                           ;LE2-2.c: 66: case KEY_7:
   319                           
   320                           ;LE2-2.c: 65: break;
   321                           
   322                           
   323                           ;LE2-2.c: 67: PORTB = 0x07;
   324  07C0  3007               	movlw	7
   325  07C1  2FC7               	goto	L10
   326  07C2                     l522:	
   327                           ;LE2-2.c: 69: case KEY_8:
   328                           
   329                           ;LE2-2.c: 68: break;
   330                           
   331                           
   332                           ;LE2-2.c: 70: PORTB = 0x08;
   333  07C2  3008               	movlw	8
   334  07C3  2FC7               	goto	L10
   335  07C4                     l524:	
   336                           ;LE2-2.c: 72: case KEY_9:
   337                           
   338                           ;LE2-2.c: 71: break;
   339                           
   340                           
   341                           ;LE2-2.c: 73: PORTB = 0x09;
   342  07C4  3009               	movlw	9
   343  07C5  2FC7               	goto	L10
   344  07C6                     l526:	
   345                           ;LE2-2.c: 75: case KEY_MULTIPLY:
   346                           
   347                           ;LE2-2.c: 74: break;
   348                           
   349  07C6                     l528:	
   350                           ;LE2-2.c: 78: case KEY_HASH:
   351                           
   352                           ;LE2-2.c: 77: break;
   353                           
   354                           ;LE2-2.c: 76: PORTB = 0x0F;
   355                           
   356                           
   357                           ;LE2-2.c: 79: PORTB = 0x0F;
   358  07C6  300F               	movlw	15
   359  07C7                     L10:	
   360  07C7  0086               	movwf	6	;volatile
   361                           
   362                           ;LE2-2.c: 83: }
   363                           
   364                           ;LE2-2.c: 82: break;
   365                           
   366                           ;LE2-2.c: 81: default:
   367                           
   368                           ;LE2-2.c: 80: break;
   369  07C8  2FF4               	goto	l534
   370  07C9                     l532:	
   371                           
   372                           ; Switch on 2 bytes has been partitioned into a top level switch of size 1, and 1 sub-sw
      +                          itches
   373                           ; Switch size 1, requested type "space"
   374                           ; Number of cases is 1, Range of values is 0 to 0
   375                           ; switch strategies available:
   376                           ; Name         Instructions Cycles
   377                           ; simple_byte            4     3 (average)
   378                           ; direct_byte           11     8 (fixed)
   379                           ; jumptable            260     6 (fixed)
   380                           ;	Chosen strategy is simple_byte
   381  07C9  0878               	movf	readKey@bits+1,w
   382  07CA  3A00               	xorlw	0	; case 0
   383  07CB  1903               	skipnz
   384  07CC  2FCE               	goto	l570
   385  07CD  2FF4               	goto	l534
   386  07CE                     l570:	
   387                           
   388                           ; Switch size 1, requested type "space"
   389                           ; Number of cases is 12, Range of values is 16 to 30
   390                           ; switch strategies available:
   391                           ; Name         Instructions Cycles
   392                           ; simple_byte           37    19 (average)
   393                           ; direct_byte           56    11 (fixed)
   394                           ; jumptable            263     9 (fixed)
   395                           ;	Chosen strategy is simple_byte
   396  07CE  0877               	movf	readKey@bits,w
   397  07CF  3A10               	xorlw	16	; case 16
   398  07D0  1903               	skipnz
   399  07D1  2FB4               	goto	l508
   400  07D2  3A01               	xorlw	1	; case 17
   401  07D3  1903               	skipnz
   402  07D4  2FB6               	goto	l510
   403  07D5  3A03               	xorlw	3	; case 18
   404  07D6  1903               	skipnz
   405  07D7  2FB8               	goto	l512
   406  07D8  3A06               	xorlw	6	; case 20
   407  07D9  1903               	skipnz
   408  07DA  2FBA               	goto	l514
   409  07DB  3A01               	xorlw	1	; case 21
   410  07DC  1903               	skipnz
   411  07DD  2FBC               	goto	l516
   412  07DE  3A03               	xorlw	3	; case 22
   413  07DF  1903               	skipnz
   414  07E0  2FBE               	goto	l518
   415  07E1  3A0E               	xorlw	14	; case 24
   416  07E2  1903               	skipnz
   417  07E3  2FC0               	goto	l520
   418  07E4  3A01               	xorlw	1	; case 25
   419  07E5  1903               	skipnz
   420  07E6  2FC2               	goto	l522
   421  07E7  3A03               	xorlw	3	; case 26
   422  07E8  1903               	skipnz
   423  07E9  2FC4               	goto	l524
   424  07EA  3A06               	xorlw	6	; case 28
   425  07EB  1903               	skipnz
   426  07EC  2FC6               	goto	l526
   427  07ED  3A01               	xorlw	1	; case 29
   428  07EE  1903               	skipnz
   429  07EF  2FB2               	goto	l506
   430  07F0  3A03               	xorlw	3	; case 30
   431  07F1  1903               	skipnz
   432  07F2  2FC6               	goto	l528
   433  07F3  2FF4               	goto	l534
   434  07F4                     l534:	
   435                           
   436                           ;LE2-2.c: 84: delay(100);
   437  07F4  3064               	movlw	100
   438  07F5  00F0               	movwf	delay@timeIn
   439  07F6  3000               	movlw	0
   440  07F7  00F1               	movwf	delay@timeIn+1
   441  07F8  120A  118A  2793   	fcall	_delay
   442  07FB  0008               	return
   443  07FC                     __end_of_readKey:	
   444                           
   445                           	psect	text2
   446  0793                     __ptext2:	
   447 ;; *************** function _delay *****************
   448 ;; Defined at:
   449 ;;		line 35 in file "C:\Users\notjo\OneDrive\Desktop\USC\USC-Year3-Sem2\3201-EmbeddedSystems\Labs\LE_02\LE2-2\LE2-2.c"
   450 ;; Parameters:    Size  Location     Type
   451 ;;  timeIn          2    0[COMMON] int 
   452 ;; Auto vars:     Size  Location     Type
   453 ;;  j               2    3[COMMON] int 
   454 ;; Return value:  Size  Location     Type
   455 ;;		None               void
   456 ;; Registers used:
   457 ;;		wreg, status,2
   458 ;; Tracked objects:
   459 ;;		On entry : 0/0
   460 ;;		On exit  : 0/0
   461 ;;		Unchanged: 0/0
   462 ;; Data sizes:     COMMON   BANK0   BANK1   BANK3   BANK2
   463 ;;      Params:         2       0       0       0       0
   464 ;;      Locals:         2       0       0       0       0
   465 ;;      Temps:          1       0       0       0       0
   466 ;;      Totals:         5       0       0       0       0
   467 ;;Total ram usage:        5 bytes
   468 ;; Hardware stack levels used:    1
   469 ;; This function calls:
   470 ;;		Nothing
   471 ;; This function is called by:
   472 ;;		_readKey
   473 ;; This function uses a non-reentrant model
   474 ;;
   475                           
   476                           
   477                           ;psect for function _delay
   478  0793                     _delay:	
   479                           
   480                           ;LE2-2.c: 37: for (int j = 0; j < timeIn; j++);
   481                           
   482                           ;incstack = 0
   483                           ; Regs used in _delay: [wreg+status,2]
   484  0793  01F3               	clrf	delay@j
   485  0794  01F4               	clrf	delay@j+1
   486  0795                     l15:	
   487  0795  0874               	movf	delay@j+1,w
   488  0796  3A80               	xorlw	128
   489  0797  00F2               	movwf	??_delay
   490  0798  0871               	movf	delay@timeIn+1,w
   491  0799  3A80               	xorlw	128
   492  079A  0272               	subwf	??_delay,w
   493  079B  1D03               	skipz
   494  079C  2F9F               	goto	u15
   495  079D  0870               	movf	delay@timeIn,w
   496  079E  0273               	subwf	delay@j,w
   497  079F                     u15:	
   498  079F  1803               	btfsc	3,0
   499  07A0  0008               	return
   500  07A1  3001               	movlw	1
   501  07A2  07F3               	addwf	delay@j,f
   502  07A3  1803               	skipnc
   503  07A4  0AF4               	incf	delay@j+1,f
   504  07A5  3000               	movlw	0
   505  07A6  07F4               	addwf	delay@j+1,f
   506  07A7  2F95               	goto	l15
   507  07A8                     __end_of_delay:	
   508  007E                     btemp	set	126	;btemp
   509  007E                     wtemp	set	126
   510  007E                     wtemp0	set	126
   511  0080                     wtemp1	set	128
   512  0082                     wtemp2	set	130
   513  0084                     wtemp3	set	132
   514  0086                     wtemp4	set	134
   515  0088                     wtemp5	set	136
   516  007F                     wtemp6	set	127
   517  007E                     ttemp	set	126
   518  007E                     ttemp0	set	126
   519  0081                     ttemp1	set	129
   520  0084                     ttemp2	set	132
   521  0087                     ttemp3	set	135
   522  007F                     ttemp4	set	127
   523  007E                     ltemp	set	126
   524  007E                     ltemp0	set	126
   525  0082                     ltemp1	set	130
   526  0086                     ltemp2	set	134
   527  0080                     ltemp3	set	128


Data Sizes:
    Strings     0
    Constant    0
    Data        0
    BSS         0
    Persistent  0
    Stack       0

Auto Spaces:
    Space          Size  Autos    Used
    COMMON           14      9       9
    BANK0            80      0       0
    BANK1            80      0       0
    BANK3            96      0       0
    BANK2            96      0       0

Pointer List with Targets:

    None.

Critical Paths under _main in COMMON

    _main->_readKey
    _readKey->_delay

Critical Paths under _main in BANK0

    None.

Critical Paths under _main in BANK1

    None.

Critical Paths under _main in BANK3

    None.

Critical Paths under _main in BANK2

    None.

Call Graph Tables:

 ---------------------------------------------------------------------------------
 (Depth) Function   	        Calls       Base Space   Used Autos Params    Refs
 ---------------------------------------------------------------------------------
 (0) _main                                                 0     0      0      88
                            _readKey
 ---------------------------------------------------------------------------------
 (1) _readKey                                              4     4      0      88
                                              5 COMMON     4     4      0
                              _delay
 ---------------------------------------------------------------------------------
 (2) _delay                                                5     3      2      73
                                              0 COMMON     5     3      2
 ---------------------------------------------------------------------------------
 Estimated maximum stack depth 2
 ---------------------------------------------------------------------------------

 Call Graph Graphs:

 _main (ROOT)
   _readKey
     _delay

 Address spaces:
Name               Size   Autos  Total    Cost      Usage
BITCOMMON            E      0       0       0        0.0%
EEDATA             100      0       0       0        0.0%
NULL                 0      0       0       0        0.0%
CODE                 0      0       0       0        0.0%
COMMON               E      9       9       1       64.3%
BITSFR0              0      0       0       1        0.0%
SFR0                 0      0       0       1        0.0%
BITSFR1              0      0       0       2        0.0%
SFR1                 0      0       0       2        0.0%
STACK                0      0       0       2        0.0%
ABS                  0      0       0       3        0.0%
BITBANK0            50      0       0       4        0.0%
BITSFR3              0      0       0       4        0.0%
SFR3                 0      0       0       4        0.0%
BANK0               50      0       0       5        0.0%
BITSFR2              0      0       0       5        0.0%
SFR2                 0      0       0       5        0.0%
BITBANK1            50      0       0       6        0.0%
BANK1               50      0       0       7        0.0%
BITBANK3            60      0       0       8        0.0%
BANK3               60      0       0       9        0.0%
BITBANK2            60      0       0      10        0.0%
BANK2               60      0       0      11        0.0%
DATA                 0      0       0      12        0.0%


Microchip Technology PIC Macro Assembler V1.33 build 59893 
Symbol Table                                                                                   Wed Feb 21 16:14:29 2024

            __CFG_CP$OFF 0000                       l15 0795                       u15 079F  
                    l510 07B6                      l520 07C0                      l512 07B8  
                    l522 07C2                      l514 07BA                      l506 07B2  
                    l524 07C4                      l516 07BC                      l508 07B4  
                    l532 07C9                      l526 07C6                      l518 07BE  
                    l534 07F4                      l528 07C6                      l570 07CE  
                    l546 0789                      _RD4 0044             __CFG_CPD$OFF 0000  
           __CFG_FOSC$XT 0000             __CFG_LVP$OFF 0000             __CFG_WRT$OFF 0000  
                   _main 0780                     btemp 007E            __CFG_BOREN$ON 0000  
                   ltemp 007E                     start 0000                     ttemp 007E  
                   wtemp 007E                    ?_main 0070            __CFG_WDTE$OFF 0000  
                  _PORTB 0006                    _PORTD 0008                    _TRISB 0086  
                  _TRISC 0087                    _TRISD 0088            __CFG_PWRTE$ON 0000  
                  _delay 0793          __end_of_readKey 07FC                    ltemp0 007E  
                  ltemp1 0082                    ltemp2 0086                    ltemp3 0080  
                  ttemp0 007E                    ttemp1 0081                    ttemp2 0084  
                  ttemp3 0087                    ttemp4 007F                    status 0003  
                  wtemp0 007E                    wtemp1 0080                    wtemp2 0082  
                  wtemp3 0084                    wtemp4 0086                    wtemp5 0088  
                  wtemp6 007F          __initialization 07FC             __end_of_main 0793  
                 ??_main 0079                   ?_delay 0070              readKey@bits 0077  
                 delay@j 0073                ??_readKey 0075  __end_of__initialization 07FC  
         __pcstackCOMMON 0070            __end_of_delay 07A8                  ??_delay 0072  
             __pmaintext 0780                  __ptext0 0000                  __ptext1 07A8  
                __ptext2 0793                  _readKey 07A8     end_of_initialization 07FC  
    start_initialization 07FC                ___latbits 0002                 ?_readKey 0070  
         __size_of_delay 0015         __size_of_readKey 0054            __size_of_main 0013  
            delay@timeIn 0070  
