

Microchip Technology PIC LITE Macro Assembler V1.33 build 59893 
                                                                                               Mon Apr 22 16:53:13 2024

Microchip Technology Omniscient Code Generator (Lite mode) build 59893
     1                           	processor	16F877A
     2                           	opt	pw 120
     3                           	opt	lm
     4                           	psect	text0,local,class=CODE,merge=1,delta=2
     5                           	psect	cinit,global,class=CODE,merge=1,delta=2
     6                           	psect	bssCOMMON,global,class=COMMON,space=1,delta=1
     7                           	psect	cstackCOMMON,global,class=COMMON,space=1,delta=1
     8                           	psect	maintext,global,class=CODE,split=1,delta=2
     9                           	psect	text1,local,class=CODE,merge=1,delta=2
    10                           	dabs	1,0x7E,2
    11  0000                     	;# 
    12  0001                     	;# 
    13  0002                     	;# 
    14  0003                     	;# 
    15  0004                     	;# 
    16  0005                     	;# 
    17  0006                     	;# 
    18  0007                     	;# 
    19  0008                     	;# 
    20  0009                     	;# 
    21  000A                     	;# 
    22  000B                     	;# 
    23  000C                     	;# 
    24  000D                     	;# 
    25  000E                     	;# 
    26  000E                     	;# 
    27  000F                     	;# 
    28  0010                     	;# 
    29  0011                     	;# 
    30  0012                     	;# 
    31  0013                     	;# 
    32  0014                     	;# 
    33  0015                     	;# 
    34  0015                     	;# 
    35  0016                     	;# 
    36  0017                     	;# 
    37  0018                     	;# 
    38  0019                     	;# 
    39  001A                     	;# 
    40  001B                     	;# 
    41  001B                     	;# 
    42  001C                     	;# 
    43  001D                     	;# 
    44  001E                     	;# 
    45  001F                     	;# 
    46  0081                     	;# 
    47  0085                     	;# 
    48  0086                     	;# 
    49  0087                     	;# 
    50  0088                     	;# 
    51  0089                     	;# 
    52  008C                     	;# 
    53  008D                     	;# 
    54  008E                     	;# 
    55  0091                     	;# 
    56  0092                     	;# 
    57  0093                     	;# 
    58  0094                     	;# 
    59  0098                     	;# 
    60  0099                     	;# 
    61  009C                     	;# 
    62  009D                     	;# 
    63  009E                     	;# 
    64  009F                     	;# 
    65  010C                     	;# 
    66  010D                     	;# 
    67  010E                     	;# 
    68  010F                     	;# 
    69  018C                     	;# 
    70  018D                     	;# 
    71  0006                     _PORTB	set	6
    72  0008                     _PORTD	set	8
    73  001A                     _RCREG	set	26
    74  00C4                     _CREN	set	196
    75  0065                     _RCIF	set	101
    76  00C6                     _RX9	set	198
    77  00C7                     _SPEN	set	199
    78  0099                     _SPBRG	set	153
    79  0086                     _TRISB	set	134
    80  0088                     _TRISD	set	136
    81  04C2                     _BRGH	set	1218
    82  04C4                     _SYNC	set	1220
    83                           
    84                           	psect	text0
    85  0000                     __ptext0:	
    86                           ; #config settings
    87                           
    88                           
    89                           ;psect for function _handShake
    90  0000                     
    91                           	psect	cinit
    92  07FA                     start_initialization:	
    93  07FA                     __initialization:	
    94                           
    95                           ; Clear objects allocated to COMMON
    96  07FA  01F0               	clrf	__pbssCOMMON& (0+127)
    97  07FB  01F1               	clrf	(__pbssCOMMON+1)& (0+127)
    98  07FC                     end_of_initialization:	
    99                           ;End of C runtime variable initialization code
   100                           
   101  07FC                     __end_of__initialization:	
   102  07FC  0183               	clrf	3
   103  07FD  120A  118A  2FD9   	ljmp	_main	;jump to C main() function
   104                           
   105                           	psect	bssCOMMON
   106  0070                     __pbssCOMMON:	
   107  0070                     _count_flag:	
   108  0070                     	ds	1
   109  0071                     _receivedData:	
   110  0071                     	ds	1
   111                           
   112                           	psect	cstackCOMMON
   113  0072                     __pcstackCOMMON:	
   114  0072                     ?_handShake:	
   115  0072                     ??_handShake:	
   116                           ; 0 bytes @ 0x0
   117                           
   118  0072                     ?_main:	
   119                           ; 0 bytes @ 0x0
   120                           
   121                           
   122                           ; 0 bytes @ 0x0
   123  0072                     	ds	1
   124  0073                     ??_main:	
   125                           
   126                           	psect	maintext
   127  07D9                     __pmaintext:	
   128                           ; 0 bytes @ 0x1
   129 ;;
   130 ;;Main: autosize = 0, tempsize = 0, incstack = 0, save=0
   131 ;;
   132 ;; *************** function _main *****************
   133 ;; Defined at:
   134 ;;		line 23 in file "C:\Users\notjo\OneDrive\Desktop\USC\USC-Year3-Sem2\3201-EmbeddedSystems\Labs\LE_06\LE6_RECEIVER\LE6
      +_Receiver.c"
   135 ;; Parameters:    Size  Location     Type
   136 ;;		None
   137 ;; Auto vars:     Size  Location     Type
   138 ;;		None
   139 ;; Return value:  Size  Location     Type
   140 ;;		None               void
   141 ;; Registers used:
   142 ;;		wreg, status,2, status,0, pclath, cstack
   143 ;; Tracked objects:
   144 ;;		On entry : 17F/0
   145 ;;		On exit  : 0/0
   146 ;;		Unchanged: 0/0
   147 ;; Data sizes:     COMMON   BANK0   BANK1   BANK3   BANK2
   148 ;;      Params:         0       0       0       0       0
   149 ;;      Locals:         0       0       0       0       0
   150 ;;      Temps:          0       0       0       0       0
   151 ;;      Totals:         0       0       0       0       0
   152 ;;Total ram usage:        0 bytes
   153 ;; Hardware stack levels required when called:    1
   154 ;; This function calls:
   155 ;;		_handShake
   156 ;; This function is called by:
   157 ;;		Startup code after reset
   158 ;; This function uses a non-reentrant model
   159 ;;
   160                           
   161                           
   162                           ;psect for function _main
   163  07D9                     _main:	
   164                           
   165                           ;LE6_Receiver.c: 28: SPBRG = 0x19;
   166                           
   167                           ;incstack = 0
   168                           ; Regs used in _main: [wreg+status,2+status,0+pclath+cstack]
   169  07D9  3019               	movlw	25
   170  07DA  1683               	bsf	3,5	;RP0=1, select bank1
   171  07DB  1303               	bcf	3,6	;RP1=0, select bank1
   172  07DC  0099               	movwf	25	;volatile
   173                           
   174                           ;LE6_Receiver.c: 29: SYNC = 0;
   175  07DD  1218               	bcf	24,4	;volatile
   176                           
   177                           ;LE6_Receiver.c: 30: SPEN = 1;
   178  07DE  1283               	bcf	3,5	;RP0=0, select bank0
   179  07DF  1303               	bcf	3,6	;RP1=0, select bank0
   180  07E0  1798               	bsf	24,7	;volatile
   181                           
   182                           ;LE6_Receiver.c: 31: BRGH = 1;
   183  07E1  1683               	bsf	3,5	;RP0=1, select bank1
   184  07E2  1303               	bcf	3,6	;RP1=0, select bank1
   185  07E3  1518               	bsf	24,2	;volatile
   186                           
   187                           ;LE6_Receiver.c: 32: CREN = 1;
   188  07E4  1283               	bcf	3,5	;RP0=0, select bank0
   189  07E5  1303               	bcf	3,6	;RP1=0, select bank0
   190  07E6  1618               	bsf	24,4	;volatile
   191                           
   192                           ;LE6_Receiver.c: 33: RX9 = 0;
   193  07E7  1318               	bcf	24,6	;volatile
   194                           
   195                           ;LE6_Receiver.c: 35: TRISB = 0x00;
   196  07E8  1683               	bsf	3,5	;RP0=1, select bank1
   197  07E9  1303               	bcf	3,6	;RP1=0, select bank1
   198  07EA  0186               	clrf	6	;volatile
   199                           
   200                           ;LE6_Receiver.c: 36: PORTB = 0x00;
   201  07EB  1283               	bcf	3,5	;RP0=0, select bank0
   202  07EC  1303               	bcf	3,6	;RP1=0, select bank0
   203  07ED  0186               	clrf	6	;volatile
   204                           
   205                           ;LE6_Receiver.c: 37: TRISD = 0x00;
   206  07EE  1683               	bsf	3,5	;RP0=1, select bank1
   207  07EF  1303               	bcf	3,6	;RP1=0, select bank1
   208  07F0  0188               	clrf	8	;volatile
   209                           
   210                           ;LE6_Receiver.c: 38: PORTD = 0x00;
   211  07F1  1283               	bcf	3,5	;RP0=0, select bank0
   212  07F2  1303               	bcf	3,6	;RP1=0, select bank0
   213  07F3  0188               	clrf	8	;volatile
   214  07F4                     l530:	
   215                           ;LE6_Receiver.c: 40: for(;;)
   216                           
   217                           
   218                           ;LE6_Receiver.c: 41: {
   219                           ;LE6_Receiver.c: 43: handShake();
   220  07F4  120A  118A  27C8  120A  118A  	fcall	_handShake
   221                           
   222                           ;LE6_Receiver.c: 44: }
   223  07F9  2FF4               	goto	l530
   224  07FA                     __end_of_main:	
   225                           
   226                           	psect	text1
   227  07C8                     __ptext1:	
   228 ;; *************** function _handShake *****************
   229 ;; Defined at:
   230 ;;		line 48 in file "C:\Users\notjo\OneDrive\Desktop\USC\USC-Year3-Sem2\3201-EmbeddedSystems\Labs\LE_06\LE6_RECEIVER\LE6
      +_Receiver.c"
   231 ;; Parameters:    Size  Location     Type
   232 ;;		None
   233 ;; Auto vars:     Size  Location     Type
   234 ;;		None
   235 ;; Return value:  Size  Location     Type
   236 ;;		None               void
   237 ;; Registers used:
   238 ;;		wreg, status,2
   239 ;; Tracked objects:
   240 ;;		On entry : 0/0
   241 ;;		On exit  : 0/0
   242 ;;		Unchanged: 0/0
   243 ;; Data sizes:     COMMON   BANK0   BANK1   BANK3   BANK2
   244 ;;      Params:         0       0       0       0       0
   245 ;;      Locals:         0       0       0       0       0
   246 ;;      Temps:          1       0       0       0       0
   247 ;;      Totals:         1       0       0       0       0
   248 ;;Total ram usage:        1 bytes
   249 ;; Hardware stack levels used:    1
   250 ;; This function calls:
   251 ;;		Nothing
   252 ;; This function is called by:
   253 ;;		_main
   254 ;; This function uses a non-reentrant model
   255 ;;
   256                           
   257                           
   258                           ;psect for function _handShake
   259  07C8                     _handShake:	
   260  07C8                     l38:	
   261                           ;LE6_Receiver.c: 50: while(!RCIF);
   262                           
   263                           ;incstack = 0
   264                           ; Regs used in _handShake: [wreg+status,2]
   265                           
   266  07C8  1283               	bcf	3,5	;RP0=0, select bank0
   267  07C9  1303               	bcf	3,6	;RP1=0, select bank0
   268  07CA  1E8C               	btfss	12,5	;volatile
   269  07CB  2FC8               	goto	l38
   270                           
   271                           ;LE6_Receiver.c: 51: receivedData = RCREG;
   272  07CC  081A               	movf	26,w	;volatile
   273  07CD  00F2               	movwf	??_handShake
   274  07CE  0872               	movf	??_handShake,w
   275  07CF  00F1               	movwf	_receivedData
   276                           
   277                           ;LE6_Receiver.c: 52: if(receivedData == 0xFF)
   278  07D0  0871               	movf	_receivedData,w
   279  07D1  3AFF               	xorlw	255
   280  07D2  1D03               	skipz
   281  07D3  2FD6               	goto	l506
   282                           
   283                           ;LE6_Receiver.c: 53: PORTB = 0x00;
   284  07D4  0186               	clrf	6	;volatile
   285  07D5  0008               	return
   286  07D6                     l506:	
   287                           
   288                           ;LE6_Receiver.c: 54: else
   289                           ;LE6_Receiver.c: 55: PORTB = receivedData;
   290  07D6  0871               	movf	_receivedData,w
   291  07D7  0086               	movwf	6	;volatile
   292  07D8  0008               	return
   293  07D9                     __end_of_handShake:	
   294                           ;LE6_Receiver.c: 56: return;
   295                           
   296  007E                     btemp	set	126	;btemp
   297  007E                     wtemp	set	126
   298  007E                     wtemp0	set	126
   299  0080                     wtemp1	set	128
   300  0082                     wtemp2	set	130
   301  0084                     wtemp3	set	132
   302  0086                     wtemp4	set	134
   303  0088                     wtemp5	set	136
   304  007F                     wtemp6	set	127
   305  007E                     ttemp	set	126
   306  007E                     ttemp0	set	126
   307  0081                     ttemp1	set	129
   308  0084                     ttemp2	set	132
   309  0087                     ttemp3	set	135
   310  007F                     ttemp4	set	127
   311  007E                     ltemp	set	126
   312  007E                     ltemp0	set	126
   313  0082                     ltemp1	set	130
   314  0086                     ltemp2	set	134
   315  0080                     ltemp3	set	128


Data Sizes:
    Strings     0
    Constant    0
    Data        0
    BSS         2
    Persistent  0
    Stack       0

Auto Spaces:
    Space          Size  Autos    Used
    COMMON           14      1       3
    BANK0            80      0       0
    BANK1            80      0       0
    BANK3            96      0       0
    BANK2            96      0       0

Pointer List with Targets:

    None.

Critical Paths under _main in COMMON

    _main->_handShake

Critical Paths under _main in BANK0

    None.

Critical Paths under _main in BANK1

    None.

Critical Paths under _main in BANK3

    None.

Critical Paths under _main in BANK2

    None.

Call Graph Tables:

 ---------------------------------------------------------------------------------
 (Depth) Function   	        Calls       Base Space   Used Autos Params    Refs
 ---------------------------------------------------------------------------------
 (0) _main                                                 0     0      0       0
                          _handShake
 ---------------------------------------------------------------------------------
 (1) _handShake                                            1     1      0       0
                                              0 COMMON     1     1      0
 ---------------------------------------------------------------------------------
 Estimated maximum stack depth 1
 ---------------------------------------------------------------------------------

 Call Graph Graphs:

 _main (ROOT)
   _handShake

 Address spaces:
Name               Size   Autos  Total    Cost      Usage
BITCOMMON            E      0       0       0        0.0%
EEDATA             100      0       0       0        0.0%
NULL                 0      0       0       0        0.0%
CODE                 0      0       0       0        0.0%
COMMON               E      1       3       1       21.4%
BITSFR0              0      0       0       1        0.0%
SFR0                 0      0       0       1        0.0%
BITSFR1              0      0       0       2        0.0%
SFR1                 0      0       0       2        0.0%
STACK                0      0       0       2        0.0%
ABS                  0      0       3       3        0.0%
BITBANK0            50      0       0       4        0.0%
BITSFR3              0      0       0       4        0.0%
SFR3                 0      0       0       4        0.0%
BANK0               50      0       0       5        0.0%
BITSFR2              0      0       0       5        0.0%
SFR2                 0      0       0       5        0.0%
BITBANK1            50      0       0       6        0.0%
BANK1               50      0       0       7        0.0%
BITBANK3            60      0       0       8        0.0%
BANK3               60      0       0       9        0.0%
BITBANK2            60      0       0      10        0.0%
BANK2               60      0       0      11        0.0%
DATA                 0      0       3      12        0.0%


Microchip Technology PIC Macro Assembler V1.33 build 59893 
Symbol Table                                                                                   Mon Apr 22 16:53:13 2024

            __CFG_CP$OFF 0000                       l38 07C8                      l506 07D6  
                    l530 07F4             __CFG_CPD$OFF 0000                      _RX9 00C6  
           __CFG_FOSC$XT 0000             __CFG_LVP$OFF 0000                     _BRGH 04C2  
                   _CREN 00C4                     _RCIF 0065                     _SPEN 00C7  
                   _SYNC 04C4             __CFG_WRT$OFF 0000                     _main 07D9  
                   btemp 007E            __CFG_BOREN$ON 0000                     ltemp 007E  
                   start 0000                     ttemp 007E                     wtemp 007E  
                  ?_main 0072            __CFG_WDTE$OFF 0000                    _RCREG 001A  
                  _SPBRG 0099                    _PORTB 0006                    _PORTD 0008  
                  _TRISB 0086                    _TRISD 0088            __CFG_PWRTE$ON 0000  
                  ltemp0 007E                    ltemp1 0082                    ltemp2 0086  
                  ltemp3 0080                    ttemp0 007E                    ttemp1 0081  
                  ttemp2 0084                    ttemp3 0087                    ttemp4 007F  
                  status 0003                    wtemp0 007E                    wtemp1 0080  
                  wtemp2 0082                    wtemp3 0084                    wtemp4 0086  
                  wtemp5 0088                    wtemp6 007F          __initialization 07FA  
           __end_of_main 07FA                   ??_main 0073  __end_of__initialization 07FC  
         __pcstackCOMMON 0072       __size_of_handShake 0011               __pmaintext 07D9  
      __end_of_handShake 07D9               _count_flag 0070                  __ptext0 0000  
                __ptext1 07C8     end_of_initialization 07FC      start_initialization 07FA  
            __pbssCOMMON 0070                ___latbits 0002                _handShake 07C8  
           _receivedData 0071               ?_handShake 0072            __size_of_main 0021  
            ??_handShake 0072  
