

Microchip Technology PIC LITE Macro Assembler V1.33 build 59893 
                                                                                               Fri Apr 26 21:30:28 2024

Microchip Technology Omniscient Code Generator (Lite mode) build 59893
     1                           	processor	16F877A
     2                           	opt	pw 120
     3                           	opt	lm
     4                           	psect	text0,local,class=CODE,merge=1,delta=2
     5                           	psect	cinit,global,class=CODE,merge=1,delta=2
     6                           	psect	cstackCOMMON,global,class=COMMON,space=1,delta=1
     7                           	psect	maintext,global,class=CODE,split=1,delta=2
     8                           	psect	text1,local,class=CODE,merge=1,delta=2
     9                           	psect	text2,local,class=CODE,merge=1,delta=2
    10                           	psect	text3,local,class=CODE,merge=1,delta=2
    11                           	psect	text4,local,class=CODE,merge=1,delta=2
    12                           	psect	text5,local,class=CODE,merge=1,delta=2
    13                           	dabs	1,0x7E,2
    14  0000                     	;# 
    15  0001                     	;# 
    16  0002                     	;# 
    17  0003                     	;# 
    18  0004                     	;# 
    19  0005                     	;# 
    20  0006                     	;# 
    21  0007                     	;# 
    22  0008                     	;# 
    23  0009                     	;# 
    24  000A                     	;# 
    25  000B                     	;# 
    26  000C                     	;# 
    27  000D                     	;# 
    28  000E                     	;# 
    29  000E                     	;# 
    30  000F                     	;# 
    31  0010                     	;# 
    32  0011                     	;# 
    33  0012                     	;# 
    34  0013                     	;# 
    35  0014                     	;# 
    36  0015                     	;# 
    37  0015                     	;# 
    38  0016                     	;# 
    39  0017                     	;# 
    40  0018                     	;# 
    41  0019                     	;# 
    42  001A                     	;# 
    43  001B                     	;# 
    44  001B                     	;# 
    45  001C                     	;# 
    46  001D                     	;# 
    47  001E                     	;# 
    48  001F                     	;# 
    49  0081                     	;# 
    50  0085                     	;# 
    51  0086                     	;# 
    52  0087                     	;# 
    53  0088                     	;# 
    54  0089                     	;# 
    55  008C                     	;# 
    56  008D                     	;# 
    57  008E                     	;# 
    58  0091                     	;# 
    59  0092                     	;# 
    60  0093                     	;# 
    61  0094                     	;# 
    62  0098                     	;# 
    63  0099                     	;# 
    64  009C                     	;# 
    65  009D                     	;# 
    66  009E                     	;# 
    67  009F                     	;# 
    68  010C                     	;# 
    69  010D                     	;# 
    70  010E                     	;# 
    71  010F                     	;# 
    72  018C                     	;# 
    73  018D                     	;# 
    74  0008                     _PORTD	set	8
    75  0013                     _SSPBUF	set	19
    76  0014                     _SSPCON	set	20
    77  0093                     _SSPADD	set	147
    78  0091                     _SSPCON2	set	145
    79  0094                     _SSPSTAT	set	148
    80  0088                     _TRISD	set	136
    81  048D                     _ACKDT	set	1165
    82  048C                     _ACKEN	set	1164
    83  048A                     _PEN	set	1162
    84  048B                     _RCEN	set	1163
    85  0489                     _RSEN	set	1161
    86  0488                     _SEN	set	1160
    87  043B                     _TRISC3	set	1083
    88  043C                     _TRISC4	set	1084
    89                           
    90                           	psect	text0
    91  0000                     __ptext0:	
    92                           ; #config settings
    93                           
    94                           
    95                           ;psect for function _I2C_Wait
    96  0000                     
    97                           	psect	cinit
    98  07FC                     start_initialization:	
    99  07FC                     __initialization:	
   100  07FC                     end_of_initialization:	
   101                           ;End of C runtime variable initialization code
   102                           
   103  07FC                     __end_of__initialization:	
   104  07FC  0183               	clrf	3
   105  07FD  120A  118A  2FCD   	ljmp	_main	;jump to C main() function
   106                           
   107                           	psect	cstackCOMMON
   108  0070                     __pcstackCOMMON:	
   109  0070                     ?_init_I2C_Master:	
   110  0070                     ??_init_I2C_Master:	
   111                           ; 0 bytes @ 0x0
   112                           
   113  0070                     ?_I2C_Start:	
   114                           ; 0 bytes @ 0x0
   115                           
   116  0070                     ??_I2C_Start:	
   117                           ; 0 bytes @ 0x0
   118                           
   119  0070                     ?_I2C_Send:	
   120                           ; 0 bytes @ 0x0
   121                           
   122  0070                     ??_I2C_Send:	
   123                           ; 0 bytes @ 0x0
   124                           
   125  0070                     ?_I2C_Stop:	
   126                           ; 0 bytes @ 0x0
   127                           
   128  0070                     ??_I2C_Stop:	
   129                           ; 0 bytes @ 0x0
   130                           
   131  0070                     ?_main:	
   132                           ; 0 bytes @ 0x0
   133                           
   134  0070                     ?_I2C_Wait:	
   135                           ; 0 bytes @ 0x0
   136                           
   137  0070                     ??_I2C_Wait:	
   138                           ; 0 bytes @ 0x0
   139                           
   140  0070                     I2C_Send@data:	
   141                           ; 0 bytes @ 0x0
   142                           
   143                           
   144                           ; 1 bytes @ 0x0
   145  0070                     	ds	1
   146  0071                     ??_main:	
   147                           
   148                           ; 0 bytes @ 0x1
   149  0071                     	ds	3
   150                           
   151                           	psect	maintext
   152  07CD                     __pmaintext:	
   153 ;;
   154 ;;Main: autosize = 0, tempsize = 3, incstack = 0, save=0
   155 ;;
   156 ;; *************** function _main *****************
   157 ;; Defined at:
   158 ;;		line 85 in file "C:\Users\notjo\OneDrive\Desktop\USC\USC-Year3-Sem2\3201-EmbeddedSystems\Labs\LE_07\LE7-1\LE7-1.c"
   159 ;; Parameters:    Size  Location     Type
   160 ;;		None
   161 ;; Auto vars:     Size  Location     Type
   162 ;;		None
   163 ;; Return value:  Size  Location     Type
   164 ;;		None               void
   165 ;; Registers used:
   166 ;;		wreg, status,2, status,0, pclath, cstack
   167 ;; Tracked objects:
   168 ;;		On entry : 17F/0
   169 ;;		On exit  : 0/0
   170 ;;		Unchanged: 0/0
   171 ;; Data sizes:     COMMON   BANK0   BANK1   BANK3   BANK2
   172 ;;      Params:         0       0       0       0       0
   173 ;;      Locals:         0       0       0       0       0
   174 ;;      Temps:          3       0       0       0       0
   175 ;;      Totals:         3       0       0       0       0
   176 ;;Total ram usage:        3 bytes
   177 ;; Hardware stack levels required when called:    2
   178 ;; This function calls:
   179 ;;		_I2C_Send
   180 ;;		_I2C_Start
   181 ;;		_I2C_Stop
   182 ;;		_init_I2C_Master
   183 ;; This function is called by:
   184 ;;		Startup code after reset
   185 ;; This function uses a non-reentrant model
   186 ;;
   187                           
   188                           
   189                           ;psect for function _main
   190  07CD                     _main:	
   191                           
   192                           ;LE7-1.c: 87: TRISD = 0xFF;
   193                           
   194                           ;incstack = 0
   195                           ; Regs used in _main: [wreg+status,2+status,0+pclath+cstack]
   196  07CD  30FF               	movlw	255
   197  07CE  1683               	bsf	3,5	;RP0=1, select bank1
   198  07CF  1303               	bcf	3,6	;RP1=0, select bank1
   199  07D0  0088               	movwf	8	;volatile
   200                           
   201                           ;LE7-1.c: 88: init_I2C_Master();
   202  07D1  120A  118A  27BE  120A  118A  	fcall	_init_I2C_Master
   203  07D6                     l556:	
   204                           ;LE7-1.c: 89: for(;;)
   205                           
   206                           
   207                           ;LE7-1.c: 90: {
   208                           ;LE7-1.c: 91: I2C_Start();
   209  07D6  120A  118A  279F  120A  118A  	fcall	_I2C_Start
   210                           
   211                           ;LE7-1.c: 92: I2C_Send(0x10);
   212  07DB  3010               	movlw	16
   213  07DC  120A  118A  27B5  120A  118A  	fcall	_I2C_Send
   214                           
   215                           ;LE7-1.c: 93: I2C_Send(PORTD);
   216  07E1  1283               	bcf	3,5	;RP0=0, select bank0
   217  07E2  1303               	bcf	3,6	;RP1=0, select bank0
   218  07E3  0808               	movf	8,w	;volatile
   219  07E4  120A  118A  27B5  120A  118A  	fcall	_I2C_Send
   220                           
   221                           ;LE7-1.c: 94: I2C_Stop();
   222  07E9  120A  118A  27A6  120A  118A  	fcall	_I2C_Stop
   223                           
   224                           ;LE7-1.c: 95: _delay((unsigned long)((200)*(4000000/4000.0)));
   225  07EE  3002               	movlw	2
   226  07EF  00F3               	movwf	??_main+2
   227  07F0  3004               	movlw	4
   228  07F1  00F2               	movwf	??_main+1
   229  07F2  30BA               	movlw	186
   230  07F3  00F1               	movwf	??_main
   231  07F4                     u57:	
   232  07F4  0BF1               	decfsz	??_main,f
   233  07F5  2FF4               	goto	u57
   234  07F6  0BF2               	decfsz	??_main+1,f
   235  07F7  2FF4               	goto	u57
   236  07F8  0BF3               	decfsz	??_main+2,f
   237  07F9  2FF4               	goto	u57
   238  07FA  0000               	nop
   239                           
   240                           ;LE7-1.c: 96: }
   241  07FB  2FD6               	goto	l556
   242  07FC                     __end_of_main:	
   243                           
   244                           	psect	text1
   245  07BE                     __ptext1:	
   246 ;; *************** function _init_I2C_Master *****************
   247 ;; Defined at:
   248 ;;		line 108 in file "C:\Users\notjo\OneDrive\Desktop\USC\USC-Year3-Sem2\3201-EmbeddedSystems\Labs\LE_07\LE7-1\LE7-1.c"
   249 ;; Parameters:    Size  Location     Type
   250 ;;		None
   251 ;; Auto vars:     Size  Location     Type
   252 ;;		None
   253 ;; Return value:  Size  Location     Type
   254 ;;		None               void
   255 ;; Registers used:
   256 ;;		wreg, status,2
   257 ;; Tracked objects:
   258 ;;		On entry : 0/0
   259 ;;		On exit  : 0/0
   260 ;;		Unchanged: 0/0
   261 ;; Data sizes:     COMMON   BANK0   BANK1   BANK3   BANK2
   262 ;;      Params:         0       0       0       0       0
   263 ;;      Locals:         0       0       0       0       0
   264 ;;      Temps:          0       0       0       0       0
   265 ;;      Totals:         0       0       0       0       0
   266 ;;Total ram usage:        0 bytes
   267 ;; Hardware stack levels used:    1
   268 ;; This function calls:
   269 ;;		Nothing
   270 ;; This function is called by:
   271 ;;		_main
   272 ;; This function uses a non-reentrant model
   273 ;;
   274                           
   275                           
   276                           ;psect for function _init_I2C_Master
   277  07BE                     _init_I2C_Master:	
   278                           
   279                           ;LE7-1.c: 110: TRISC3 = 1;
   280                           
   281                           ;incstack = 0
   282                           ; Regs used in _init_I2C_Master: [wreg+status,2]
   283  07BE  1683               	bsf	3,5	;RP0=1, select bank1
   284  07BF  1303               	bcf	3,6	;RP1=0, select bank1
   285  07C0  1587               	bsf	7,3	;volatile
   286                           
   287                           ;LE7-1.c: 111: TRISC4 = 1;
   288  07C1  1607               	bsf	7,4	;volatile
   289                           
   290                           ;LE7-1.c: 112: SSPCON = 0x28;
   291  07C2  3028               	movlw	40
   292  07C3  1283               	bcf	3,5	;RP0=0, select bank0
   293  07C4  1303               	bcf	3,6	;RP1=0, select bank0
   294  07C5  0094               	movwf	20	;volatile
   295                           
   296                           ;LE7-1.c: 113: SSPCON2 = 0x00;
   297  07C6  1683               	bsf	3,5	;RP0=1, select bank1
   298  07C7  1303               	bcf	3,6	;RP1=0, select bank1
   299  07C8  0191               	clrf	17	;volatile
   300                           
   301                           ;LE7-1.c: 115: SSPSTAT = 0x00;
   302  07C9  0194               	clrf	20	;volatile
   303                           
   304                           ;LE7-1.c: 116: SSPADD = 0x09;
   305  07CA  3009               	movlw	9
   306  07CB  0093               	movwf	19	;volatile
   307  07CC  0008               	return
   308  07CD                     __end_of_init_I2C_Master:	
   309                           
   310                           	psect	text2
   311  07A6                     __ptext2:	
   312 ;; *************** function _I2C_Stop *****************
   313 ;; Defined at:
   314 ;;		line 132 in file "C:\Users\notjo\OneDrive\Desktop\USC\USC-Year3-Sem2\3201-EmbeddedSystems\Labs\LE_07\LE7-1\LE7-1.c"
   315 ;; Parameters:    Size  Location     Type
   316 ;;		None
   317 ;; Auto vars:     Size  Location     Type
   318 ;;		None
   319 ;; Return value:  Size  Location     Type
   320 ;;		None               void
   321 ;; Registers used:
   322 ;;		wreg, status,2, status,0, pclath, cstack
   323 ;; Tracked objects:
   324 ;;		On entry : 0/0
   325 ;;		On exit  : 0/0
   326 ;;		Unchanged: 0/0
   327 ;; Data sizes:     COMMON   BANK0   BANK1   BANK3   BANK2
   328 ;;      Params:         0       0       0       0       0
   329 ;;      Locals:         0       0       0       0       0
   330 ;;      Temps:          0       0       0       0       0
   331 ;;      Totals:         0       0       0       0       0
   332 ;;Total ram usage:        0 bytes
   333 ;; Hardware stack levels used:    1
   334 ;; Hardware stack levels required when called:    1
   335 ;; This function calls:
   336 ;;		_I2C_Wait
   337 ;; This function is called by:
   338 ;;		_main
   339 ;; This function uses a non-reentrant model
   340 ;;
   341                           
   342                           
   343                           ;psect for function _I2C_Stop
   344  07A6                     _I2C_Stop:	
   345                           
   346                           ;LE7-1.c: 135: I2C_Wait();
   347                           
   348                           ;incstack = 0
   349                           ; Regs used in _I2C_Stop: [wreg+status,2+status,0+pclath+cstack]
   350  07A6  120A  118A  27AD   	fcall	_I2C_Wait
   351                           
   352                           ;LE7-1.c: 137: PEN = 1;
   353  07A9  1683               	bsf	3,5	;RP0=1, select bank1
   354  07AA  1303               	bcf	3,6	;RP1=0, select bank1
   355  07AB  1511               	bsf	17,2	;volatile
   356  07AC  0008               	return
   357  07AD                     __end_of_I2C_Stop:	
   358                           
   359                           	psect	text3
   360  079F                     __ptext3:	
   361 ;; *************** function _I2C_Start *****************
   362 ;; Defined at:
   363 ;;		line 125 in file "C:\Users\notjo\OneDrive\Desktop\USC\USC-Year3-Sem2\3201-EmbeddedSystems\Labs\LE_07\LE7-1\LE7-1.c"
   364 ;; Parameters:    Size  Location     Type
   365 ;;		None
   366 ;; Auto vars:     Size  Location     Type
   367 ;;		None
   368 ;; Return value:  Size  Location     Type
   369 ;;		None               void
   370 ;; Registers used:
   371 ;;		wreg, status,2, status,0, pclath, cstack
   372 ;; Tracked objects:
   373 ;;		On entry : 0/0
   374 ;;		On exit  : 0/0
   375 ;;		Unchanged: 0/0
   376 ;; Data sizes:     COMMON   BANK0   BANK1   BANK3   BANK2
   377 ;;      Params:         0       0       0       0       0
   378 ;;      Locals:         0       0       0       0       0
   379 ;;      Temps:          0       0       0       0       0
   380 ;;      Totals:         0       0       0       0       0
   381 ;;Total ram usage:        0 bytes
   382 ;; Hardware stack levels used:    1
   383 ;; Hardware stack levels required when called:    1
   384 ;; This function calls:
   385 ;;		_I2C_Wait
   386 ;; This function is called by:
   387 ;;		_main
   388 ;; This function uses a non-reentrant model
   389 ;;
   390                           
   391                           
   392                           ;psect for function _I2C_Start
   393  079F                     _I2C_Start:	
   394                           
   395                           ;LE7-1.c: 128: I2C_Wait();
   396                           
   397                           ;incstack = 0
   398                           ; Regs used in _I2C_Start: [wreg+status,2+status,0+pclath+cstack]
   399  079F  120A  118A  27AD   	fcall	_I2C_Wait
   400                           
   401                           ;LE7-1.c: 130: SEN = 1;
   402  07A2  1683               	bsf	3,5	;RP0=1, select bank1
   403  07A3  1303               	bcf	3,6	;RP1=0, select bank1
   404  07A4  1411               	bsf	17,0	;volatile
   405  07A5  0008               	return
   406  07A6                     __end_of_I2C_Start:	
   407                           
   408                           	psect	text4
   409  07B5                     __ptext4:	
   410 ;; *************** function _I2C_Send *****************
   411 ;; Defined at:
   412 ;;		line 149 in file "C:\Users\notjo\OneDrive\Desktop\USC\USC-Year3-Sem2\3201-EmbeddedSystems\Labs\LE_07\LE7-1\LE7-1.c"
   413 ;; Parameters:    Size  Location     Type
   414 ;;  data            1    wreg     unsigned char 
   415 ;; Auto vars:     Size  Location     Type
   416 ;;  data            1    0[COMMON] unsigned char 
   417 ;; Return value:  Size  Location     Type
   418 ;;		None               void
   419 ;; Registers used:
   420 ;;		wreg, status,2, status,0, pclath, cstack
   421 ;; Tracked objects:
   422 ;;		On entry : 0/0
   423 ;;		On exit  : 0/0
   424 ;;		Unchanged: 0/0
   425 ;; Data sizes:     COMMON   BANK0   BANK1   BANK3   BANK2
   426 ;;      Params:         0       0       0       0       0
   427 ;;      Locals:         1       0       0       0       0
   428 ;;      Temps:          0       0       0       0       0
   429 ;;      Totals:         1       0       0       0       0
   430 ;;Total ram usage:        1 bytes
   431 ;; Hardware stack levels used:    1
   432 ;; Hardware stack levels required when called:    1
   433 ;; This function calls:
   434 ;;		_I2C_Wait
   435 ;; This function is called by:
   436 ;;		_main
   437 ;; This function uses a non-reentrant model
   438 ;;
   439                           
   440                           
   441                           ;psect for function _I2C_Send
   442  07B5                     _I2C_Send:	
   443                           
   444                           ;incstack = 0
   445                           ; Regs used in _I2C_Send: [wreg+status,2+status,0+pclath+cstack]
   446                           ;I2C_Send@data stored from wreg
   447  07B5  00F0               	movwf	I2C_Send@data
   448                           
   449                           ;LE7-1.c: 152: I2C_Wait();
   450  07B6  120A  118A  27AD   	fcall	_I2C_Wait
   451                           
   452                           ;LE7-1.c: 154: SSPBUF = data;
   453  07B9  0870               	movf	I2C_Send@data,w
   454  07BA  1283               	bcf	3,5	;RP0=0, select bank0
   455  07BB  1303               	bcf	3,6	;RP1=0, select bank0
   456  07BC  0093               	movwf	19	;volatile
   457  07BD  0008               	return
   458  07BE                     __end_of_I2C_Send:	
   459                           
   460                           	psect	text5
   461  07AD                     __ptext5:	
   462 ;; *************** function _I2C_Wait *****************
   463 ;; Defined at:
   464 ;;		line 119 in file "C:\Users\notjo\OneDrive\Desktop\USC\USC-Year3-Sem2\3201-EmbeddedSystems\Labs\LE_07\LE7-1\LE7-1.c"
   465 ;; Parameters:    Size  Location     Type
   466 ;;		None
   467 ;; Auto vars:     Size  Location     Type
   468 ;;		None
   469 ;; Return value:  Size  Location     Type
   470 ;;		None               void
   471 ;; Registers used:
   472 ;;		wreg, status,2
   473 ;; Tracked objects:
   474 ;;		On entry : 0/0
   475 ;;		On exit  : 0/0
   476 ;;		Unchanged: 0/0
   477 ;; Data sizes:     COMMON   BANK0   BANK1   BANK3   BANK2
   478 ;;      Params:         0       0       0       0       0
   479 ;;      Locals:         0       0       0       0       0
   480 ;;      Temps:          0       0       0       0       0
   481 ;;      Totals:         0       0       0       0       0
   482 ;;Total ram usage:        0 bytes
   483 ;; Hardware stack levels used:    1
   484 ;; This function calls:
   485 ;;		Nothing
   486 ;; This function is called by:
   487 ;;		_I2C_Start
   488 ;;		_I2C_Stop
   489 ;;		_I2C_Send
   490 ;;		_I2C_RepeatedStart
   491 ;;		_I2C_Receive
   492 ;; This function uses a non-reentrant model
   493 ;;
   494                           
   495                           
   496                           ;psect for function _I2C_Wait
   497  07AD                     _I2C_Wait:	
   498  07AD                     l528:	
   499                           ;LE7-1.c: 122: while((SSPCON2 & 0x1F) || (SSPSTAT & 0x04));
   500                           
   501                           ;incstack = 0
   502                           ; Regs used in _I2C_Wait: [wreg+status,2]
   503                           
   504  07AD  1683               	bsf	3,5	;RP0=1, select bank1
   505  07AE  1303               	bcf	3,6	;RP1=0, select bank1
   506  07AF  0811               	movf	17,w	;volatile
   507  07B0  391F               	andlw	31
   508  07B1  1903               	btfsc	3,2
   509  07B2  1914               	btfsc	20,2	;volatile
   510  07B3  2FAD               	goto	l528
   511  07B4  0008               	return
   512  07B5                     __end_of_I2C_Wait:	
   513  007E                     btemp	set	126	;btemp
   514  007E                     wtemp	set	126
   515  007E                     wtemp0	set	126
   516  0080                     wtemp1	set	128
   517  0082                     wtemp2	set	130
   518  0084                     wtemp3	set	132
   519  0086                     wtemp4	set	134
   520  0088                     wtemp5	set	136
   521  007F                     wtemp6	set	127
   522  007E                     ttemp	set	126
   523  007E                     ttemp0	set	126
   524  0081                     ttemp1	set	129
   525  0084                     ttemp2	set	132
   526  0087                     ttemp3	set	135
   527  007F                     ttemp4	set	127
   528  007E                     ltemp	set	126
   529  007E                     ltemp0	set	126
   530  0082                     ltemp1	set	130
   531  0086                     ltemp2	set	134
   532  0080                     ltemp3	set	128


Data Sizes:
    Strings     0
    Constant    0
    Data        0
    BSS         0
    Persistent  0
    Stack       0

Auto Spaces:
    Space          Size  Autos    Used
    COMMON           14      4       4
    BANK0            80      0       0
    BANK1            80      0       0
    BANK3            96      0       0
    BANK2            96      0       0

Pointer List with Targets:

    None.

Critical Paths under _main in COMMON

    _main->_I2C_Send

Critical Paths under _main in BANK0

    None.

Critical Paths under _main in BANK1

    None.

Critical Paths under _main in BANK3

    None.

Critical Paths under _main in BANK2

    None.

Call Graph Tables:

 ---------------------------------------------------------------------------------
 (Depth) Function   	        Calls       Base Space   Used Autos Params    Refs
 ---------------------------------------------------------------------------------
 (0) _main                                                 3     3      0      15
                                              1 COMMON     3     3      0
                           _I2C_Send
                          _I2C_Start
                           _I2C_Stop
                    _init_I2C_Master
 ---------------------------------------------------------------------------------
 (1) _init_I2C_Master                                      0     0      0       0
 ---------------------------------------------------------------------------------
 (1) _I2C_Stop                                             0     0      0       0
                           _I2C_Wait
 ---------------------------------------------------------------------------------
 (1) _I2C_Start                                            0     0      0       0
                           _I2C_Wait
 ---------------------------------------------------------------------------------
 (1) _I2C_Send                                             1     1      0      15
                                              0 COMMON     1     1      0
                           _I2C_Wait
 ---------------------------------------------------------------------------------
 (2) _I2C_Wait                                             0     0      0       0
 ---------------------------------------------------------------------------------
 Estimated maximum stack depth 2
 ---------------------------------------------------------------------------------

 Call Graph Graphs:

 _main (ROOT)
   _I2C_Send
     _I2C_Wait
   _I2C_Start
     _I2C_Wait
   _I2C_Stop
     _I2C_Wait
   _init_I2C_Master

 Address spaces:
Name               Size   Autos  Total    Cost      Usage
BITCOMMON            E      0       0       0        0.0%
EEDATA             100      0       0       0        0.0%
NULL                 0      0       0       0        0.0%
CODE                 0      0       0       0        0.0%
COMMON               E      4       4       1       28.6%
BITSFR0              0      0       0       1        0.0%
SFR0                 0      0       0       1        0.0%
BITSFR1              0      0       0       2        0.0%
SFR1                 0      0       0       2        0.0%
STACK                0      0       0       2        0.0%
ABS                  0      0       0       3        0.0%
BITBANK0            50      0       0       4        0.0%
BITSFR3              0      0       0       4        0.0%
SFR3                 0      0       0       4        0.0%
BANK0               50      0       0       5        0.0%
BITSFR2              0      0       0       5        0.0%
SFR2                 0      0       0       5        0.0%
BITBANK1            50      0       0       6        0.0%
BANK1               50      0       0       7        0.0%
BITBANK3            60      0       0       8        0.0%
BANK3               60      0       0       9        0.0%
BITBANK2            60      0       0      10        0.0%
BANK2               60      0       0      11        0.0%
DATA                 0      0       0      12        0.0%


Microchip Technology PIC Macro Assembler V1.33 build 59893 
Symbol Table                                                                                   Fri Apr 26 21:30:28 2024

      __size_of_I2C_Start 0007               __CFG_CP$OFF 0000                        u57 07F4  
                     l528 07AD                       l556 07D6                       _PEN 048A  
            __CFG_CPD$OFF 0000                       _SEN 0488              __CFG_FOSC$XT 0000  
            __CFG_LVP$OFF 0000                      _RCEN 048B                      _RSEN 0489  
            __CFG_WRT$OFF 0000                      _main 07CD          __end_of_I2C_Send 07BE  
                    btemp 007E          __end_of_I2C_Wait 07B5          __end_of_I2C_Stop 07AD  
           __CFG_BOREN$ON 0000                      ltemp 007E                      start 0000  
                    ttemp 007E                      wtemp 007E                     ?_main 0070  
                   _ACKEN 048C                     _ACKDT 048D             __CFG_WDTE$OFF 0000  
                   _PORTD 0008                     _TRISD 0088             __CFG_PWRTE$ON 0000  
       __end_of_I2C_Start 07A6                     ltemp0 007E                     ltemp1 0082  
                   ltemp2 0086                     ltemp3 0080                     ttemp0 007E  
                   ttemp1 0081                     ttemp2 0084                     ttemp3 0087  
                   ttemp4 007F                     status 0003                     wtemp0 007E  
                   wtemp1 0080                     wtemp2 0082                     wtemp3 0084  
                   wtemp4 0086                     wtemp5 0088                     wtemp6 007F  
         __initialization 07FC              __end_of_main 07FC                    ??_main 0071  
                  _SSPADD 0093                    _TRISC3 043B                    _TRISC4 043C  
                  _SSPCON 0014                    _SSPBUF 0013  __size_of_init_I2C_Master 000F  
               ?_I2C_Send 0070                 ?_I2C_Wait 0070                 ?_I2C_Stop 0070  
 __end_of__initialization 07FC            __pcstackCOMMON 0070                ??_I2C_Send 0070  
              ??_I2C_Wait 0070                ??_I2C_Stop 0070                __pmaintext 07CD  
            I2C_Send@data 0070         ??_init_I2C_Master 0070                   _SSPCON2 0091  
                 _SSPSTAT 0094                 _I2C_Start 079F                   __ptext0 0000  
                 __ptext1 07BE                   __ptext2 07A6                   __ptext3 079F  
                 __ptext4 07B5                   __ptext5 07AD      end_of_initialization 07FC  
              ?_I2C_Start 0070         __size_of_I2C_Send 0009         __size_of_I2C_Wait 0008  
       __size_of_I2C_Stop 0007       start_initialization 07FC               ??_I2C_Start 0070  
         _init_I2C_Master 07BE                 ___latbits 0002                  _I2C_Send 07B5  
                _I2C_Wait 07AD                  _I2C_Stop 07A6   __end_of_init_I2C_Master 07CD  
           __size_of_main 002F          ?_init_I2C_Master 0070  
