

Microchip Technology PIC LITE Macro Assembler V1.33 build 59893 
                                                                                               Mon Feb 05 20:04:20 2024

Microchip Technology Omniscient Code Generator (Lite mode) build 59893
     1                           	processor	16F877A
     2                           	opt	pw 120
     3                           	opt	lm
     4                           	psect	text0,local,class=CODE,merge=1,delta=2
     5                           	psect	cinit,global,class=CODE,merge=1,delta=2
     6                           	psect	cstackCOMMON,global,class=COMMON,space=1,delta=1
     7                           	psect	maintext,global,class=CODE,split=1,delta=2
     8                           	psect	text1,local,class=CODE,merge=1,delta=2
     9                           	dabs	1,0x7E,2
    10  0000                     	;# 
    11  0001                     	;# 
    12  0002                     	;# 
    13  0003                     	;# 
    14  0004                     	;# 
    15  0005                     	;# 
    16  0006                     	;# 
    17  0007                     	;# 
    18  0008                     	;# 
    19  0009                     	;# 
    20  000A                     	;# 
    21  000B                     	;# 
    22  000C                     	;# 
    23  000D                     	;# 
    24  000E                     	;# 
    25  000E                     	;# 
    26  000F                     	;# 
    27  0010                     	;# 
    28  0011                     	;# 
    29  0012                     	;# 
    30  0013                     	;# 
    31  0014                     	;# 
    32  0015                     	;# 
    33  0015                     	;# 
    34  0016                     	;# 
    35  0017                     	;# 
    36  0018                     	;# 
    37  0019                     	;# 
    38  001A                     	;# 
    39  001B                     	;# 
    40  001B                     	;# 
    41  001C                     	;# 
    42  001D                     	;# 
    43  001E                     	;# 
    44  001F                     	;# 
    45  0081                     	;# 
    46  0085                     	;# 
    47  0086                     	;# 
    48  0087                     	;# 
    49  0088                     	;# 
    50  0089                     	;# 
    51  008C                     	;# 
    52  008D                     	;# 
    53  008E                     	;# 
    54  0091                     	;# 
    55  0092                     	;# 
    56  0093                     	;# 
    57  0094                     	;# 
    58  0098                     	;# 
    59  0099                     	;# 
    60  009C                     	;# 
    61  009D                     	;# 
    62  009E                     	;# 
    63  009F                     	;# 
    64  010C                     	;# 
    65  010D                     	;# 
    66  010E                     	;# 
    67  010F                     	;# 
    68  018C                     	;# 
    69  018D                     	;# 
    70  0028                     _RA0	set	40
    71  0030                     _RB0	set	48
    72  009F                     _ADCON1	set	159
    73  0086                     _TRISB	set	134
    74                           
    75                           	psect	text0
    76  0000                     __ptext0:	
    77                           ; #config settings
    78                           
    79                           
    80                           ;psect for function _delay
    81  0000                     
    82                           	psect	cinit
    83  07FC                     start_initialization:	
    84  07FC                     __initialization:	
    85  07FC                     end_of_initialization:	
    86                           ;End of C runtime variable initialization code
    87                           
    88  07FC                     __end_of__initialization:	
    89  07FC  0183               	clrf	3
    90  07FD  120A  118A  2FC4   	ljmp	_main	;jump to C main() function
    91                           
    92                           	psect	cstackCOMMON
    93  0070                     __pcstackCOMMON:	
    94  0070                     ?_delay:	
    95  0070                     ?_main:	
    96                           ; 0 bytes @ 0x0
    97                           
    98  0070                     delay@timeIn:	
    99                           ; 0 bytes @ 0x0
   100                           
   101                           
   102                           ; 2 bytes @ 0x0
   103  0070                     	ds	2
   104  0072                     ??_delay:	
   105                           
   106                           ; 0 bytes @ 0x2
   107  0072                     	ds	1
   108  0073                     delay@j:	
   109                           
   110                           ; 2 bytes @ 0x3
   111  0073                     	ds	2
   112  0075                     ??_main:	
   113  0075                     main@i:	
   114                           ; 0 bytes @ 0x5
   115                           
   116                           
   117                           ; 2 bytes @ 0x5
   118  0075                     	ds	2
   119                           
   120                           	psect	maintext
   121  07C4                     __pmaintext:	
   122 ;;
   123 ;;Main: autosize = 0, tempsize = 0, incstack = 0, save=0
   124 ;;
   125 ;; *************** function _main *****************
   126 ;; Defined at:
   127 ;;		line 18 in file "C:\Users\notjo\OneDrive\Desktop\USC\USC-Year3-Sem2\3201-EmbeddedSystems\Labs\LE_01\Ratificar_LE1A.c
      +"
   128 ;; Parameters:    Size  Location     Type
   129 ;;		None
   130 ;; Auto vars:     Size  Location     Type
   131 ;;  i               2    5[COMMON] int 
   132 ;; Return value:  Size  Location     Type
   133 ;;		None               void
   134 ;; Registers used:
   135 ;;		wreg, status,2, status,0, btemp+1, pclath, cstack
   136 ;; Tracked objects:
   137 ;;		On entry : 17F/0
   138 ;;		On exit  : 0/0
   139 ;;		Unchanged: 0/0
   140 ;; Data sizes:     COMMON   BANK0   BANK1   BANK3   BANK2
   141 ;;      Params:         0       0       0       0       0
   142 ;;      Locals:         2       0       0       0       0
   143 ;;      Temps:          0       0       0       0       0
   144 ;;      Totals:         2       0       0       0       0
   145 ;;Total ram usage:        2 bytes
   146 ;; Hardware stack levels required when called:    1
   147 ;; This function calls:
   148 ;;		_delay
   149 ;; This function is called by:
   150 ;;		Startup code after reset
   151 ;; This function uses a non-reentrant model
   152 ;;
   153                           
   154                           
   155                           ;psect for function _main
   156  07C4                     _main:	
   157                           
   158                           ;Ratificar_LE1A.c: 19: ADCON1 = 0x07;
   159                           
   160                           ;incstack = 0
   161                           ; Regs used in _main: [wreg+status,2+status,0+btemp+1+pclath+cstack]
   162  07C4  3007               	movlw	7
   163  07C5  1683               	bsf	3,5	;RP0=1, select bank1
   164  07C6  1303               	bcf	3,6	;RP1=0, select bank1
   165  07C7  009F               	movwf	31	;volatile
   166                           
   167                           ;Ratificar_LE1A.c: 20: TRISB = 0x00;
   168  07C8  0186               	clrf	6	;volatile
   169  07C9  2FF6               	goto	l488
   170  07CA                     l490:	
   171                           
   172                           ;Ratificar_LE1A.c: 25: for(int i = 0; i < 3; i++)
   173  07CA  01F5               	clrf	main@i
   174  07CB  01F6               	clrf	main@i+1
   175  07CC                     L1:	
   176  07CC  0876               	movf	main@i+1,w
   177  07CD  3A80               	xorlw	128
   178  07CE  00FF               	movwf	127
   179  07CF  3080               	movlw	128
   180  07D0  027F               	subwf	127,w
   181  07D1  1D03               	skipz
   182  07D2  2FD5               	goto	u35
   183  07D3  3003               	movlw	3
   184  07D4  0275               	subwf	main@i,w
   185  07D5                     u35:	
   186  07D5  1803               	btfsc	3,0
   187  07D6  2FF6               	goto	l488
   188                           
   189                           ;Ratificar_LE1A.c: 26: {
   190                           ;Ratificar_LE1A.c: 27: RB0 = 1;
   191  07D7  1283               	bcf	3,5	;RP0=0, select bank0
   192  07D8  1303               	bcf	3,6	;RP1=0, select bank0
   193  07D9  1406               	bsf	6,0	;volatile
   194                           
   195                           ;Ratificar_LE1A.c: 28: delay(10000);
   196  07DA  3010               	movlw	16
   197  07DB  00F0               	movwf	delay@timeIn
   198  07DC  3027               	movlw	39
   199  07DD  00F1               	movwf	delay@timeIn+1
   200  07DE  120A  118A  27AF  120A  118A  	fcall	_delay
   201                           
   202                           ;Ratificar_LE1A.c: 29: RB0 = 0;
   203  07E3  1283               	bcf	3,5	;RP0=0, select bank0
   204  07E4  1303               	bcf	3,6	;RP1=0, select bank0
   205  07E5  1006               	bcf	6,0	;volatile
   206                           
   207                           ;Ratificar_LE1A.c: 30: delay(10000);
   208  07E6  3010               	movlw	16
   209  07E7  00F0               	movwf	delay@timeIn
   210  07E8  3027               	movlw	39
   211  07E9  00F1               	movwf	delay@timeIn+1
   212  07EA  120A  118A  27AF  120A  118A  	fcall	_delay
   213  07EF  3001               	movlw	1
   214  07F0  07F5               	addwf	main@i,f
   215  07F1  1803               	skipnc
   216  07F2  0AF6               	incf	main@i+1,f
   217  07F3  3000               	movlw	0
   218  07F4  07F6               	addwf	main@i+1,f
   219  07F5  2FCC               	goto	L1
   220  07F6                     l488:	
   221                           ;Ratificar_LE1A.c: 22: for(;;)
   222                           
   223                           ;Ratificar_LE1A.c: 31: }
   224                           ;Ratificar_LE1A.c: 32: }
   225                           
   226                           
   227                           ;Ratificar_LE1A.c: 23: {
   228                           ;Ratificar_LE1A.c: 24: if(RA0 == 1) {
   229  07F6  1283               	bcf	3,5	;RP0=0, select bank0
   230  07F7  1303               	bcf	3,6	;RP1=0, select bank0
   231  07F8  1805               	btfsc	5,0	;volatile
   232  07F9  2FCA               	goto	l490
   233                           
   234                           ;Ratificar_LE1A.c: 33: else
   235                           ;Ratificar_LE1A.c: 34: RB0 = 0;
   236  07FA  1006               	bcf	6,0	;volatile
   237                           
   238                           ;Ratificar_LE1A.c: 35: }
   239  07FB  2FF6               	goto	l488
   240  07FC                     __end_of_main:	
   241                           
   242                           	psect	text1
   243  07AF                     __ptext1:	
   244 ;; *************** function _delay *****************
   245 ;; Defined at:
   246 ;;		line 14 in file "C:\Users\notjo\OneDrive\Desktop\USC\USC-Year3-Sem2\3201-EmbeddedSystems\Labs\LE_01\Ratificar_LE1A.c
      +"
   247 ;; Parameters:    Size  Location     Type
   248 ;;  timeIn          2    0[COMMON] int 
   249 ;; Auto vars:     Size  Location     Type
   250 ;;  j               2    3[COMMON] int 
   251 ;; Return value:  Size  Location     Type
   252 ;;		None               void
   253 ;; Registers used:
   254 ;;		wreg, status,2
   255 ;; Tracked objects:
   256 ;;		On entry : 0/0
   257 ;;		On exit  : 0/0
   258 ;;		Unchanged: 0/0
   259 ;; Data sizes:     COMMON   BANK0   BANK1   BANK3   BANK2
   260 ;;      Params:         2       0       0       0       0
   261 ;;      Locals:         2       0       0       0       0
   262 ;;      Temps:          1       0       0       0       0
   263 ;;      Totals:         5       0       0       0       0
   264 ;;Total ram usage:        5 bytes
   265 ;; Hardware stack levels used:    1
   266 ;; This function calls:
   267 ;;		Nothing
   268 ;; This function is called by:
   269 ;;		_main
   270 ;; This function uses a non-reentrant model
   271 ;;
   272                           
   273                           
   274                           ;psect for function _delay
   275  07AF                     _delay:	
   276                           
   277                           ;Ratificar_LE1A.c: 15: for(int j = 0; j < timeIn; j++);
   278                           
   279                           ;incstack = 0
   280                           ; Regs used in _delay: [wreg+status,2]
   281  07AF  01F3               	clrf	delay@j
   282  07B0  01F4               	clrf	delay@j+1
   283  07B1                     l11:	
   284  07B1  0874               	movf	delay@j+1,w
   285  07B2  3A80               	xorlw	128
   286  07B3  00F2               	movwf	??_delay
   287  07B4  0871               	movf	delay@timeIn+1,w
   288  07B5  3A80               	xorlw	128
   289  07B6  0272               	subwf	??_delay,w
   290  07B7  1D03               	skipz
   291  07B8  2FBB               	goto	u15
   292  07B9  0870               	movf	delay@timeIn,w
   293  07BA  0273               	subwf	delay@j,w
   294  07BB                     u15:	
   295  07BB  1803               	btfsc	3,0
   296  07BC  0008               	return
   297  07BD  3001               	movlw	1
   298  07BE  07F3               	addwf	delay@j,f
   299  07BF  1803               	skipnc
   300  07C0  0AF4               	incf	delay@j+1,f
   301  07C1  3000               	movlw	0
   302  07C2  07F4               	addwf	delay@j+1,f
   303  07C3  2FB1               	goto	l11
   304  07C4                     __end_of_delay:	
   305  007E                     btemp	set	126	;btemp
   306  007E                     wtemp	set	126
   307  007E                     wtemp0	set	126
   308  0080                     wtemp1	set	128
   309  0082                     wtemp2	set	130
   310  0084                     wtemp3	set	132
   311  0086                     wtemp4	set	134
   312  0088                     wtemp5	set	136
   313  007F                     wtemp6	set	127
   314  007E                     ttemp	set	126
   315  007E                     ttemp0	set	126
   316  0081                     ttemp1	set	129
   317  0084                     ttemp2	set	132
   318  0087                     ttemp3	set	135
   319  007F                     ttemp4	set	127
   320  007E                     ltemp	set	126
   321  007E                     ltemp0	set	126
   322  0082                     ltemp1	set	130
   323  0086                     ltemp2	set	134
   324  0080                     ltemp3	set	128


Data Sizes:
    Strings     0
    Constant    0
    Data        0
    BSS         0
    Persistent  0
    Stack       0

Auto Spaces:
    Space          Size  Autos    Used
    COMMON           14      7       7
    BANK0            80      0       0
    BANK1            80      0       0
    BANK3            96      0       0
    BANK2            96      0       0

Pointer List with Targets:

    None.

Critical Paths under _main in COMMON

    _main->_delay

Critical Paths under _main in BANK0

    None.

Critical Paths under _main in BANK1

    None.

Critical Paths under _main in BANK3

    None.

Critical Paths under _main in BANK2

    None.

Call Graph Tables:

 ---------------------------------------------------------------------------------
 (Depth) Function   	        Calls       Base Space   Used Autos Params    Refs
 ---------------------------------------------------------------------------------
 (0) _main                                                 2     2      0     146
                                              5 COMMON     2     2      0
                              _delay
 ---------------------------------------------------------------------------------
 (1) _delay                                                5     3      2     116
                                              0 COMMON     5     3      2
 ---------------------------------------------------------------------------------
 Estimated maximum stack depth 1
 ---------------------------------------------------------------------------------

 Call Graph Graphs:

 _main (ROOT)
   _delay

 Address spaces:
Name               Size   Autos  Total    Cost      Usage
BITCOMMON            E      0       0       0        0.0%
EEDATA             100      0       0       0        0.0%
NULL                 0      0       0       0        0.0%
CODE                 0      0       0       0        0.0%
COMMON               E      7       7       1       50.0%
BITSFR0              0      0       0       1        0.0%
SFR0                 0      0       0       1        0.0%
BITSFR1              0      0       0       2        0.0%
SFR1                 0      0       0       2        0.0%
STACK                0      0       0       2        0.0%
ABS                  0      0       0       3        0.0%
BITBANK0            50      0       0       4        0.0%
BITSFR3              0      0       0       4        0.0%
SFR3                 0      0       0       4        0.0%
BANK0               50      0       0       5        0.0%
BITSFR2              0      0       0       5        0.0%
SFR2                 0      0       0       5        0.0%
BITBANK1            50      0       0       6        0.0%
BANK1               50      0       0       7        0.0%
BITBANK3            60      0       0       8        0.0%
BANK3               60      0       0       9        0.0%
BITBANK2            60      0       0      10        0.0%
BANK2               60      0       0      11        0.0%
DATA                 0      0       0      12        0.0%


Microchip Technology PIC Macro Assembler V1.33 build 59893 
Symbol Table                                                                                   Mon Feb 05 20:04:20 2024

            __CFG_CP$OFF 0000                       l11 07B1                       u15 07BB  
                     u35 07D5                      l490 07CA                      l488 07F6  
                    _RA0 0028                      _RB0 0030             __CFG_CPD$OFF 0000  
           __CFG_FOSC$XT 0000             __CFG_LVP$OFF 0000             __CFG_WRT$OFF 0000  
                   _main 07C4                     btemp 007E            __CFG_BOREN$ON 0000  
                   ltemp 007E                     start 0000                     ttemp 007E  
                   wtemp 007E                    ?_main 0070            __CFG_WDTE$OFF 0000  
                  _TRISB 0086            __CFG_PWRTE$ON 0000                    _delay 07AF  
                  main@i 0075                    ltemp0 007E                    ltemp1 0082  
                  ltemp2 0086                    ltemp3 0080                    ttemp0 007E  
                  ttemp1 0081                    ttemp2 0084                    ttemp3 0087  
                  ttemp4 007F                    status 0003                    wtemp0 007E  
                  wtemp1 0080                    wtemp2 0082                    wtemp3 0084  
                  wtemp4 0086                    wtemp5 0088                    wtemp6 007F  
        __initialization 07FC             __end_of_main 07FC                   ??_main 0075  
                 ?_delay 0070                   _ADCON1 009F                   delay@j 0073  
__end_of__initialization 07FC           __pcstackCOMMON 0070            __end_of_delay 07C4  
                ??_delay 0072               __pmaintext 07C4                  __ptext0 0000  
                __ptext1 07AF     end_of_initialization 07FC      start_initialization 07FC  
              ___latbits 0002           __size_of_delay 0015            __size_of_main 0038  
            delay@timeIn 0070  
