

Microchip Technology PIC LITE Macro Assembler V1.33 build 59893 
                                                                                               Wed Feb 28 17:35:33 2024

Microchip Technology Omniscient Code Generator (Lite mode) build 59893
     1                           	processor	16F877A
     2                           	opt	pw 120
     3                           	opt	lm
     4                           	psect	idataCOMMON,global,class=CODE,delta=2
     5                           	psect	cinit,global,class=CODE,merge=1,delta=2
     6                           	psect	dataCOMMON,global,class=COMMON,space=1,delta=1
     7                           	psect	bssBANK0,global,class=BANK0,space=1,delta=1
     8                           	psect	cstackCOMMON,global,class=COMMON,space=1,delta=1
     9                           	psect	cstackBANK0,global,class=BANK0,space=1,delta=1
    10                           	psect	maintext,global,class=CODE,split=1,delta=2
    11                           	psect	text1,local,class=CODE,merge=1,delta=2
    12                           	psect	text2,local,class=CODE,merge=1,delta=2
    13                           	psect	intentry,global,class=CODE,delta=2
    14                           	dabs	1,0x7E,2
    15  0000                     	;# 
    16  0001                     	;# 
    17  0002                     	;# 
    18  0003                     	;# 
    19  0004                     	;# 
    20  0005                     	;# 
    21  0006                     	;# 
    22  0007                     	;# 
    23  0008                     	;# 
    24  0009                     	;# 
    25  000A                     	;# 
    26  000B                     	;# 
    27  000C                     	;# 
    28  000D                     	;# 
    29  000E                     	;# 
    30  000E                     	;# 
    31  000F                     	;# 
    32  0010                     	;# 
    33  0011                     	;# 
    34  0012                     	;# 
    35  0013                     	;# 
    36  0014                     	;# 
    37  0015                     	;# 
    38  0015                     	;# 
    39  0016                     	;# 
    40  0017                     	;# 
    41  0018                     	;# 
    42  0019                     	;# 
    43  001A                     	;# 
    44  001B                     	;# 
    45  001B                     	;# 
    46  001C                     	;# 
    47  001D                     	;# 
    48  001E                     	;# 
    49  001F                     	;# 
    50  0081                     	;# 
    51  0085                     	;# 
    52  0086                     	;# 
    53  0087                     	;# 
    54  0088                     	;# 
    55  0089                     	;# 
    56  008C                     	;# 
    57  008D                     	;# 
    58  008E                     	;# 
    59  0091                     	;# 
    60  0092                     	;# 
    61  0093                     	;# 
    62  0094                     	;# 
    63  0098                     	;# 
    64  0099                     	;# 
    65  009C                     	;# 
    66  009D                     	;# 
    67  009E                     	;# 
    68  009F                     	;# 
    69  010C                     	;# 
    70  010D                     	;# 
    71  010E                     	;# 
    72  010F                     	;# 
    73  018C                     	;# 
    74  018D                     	;# 
    75                           
    76                           	psect	idataCOMMON
    77  00EE                     __pidataCOMMON:	
    78                           
    79                           ;initializer for _count_flag
    80  00EE  3401               	retlw	1
    81  00EF  3400               	retlw	0
    82  0007                     _PORTC	set	7
    83  0008                     _PORTD	set	8
    84  005F                     _GIE	set	95
    85  005C                     _INTE	set	92
    86  0059                     _INTF	set	89
    87  005E                     _PEIE	set	94
    88  005B                     _RBIE	set	91
    89  0058                     _RBIF	set	88
    90  005D                     _TMR0IE	set	93
    91  005A                     _TMR0IF	set	90
    92  0081                     _OPTION_REG	set	129
    93  0086                     _TRISB	set	134
    94  0087                     _TRISC	set	135
    95  0088                     _TRISD	set	136
    96                           
    97                           ; #config settings
    98  0000                     
    99                           	psect	cinit
   100  0015                     start_initialization:	
   101  0015                     __initialization:	
   102                           
   103                           ; Clear objects allocated to BANK0
   104  0015  01A0               	clrf	__pbssBANK0& (0+127)
   105  0016  01A1               	clrf	(__pbssBANK0+1)& (0+127)
   106  0017  01A2               	clrf	(__pbssBANK0+2)& (0+127)
   107  0018  01A3               	clrf	(__pbssBANK0+3)& (0+127)
   108                           
   109                           ; Initialize objects allocated to COMMON
   110  0019  120A  118A  20EE  120A  118A  	fcall	__pidataCOMMON	;fetch initializer
   111  001E  00F7               	movwf	__pdataCOMMON& (0+127)
   112  001F  120A  118A  20EF   	fcall	__pidataCOMMON+1	;fetch initializer
   113  0022  00F8               	movwf	(__pdataCOMMON+1)& (0+127)
   114  0023                     end_of_initialization:	
   115                           ;End of C runtime variable initialization code
   116                           
   117  0023                     __end_of__initialization:	
   118  0023  0183               	clrf	3
   119  0024  120A  118A  2883   	ljmp	_main	;jump to C main() function
   120                           
   121                           	psect	dataCOMMON
   122  0077                     __pdataCOMMON:	
   123  0077                     _count_flag:	
   124  0077                     	ds	2
   125                           
   126                           	psect	bssBANK0
   127  0020                     __pbssBANK0:	
   128  0020                     _count:	
   129  0020                     	ds	2
   130  0022                     _countIsUpdating:	
   131  0022                     	ds	2
   132                           
   133                           	psect	cstackCOMMON
   134  0070                     __pcstackCOMMON:	
   135  0070                     ?_ISR:	
   136  0070                     ??_ISR:	
   137                           ; 0 bytes @ 0x0
   138                           
   139  0070                     ?_main:	
   140                           ; 0 bytes @ 0x0
   141                           
   142                           
   143                           ; 0 bytes @ 0x0
   144  0070                     	ds	4
   145  0074                     ?_delay:	
   146  0074                     delay@timeIn:	
   147                           ; 0 bytes @ 0x4
   148                           
   149                           
   150                           ; 3 bytes @ 0x4
   151  0074                     	ds	3
   152  0077                     ??_delay:	
   153  0077                     ??_main:	
   154                           ; 0 bytes @ 0x7
   155                           
   156                           
   157                           	psect	cstackBANK0
   158  0024                     __pcstackBANK0:	
   159                           ; 0 bytes @ 0x7
   160                           
   161  0024                     delay@localClock:	
   162                           
   163                           ; 2 bytes @ 0x0
   164  0024                     	ds	2
   165  0026                     main@i:	
   166                           
   167                           ; 2 bytes @ 0x2
   168  0026                     	ds	2
   169                           
   170                           	psect	maintext
   171  0083                     __pmaintext:	
   172 ;;
   173 ;;Main: autosize = 0, tempsize = 0, incstack = 0, save=0
   174 ;;
   175 ;; *************** function _main *****************
   176 ;; Defined at:
   177 ;;		line 111 in file "C:\Users\notjo\OneDrive\Desktop\USC\USC-Year3-Sem2\3201-EmbeddedSystems\Labs\LE_03\LE3-3\LE3-3.c"
   178 ;; Parameters:    Size  Location     Type
   179 ;;		None
   180 ;; Auto vars:     Size  Location     Type
   181 ;;  i               2    2[BANK0 ] int 
   182 ;; Return value:  Size  Location     Type
   183 ;;		None               void
   184 ;; Registers used:
   185 ;;		wreg, status,2, status,0, btemp+1, pclath, cstack
   186 ;; Tracked objects:
   187 ;;		On entry : 17F/0
   188 ;;		On exit  : 0/0
   189 ;;		Unchanged: 0/0
   190 ;; Data sizes:     COMMON   BANK0   BANK1   BANK3   BANK2
   191 ;;      Params:         0       0       0       0       0
   192 ;;      Locals:         0       2       0       0       0
   193 ;;      Temps:          0       0       0       0       0
   194 ;;      Totals:         0       2       0       0       0
   195 ;;Total ram usage:        2 bytes
   196 ;; Hardware stack levels required when called:    2
   197 ;; This function calls:
   198 ;;		_delay
   199 ;; This function is called by:
   200 ;;		Startup code after reset
   201 ;; This function uses a non-reentrant model
   202 ;;
   203                           
   204                           
   205                           ;psect for function _main
   206  0083                     _main:	
   207                           
   208                           ;LE3-3.c: 113: OPTION_REG = 0x44;
   209                           
   210                           ;incstack = 0
   211                           ; Regs used in _main: [wreg+status,2+status,0+btemp+1+pclath+cstack]
   212  0083  3044               	movlw	68
   213  0084  1683               	bsf	3,5	;RP0=1, select bank1
   214  0085  1303               	bcf	3,6	;RP1=0, select bank1
   215  0086  0081               	movwf	1	;volatile
   216                           
   217                           ;LE3-3.c: 115: GIE = 1;
   218  0087  178B               	bsf	11,7	;volatile
   219                           
   220                           ;LE3-3.c: 116: PEIE = 1;
   221  0088  170B               	bsf	11,6	;volatile
   222                           
   223                           ;LE3-3.c: 117: INTE = 1;
   224  0089  160B               	bsf	11,4	;volatile
   225                           
   226                           ;LE3-3.c: 118: RBIE = 0;
   227  008A  118B               	bcf	11,3	;volatile
   228                           
   229                           ;LE3-3.c: 119: TMR0IE = 1;
   230  008B  168B               	bsf	11,5	;volatile
   231                           
   232                           ;LE3-3.c: 120: TMR0IF = 0;
   233  008C  110B               	bcf	11,2	;volatile
   234                           
   235                           ;LE3-3.c: 121: INTF = 0;
   236  008D  108B               	bcf	11,1	;volatile
   237                           
   238                           ;LE3-3.c: 122: RBIF = 0;
   239  008E  100B               	bcf	11,0	;volatile
   240                           
   241                           ;LE3-3.c: 125: TRISB = 0x01;
   242  008F  3001               	movlw	1
   243  0090  0086               	movwf	6	;volatile
   244                           
   245                           ;LE3-3.c: 126: TRISC = 0x00;
   246  0091  0187               	clrf	7	;volatile
   247                           
   248                           ;LE3-3.c: 127: TRISD = 0xFF;
   249  0092  30FF               	movlw	255
   250  0093  0088               	movwf	8	;volatile
   251                           
   252                           ;LE3-3.c: 130: PORTC = 0x00;
   253  0094  1283               	bcf	3,5	;RP0=0, select bank0
   254  0095  1303               	bcf	3,6	;RP1=0, select bank0
   255  0096  0187               	clrf	7	;volatile
   256  0097                     l65:	
   257                           ;LE3-3.c: 132: while (1)
   258                           
   259                           
   260                           ;LE3-3.c: 133: {
   261                           ;LE3-3.c: 134: for(int i = 0; i <= 9; i++)
   262  0097  1283               	bcf	3,5	;RP0=0, select bank0
   263  0098  1303               	bcf	3,6	;RP1=0, select bank0
   264  0099  01A6               	clrf	main@i
   265  009A  01A7               	clrf	main@i+1
   266  009B                     L1:	
   267  009B  0827               	movf	main@i+1,w
   268  009C  3A80               	xorlw	128
   269  009D  00FF               	movwf	127
   270  009E  3080               	movlw	128
   271  009F  027F               	subwf	127,w
   272  00A0  1D03               	skipz
   273  00A1  28A4               	goto	u175
   274  00A2  300A               	movlw	10
   275  00A3  0226               	subwf	main@i,w
   276  00A4                     u175:	
   277  00A4  1803               	btfsc	3,0
   278  00A5  2897               	goto	l65
   279                           
   280                           ;LE3-3.c: 135: {
   281                           ;LE3-3.c: 136: if(countIsUpdating)
   282  00A6  1283               	bcf	3,5	;RP0=0, select bank0
   283  00A7  1303               	bcf	3,6	;RP1=0, select bank0
   284  00A8  0823               	movf	_countIsUpdating+1,w
   285  00A9  0422               	iorwf	_countIsUpdating,w
   286  00AA  1903               	skipnz
   287  00AB  28B7               	goto	l761
   288                           
   289                           ;LE3-3.c: 137: {
   290                           ;LE3-3.c: 138: countIsUpdating = 0;
   291  00AC  01A2               	clrf	_countIsUpdating
   292  00AD  01A3               	clrf	_countIsUpdating+1
   293                           
   294                           ;LE3-3.c: 140: PORTC = count;
   295  00AE  0820               	movf	_count,w
   296  00AF  0087               	movwf	7	;volatile
   297                           
   298                           ;LE3-3.c: 141: i = count;
   299  00B0  0821               	movf	_count+1,w
   300  00B1  01A7               	clrf	main@i+1
   301  00B2  07A7               	addwf	main@i+1,f
   302  00B3  0820               	movf	_count,w
   303  00B4  01A6               	clrf	main@i
   304  00B5  07A6               	addwf	main@i,f
   305                           
   306                           ;LE3-3.c: 142: }
   307  00B6  28B9               	goto	l763
   308  00B7                     l761:	
   309                           
   310                           ;LE3-3.c: 143: else
   311                           ;LE3-3.c: 144: {
   312                           ;LE3-3.c: 145: PORTC = i;
   313  00B7  0826               	movf	main@i,w
   314  00B8  0087               	movwf	7	;volatile
   315  00B9                     l763:	
   316                           
   317                           ;LE3-3.c: 146: }
   318                           ;LE3-3.c: 147: delay(0.8);
   319  00B9  30CD               	movlw	205
   320  00BA  00F4               	movwf	delay@timeIn
   321  00BB  304C               	movlw	76
   322  00BC  00F5               	movwf	delay@timeIn+1
   323  00BD  303F               	movlw	63
   324  00BE  00F6               	movwf	delay@timeIn+2
   325  00BF  120A  118A  20CD  120A  118A  	fcall	_delay
   326  00C4  3001               	movlw	1
   327  00C5  1283               	bcf	3,5	;RP0=0, select bank0
   328  00C6  1303               	bcf	3,6	;RP1=0, select bank0
   329  00C7  07A6               	addwf	main@i,f
   330  00C8  1803               	skipnc
   331  00C9  0AA7               	incf	main@i+1,f
   332  00CA  3000               	movlw	0
   333  00CB  07A7               	addwf	main@i+1,f
   334  00CC  289B               	goto	L1
   335  00CD                     __end_of_main:	
   336                           
   337                           	psect	text1
   338  00CD                     __ptext1:	
   339 ;; *************** function _delay *****************
   340 ;; Defined at:
   341 ;;		line 38 in file "C:\Users\notjo\OneDrive\Desktop\USC\USC-Year3-Sem2\3201-EmbeddedSystems\Labs\LE_03\LE3-3\LE3-3.c"
   342 ;; Parameters:    Size  Location     Type
   343 ;;  timeIn          3    4[COMMON] float 
   344 ;; Auto vars:     Size  Location     Type
   345 ;;  localClock      2    0[BANK0 ] int 
   346 ;; Return value:  Size  Location     Type
   347 ;;		None               void
   348 ;; Registers used:
   349 ;;		wreg, status,2, btemp+1
   350 ;; Tracked objects:
   351 ;;		On entry : 0/0
   352 ;;		On exit  : 0/0
   353 ;;		Unchanged: 0/0
   354 ;; Data sizes:     COMMON   BANK0   BANK1   BANK3   BANK2
   355 ;;      Params:         3       0       0       0       0
   356 ;;      Locals:         0       2       0       0       0
   357 ;;      Temps:          0       0       0       0       0
   358 ;;      Totals:         3       2       0       0       0
   359 ;;Total ram usage:        5 bytes
   360 ;; Hardware stack levels used:    1
   361 ;; Hardware stack levels required when called:    1
   362 ;; This function calls:
   363 ;;		Nothing
   364 ;; This function is called by:
   365 ;;		_main
   366 ;; This function uses a non-reentrant model
   367 ;;
   368                           
   369                           
   370                           ;psect for function _delay
   371  00CD                     _delay:	
   372                           
   373                           ;LE3-3.c: 43: int localClock = 0;
   374                           
   375                           ;incstack = 0
   376                           ; Regs used in _delay: [wreg+status,2+btemp+1]
   377  00CD  1283               	bcf	3,5	;RP0=0, select bank0
   378  00CE  1303               	bcf	3,6	;RP1=0, select bank0
   379  00CF  01A4               	clrf	delay@localClock
   380  00D0  01A5               	clrf	delay@localClock+1
   381  00D1                     l725:	
   382                           ;LE3-3.c: 44: while(localClock < 98)
   383                           
   384  00D1  1283               	bcf	3,5	;RP0=0, select bank0
   385  00D2  1303               	bcf	3,6	;RP1=0, select bank0
   386  00D3  0825               	movf	delay@localClock+1,w
   387  00D4  3A80               	xorlw	128
   388  00D5  00FF               	movwf	127
   389  00D6  3080               	movlw	128
   390  00D7  027F               	subwf	127,w
   391  00D8  1D03               	skipz
   392  00D9  28DC               	goto	u165
   393  00DA  3062               	movlw	98
   394  00DB  0224               	subwf	delay@localClock,w
   395  00DC                     u165:	
   396  00DC  1803               	btfsc	3,0
   397  00DD  0008               	return
   398                           
   399                           ;LE3-3.c: 45: {
   400                           ;LE3-3.c: 46: if(count_flag == 1)
   401  00DE  3001               	movlw	1
   402  00DF  0677               	xorwf	_count_flag,w
   403  00E0  0478               	iorwf	_count_flag+1,w
   404  00E1  1D03               	skipz
   405  00E2  28D1               	goto	l725
   406                           
   407                           ;LE3-3.c: 47: {
   408                           ;LE3-3.c: 48: count_flag = 0;
   409  00E3  01F7               	clrf	_count_flag
   410  00E4  01F8               	clrf	_count_flag+1
   411                           
   412                           ;LE3-3.c: 49: localClock++;
   413  00E5  3001               	movlw	1
   414  00E6  1283               	bcf	3,5	;RP0=0, select bank0
   415  00E7  1303               	bcf	3,6	;RP1=0, select bank0
   416  00E8  07A4               	addwf	delay@localClock,f
   417  00E9  1803               	skipnc
   418  00EA  0AA5               	incf	delay@localClock+1,f
   419  00EB  3000               	movlw	0
   420  00EC  07A5               	addwf	delay@localClock+1,f
   421  00ED  28D1               	goto	l725
   422  00EE                     __end_of_delay:	
   423                           
   424                           	psect	text2
   425  0027                     __ptext2:	
   426 ;; *************** function _ISR *****************
   427 ;; Defined at:
   428 ;;		line 54 in file "C:\Users\notjo\OneDrive\Desktop\USC\USC-Year3-Sem2\3201-EmbeddedSystems\Labs\LE_03\LE3-3\LE3-3.c"
   429 ;; Parameters:    Size  Location     Type
   430 ;;		None
   431 ;; Auto vars:     Size  Location     Type
   432 ;;		None
   433 ;; Return value:  Size  Location     Type
   434 ;;		None               void
   435 ;; Registers used:
   436 ;;		wreg, fsr0l, fsr0h, status,2, status,0
   437 ;; Tracked objects:
   438 ;;		On entry : 0/0
   439 ;;		On exit  : 0/0
   440 ;;		Unchanged: 0/0
   441 ;; Data sizes:     COMMON   BANK0   BANK1   BANK3   BANK2
   442 ;;      Params:         0       0       0       0       0
   443 ;;      Locals:         0       0       0       0       0
   444 ;;      Temps:          4       0       0       0       0
   445 ;;      Totals:         4       0       0       0       0
   446 ;;Total ram usage:        4 bytes
   447 ;; Hardware stack levels used:    1
   448 ;; This function calls:
   449 ;;		Nothing
   450 ;; This function is called by:
   451 ;;		Interrupt level 1
   452 ;; This function uses a non-reentrant model
   453 ;;
   454                           
   455                           
   456                           ;psect for function _ISR
   457  0027                     _ISR:	
   458                           
   459                           ;LE3-3.c: 56: GIE = 0;
   460  0027  138B               	bcf	11,7	;volatile
   461                           
   462                           ;LE3-3.c: 57: if(INTF == 1)
   463  0028  188B               	btfsc	11,1	;volatile
   464  0029  2844               	goto	i1l663
   465  002A  2870               	goto	i1l44
   466  002B                     i1l637:	
   467                           ;LE3-3.c: 60: {
   468                           ;LE3-3.c: 61: case KEY_0:
   469                           
   470                           ;LE3-3.c: 58: {
   471                           ;LE3-3.c: 59: switch(PORTD)
   472                           
   473  002B  2841               	goto	i1l659
   474  002C                     i1l639:	
   475                           ;LE3-3.c: 64: case KEY_1:
   476                           
   477                           ;LE3-3.c: 63: break;
   478                           
   479                           ;LE3-3.c: 62: count = 0;
   480                           
   481                           
   482                           ;LE3-3.c: 65: count = 1;
   483  002C  3001               	movlw	1
   484  002D  283D               	goto	L9
   485  002E                     i1l641:	
   486                           ;LE3-3.c: 67: case KEY_2:
   487                           
   488                           ;LE3-3.c: 66: break;
   489                           
   490                           
   491                           ;LE3-3.c: 68: count = 2;
   492  002E  3002               	movlw	2
   493  002F  283D               	goto	L9
   494  0030                     i1l643:	
   495                           ;LE3-3.c: 70: case KEY_3:
   496                           
   497                           ;LE3-3.c: 69: break;
   498                           
   499                           
   500                           ;LE3-3.c: 71: count = 3;
   501  0030  3003               	movlw	3
   502  0031  283D               	goto	L9
   503  0032                     i1l645:	
   504                           ;LE3-3.c: 73: case KEY_4:
   505                           
   506                           ;LE3-3.c: 72: break;
   507                           
   508                           
   509                           ;LE3-3.c: 74: count = 4;
   510  0032  3004               	movlw	4
   511  0033  283D               	goto	L9
   512  0034                     i1l647:	
   513                           ;LE3-3.c: 76: case KEY_5:
   514                           
   515                           ;LE3-3.c: 75: break;
   516                           
   517                           
   518                           ;LE3-3.c: 77: count = 5;
   519  0034  3005               	movlw	5
   520  0035  283D               	goto	L9
   521  0036                     i1l649:	
   522                           ;LE3-3.c: 79: case KEY_6:
   523                           
   524                           ;LE3-3.c: 78: break;
   525                           
   526                           
   527                           ;LE3-3.c: 80: count = 6;
   528  0036  3006               	movlw	6
   529  0037  283D               	goto	L9
   530  0038                     i1l651:	
   531                           ;LE3-3.c: 82: case KEY_7:
   532                           
   533                           ;LE3-3.c: 81: break;
   534                           
   535                           
   536                           ;LE3-3.c: 83: count = 7;
   537  0038  3007               	movlw	7
   538  0039  283D               	goto	L9
   539  003A                     i1l653:	
   540                           ;LE3-3.c: 85: case KEY_8:
   541                           
   542                           ;LE3-3.c: 84: break;
   543                           
   544                           
   545                           ;LE3-3.c: 86: count = 8;
   546  003A  3008               	movlw	8
   547  003B  283D               	goto	L9
   548  003C                     i1l655:	
   549                           ;LE3-3.c: 88: case KEY_9:
   550                           
   551                           ;LE3-3.c: 87: break;
   552                           
   553                           
   554                           ;LE3-3.c: 89: count = 9;
   555  003C  3009               	movlw	9
   556  003D                     L9:	
   557  003D  00A0               	movwf	_count
   558  003E  3000               	movlw	0
   559  003F  00A1               	movwf	_count+1
   560                           
   561                           ;LE3-3.c: 90: break;
   562  0040  286A               	goto	i1l665
   563  0041                     i1l657:	
   564                           ;LE3-3.c: 91: case KEY_MULTIPLY:
   565                           
   566  0041                     i1l659:	
   567                           ;LE3-3.c: 94: case KEY_HASH:
   568                           
   569                           ;LE3-3.c: 93: break;
   570                           
   571                           ;LE3-3.c: 92: count = 0;
   572                           
   573                           
   574                           ;LE3-3.c: 95: count = 0;
   575  0041  01A0               	clrf	_count
   576  0042  01A1               	clrf	_count+1
   577                           
   578                           ;LE3-3.c: 99: }
   579                           
   580                           ;LE3-3.c: 98: break;
   581                           
   582                           ;LE3-3.c: 97: default:
   583                           
   584                           ;LE3-3.c: 96: break;
   585  0043  286A               	goto	i1l665
   586  0044                     i1l663:	
   587  0044  0808               	movf	8,w	;volatile
   588                           
   589                           ; Switch size 1, requested type "space"
   590                           ; Number of cases is 12, Range of values is 0 to 14
   591                           ; switch strategies available:
   592                           ; Name         Instructions Cycles
   593                           ; simple_byte           37    19 (average)
   594                           ; direct_byte           53     8 (fixed)
   595                           ; jumptable            260     6 (fixed)
   596                           ;	Chosen strategy is simple_byte
   597  0045  3A00               	xorlw	0	; case 0
   598  0046  1903               	skipnz
   599  0047  282C               	goto	i1l639
   600  0048  3A01               	xorlw	1	; case 1
   601  0049  1903               	skipnz
   602  004A  282E               	goto	i1l641
   603  004B  3A03               	xorlw	3	; case 2
   604  004C  1903               	skipnz
   605  004D  2830               	goto	i1l643
   606  004E  3A06               	xorlw	6	; case 4
   607  004F  1903               	skipnz
   608  0050  2832               	goto	i1l645
   609  0051  3A01               	xorlw	1	; case 5
   610  0052  1903               	skipnz
   611  0053  2834               	goto	i1l647
   612  0054  3A03               	xorlw	3	; case 6
   613  0055  1903               	skipnz
   614  0056  2836               	goto	i1l649
   615  0057  3A0E               	xorlw	14	; case 8
   616  0058  1903               	skipnz
   617  0059  2838               	goto	i1l651
   618  005A  3A01               	xorlw	1	; case 9
   619  005B  1903               	skipnz
   620  005C  283A               	goto	i1l653
   621  005D  3A03               	xorlw	3	; case 10
   622  005E  1903               	skipnz
   623  005F  283C               	goto	i1l655
   624  0060  3A06               	xorlw	6	; case 12
   625  0061  1903               	skipnz
   626  0062  2841               	goto	i1l657
   627  0063  3A01               	xorlw	1	; case 13
   628  0064  1903               	skipnz
   629  0065  282B               	goto	i1l637
   630  0066  3A03               	xorlw	3	; case 14
   631  0067  1903               	skipnz
   632  0068  2841               	goto	i1l659
   633  0069  286A               	goto	i1l665
   634  006A                     i1l665:	
   635                           
   636                           ;LE3-3.c: 100: countIsUpdating = 1;
   637  006A  3001               	movlw	1
   638  006B  00A2               	movwf	_countIsUpdating
   639  006C  3000               	movlw	0
   640  006D  00A3               	movwf	_countIsUpdating+1
   641                           
   642                           ;LE3-3.c: 101: INTF = 0;
   643  006E  108B               	bcf	11,1	;volatile
   644                           
   645                           ;LE3-3.c: 102: }
   646  006F  2877               	goto	i1l673
   647  0070                     i1l44:	
   648                           
   649                           ;LE3-3.c: 103: else if(TMR0IF)
   650  0070  1D0B               	btfss	11,2	;volatile
   651  0071  2877               	goto	i1l673
   652                           
   653                           ;LE3-3.c: 104: {
   654                           ;LE3-3.c: 105: TMR0IF = 0;
   655  0072  110B               	bcf	11,2	;volatile
   656                           
   657                           ;LE3-3.c: 106: count_flag = 1;
   658  0073  3001               	movlw	1
   659  0074  00F7               	movwf	_count_flag
   660  0075  3000               	movlw	0
   661  0076  00F8               	movwf	_count_flag+1
   662  0077                     i1l673:	
   663                           
   664                           ;LE3-3.c: 107: }
   665                           ;LE3-3.c: 108: GIE = 1;
   666  0077  178B               	bsf	11,7	;volatile
   667  0078  0873               	movf	??_ISR+3,w
   668  0079  00FF               	movwf	127
   669  007A  0872               	movf	??_ISR+2,w
   670  007B  008A               	movwf	10
   671  007C  0871               	movf	??_ISR+1,w
   672  007D  0084               	movwf	4
   673  007E  0E70               	swapf	??_ISR^(0+-128),w
   674  007F  0083               	movwf	3
   675  0080  0EFE               	swapf	126,f
   676  0081  0E7E               	swapf	126,w
   677  0082  0009               	retfie
   678  0083                     __end_of_ISR:	
   679  007E                     btemp	set	126	;btemp
   680  007E                     wtemp	set	126
   681  007E                     wtemp0	set	126
   682  0080                     wtemp1	set	128
   683  0082                     wtemp2	set	130
   684  0084                     wtemp3	set	132
   685  0086                     wtemp4	set	134
   686  0088                     wtemp5	set	136
   687  007F                     wtemp6	set	127
   688  007E                     ttemp	set	126
   689  007E                     ttemp0	set	126
   690  0081                     ttemp1	set	129
   691  0084                     ttemp2	set	132
   692  0087                     ttemp3	set	135
   693  007F                     ttemp4	set	127
   694  007E                     ltemp	set	126
   695  007E                     ltemp0	set	126
   696  0082                     ltemp1	set	130
   697  0086                     ltemp2	set	134
   698  0080                     ltemp3	set	128
   699                           
   700                           	psect	intentry
   701  0004                     __pintentry:	
   702                           ;incstack = 0
   703                           ; Regs used in _ISR: [wreg-fsr0h+status,2+status,0]
   704                           
   705  0004                     interrupt_function:	
   706  007E                     saved_w	set	btemp
   707  0004  00FE               	movwf	btemp
   708  0005  0E03               	swapf	3,w
   709  0006  00F0               	movwf	??_ISR
   710  0007  0804               	movf	4,w
   711  0008  00F1               	movwf	??_ISR+1
   712  0009  080A               	movf	10,w
   713  000A  00F2               	movwf	??_ISR+2
   714  000B  1283               	bcf	3,5	;RP0=0, select bank0
   715  000C  1303               	bcf	3,6	;RP1=0, select bank0
   716  000D  087F               	movf	btemp+1,w
   717  000E  00F3               	movwf	??_ISR+3
   718  000F  120A  118A  2827   	ljmp	_ISR


Data Sizes:
    Strings     0
    Constant    0
    Data        2
    BSS         4
    Persistent  0
    Stack       0

Auto Spaces:
    Space          Size  Autos    Used
    COMMON           14      7       9
    BANK0            80      4       8
    BANK1            80      0       0
    BANK3            96      0       0
    BANK2            96      0       0

Pointer List with Targets:

    None.

Critical Paths under _main in COMMON

    _main->_delay

Critical Paths under _ISR in COMMON

    None.

Critical Paths under _main in BANK0

    _main->_delay

Critical Paths under _ISR in BANK0

    None.

Critical Paths under _main in BANK1

    None.

Critical Paths under _ISR in BANK1

    None.

Critical Paths under _main in BANK3

    None.

Critical Paths under _ISR in BANK3

    None.

Critical Paths under _main in BANK2

    None.

Critical Paths under _ISR in BANK2

    None.

Call Graph Tables:

 ---------------------------------------------------------------------------------
 (Depth) Function   	        Calls       Base Space   Used Autos Params    Refs
 ---------------------------------------------------------------------------------
 (0) _main                                                 2     2      0     204
                                              2 BANK0      2     2      0
                              _delay
 ---------------------------------------------------------------------------------
 (1) _delay                                                5     2      3     102
                                              4 COMMON     3     0      3
                                              0 BANK0      2     2      0
 ---------------------------------------------------------------------------------
 Estimated maximum stack depth 1
 ---------------------------------------------------------------------------------
 (Depth) Function   	        Calls       Base Space   Used Autos Params    Refs
 ---------------------------------------------------------------------------------
 (2) _ISR                                                  4     4      0       0
                                              0 COMMON     4     4      0
 ---------------------------------------------------------------------------------
 Estimated maximum stack depth 2
 ---------------------------------------------------------------------------------

 Call Graph Graphs:

 _main (ROOT)
   _delay

 _ISR (ROOT)

 Address spaces:
Name               Size   Autos  Total    Cost      Usage
BANK3               60      0       0       9        0.0%
BITBANK3            60      0       0       8        0.0%
SFR3                 0      0       0       4        0.0%
BITSFR3              0      0       0       4        0.0%
BANK2               60      0       0      11        0.0%
BITBANK2            60      0       0      10        0.0%
SFR2                 0      0       0       5        0.0%
BITSFR2              0      0       0       5        0.0%
BANK1               50      0       0       7        0.0%
BITBANK1            50      0       0       6        0.0%
SFR1                 0      0       0       2        0.0%
BITSFR1              0      0       0       2        0.0%
BANK0               50      4       8       5       10.0%
BITBANK0            50      0       0       4        0.0%
SFR0                 0      0       0       1        0.0%
BITSFR0              0      0       0       1        0.0%
COMMON               E      7       9       1       64.3%
BITCOMMON            E      0       0       0        0.0%
CODE                 0      0       0       0        0.0%
DATA                 0      0      11      12        0.0%
ABS                  0      0      11       3        0.0%
NULL                 0      0       0       0        0.0%
STACK                0      0       0       2        0.0%
EEDATA             100      0       0       0        0.0%


Microchip Technology PIC Macro Assembler V1.33 build 59893 
Symbol Table                                                                                   Wed Feb 28 17:35:33 2024

            __CFG_CP$OFF 0000                       l65 0097                      l725 00D1  
                    l761 00B7                      l763 00B9                      _GIE 005F  
                    u165 00DC                      u175 00A4             __CFG_CPD$OFF 0000  
                    _ISR 0027                      fsr0 0004             __CFG_FOSC$XT 0000  
           __CFG_LVP$OFF 0000                     ?_ISR 0070                     _PEIE 005E  
                   _INTE 005C                     _INTF 0059                     _RBIE 005B  
                   _RBIF 0058                     i1l44 0070             __CFG_WRT$OFF 0000  
                   _main 0083                     btemp 007E            __CFG_BOREN$ON 0000  
                   ltemp 007E                     start 0012                     ttemp 007E  
                   wtemp 007E                    ??_ISR 0070                    ?_main 0070  
          __CFG_WDTE$OFF 0000                    i1l641 002E                    i1l651 0038  
                  i1l643 0030                    i1l653 003A                    i1l645 0032  
                  i1l637 002B                    i1l655 003C                    i1l647 0034  
                  i1l639 002C                    i1l663 0044                    i1l673 0077  
                  i1l657 0041                    i1l649 0036                    i1l665 006A  
                  i1l659 0041                    _PORTC 0007                    _PORTD 0008  
                  _TRISB 0086                    _TRISC 0087                    _TRISD 0088  
          __CFG_PWRTE$ON 0000                    _delay 00CD                    _count 0020  
                  main@i 0026                    pclath 000A                    ltemp0 007E  
                  ltemp1 0082                    ltemp2 0086                    ltemp3 0080  
                  ttemp0 007E                    ttemp1 0081                    ttemp2 0084  
                  ttemp3 0087                    ttemp4 007F                    status 0003  
                  wtemp0 007E                    wtemp1 0080                    wtemp2 0082  
                  wtemp3 0084                    wtemp4 0086                    wtemp5 0088  
                  wtemp6 007F          __initialization 0015             __end_of_main 00CD  
                 ??_main 0077                   ?_delay 0074                   _TMR0IE 005D  
                 _TMR0IF 005A             __pdataCOMMON 0077                   saved_w 007E  
__end_of__initialization 0023           __pcstackCOMMON 0070            __end_of_delay 00EE  
                ??_delay 0077               __pbssBANK0 0020               __pmaintext 0083  
             __pintentry 0004               _count_flag 0077                  __ptext1 00CD  
                __ptext2 0027             __size_of_ISR 005C          _countIsUpdating 0022  
   end_of_initialization 0023            __pidataCOMMON 00EE      start_initialization 0015  
            __end_of_ISR 0083                ___latbits 0002            __pcstackBANK0 0024  
        delay@localClock 0024           __size_of_delay 0021        interrupt_function 0004  
          __size_of_main 004A              delay@timeIn 0074                 intlevel1 0000  
             _OPTION_REG 0081  
