

Microchip Technology PIC LITE Macro Assembler V1.33 build 59893 
                                                                                               Tue Mar 05 22:20:07 2024

Microchip Technology Omniscient Code Generator (Lite mode) build 59893
     1                           	processor	16F877A
     2                           	opt	pw 120
     3                           	opt	lm
     4                           	psect	text0,local,class=CODE,merge=1,delta=2
     5                           	psect	cinit,global,class=CODE,merge=1,delta=2
     6                           	psect	cstackCOMMON,global,class=COMMON,space=1,delta=1
     7                           	psect	maintext,global,class=CODE,split=1,delta=2
     8                           	psect	text1,local,class=CODE,merge=1,delta=2
     9                           	psect	intentry,global,class=CODE,delta=2
    10                           	dabs	1,0x7E,2
    11  0000                     	;# 
    12  0001                     	;# 
    13  0002                     	;# 
    14  0003                     	;# 
    15  0004                     	;# 
    16  0005                     	;# 
    17  0006                     	;# 
    18  0007                     	;# 
    19  0008                     	;# 
    20  0009                     	;# 
    21  000A                     	;# 
    22  000B                     	;# 
    23  000C                     	;# 
    24  000D                     	;# 
    25  000E                     	;# 
    26  000E                     	;# 
    27  000F                     	;# 
    28  0010                     	;# 
    29  0011                     	;# 
    30  0012                     	;# 
    31  0013                     	;# 
    32  0014                     	;# 
    33  0015                     	;# 
    34  0015                     	;# 
    35  0016                     	;# 
    36  0017                     	;# 
    37  0018                     	;# 
    38  0019                     	;# 
    39  001A                     	;# 
    40  001B                     	;# 
    41  001B                     	;# 
    42  001C                     	;# 
    43  001D                     	;# 
    44  001E                     	;# 
    45  001F                     	;# 
    46  0081                     	;# 
    47  0085                     	;# 
    48  0086                     	;# 
    49  0087                     	;# 
    50  0088                     	;# 
    51  0089                     	;# 
    52  008C                     	;# 
    53  008D                     	;# 
    54  008E                     	;# 
    55  0091                     	;# 
    56  0092                     	;# 
    57  0093                     	;# 
    58  0094                     	;# 
    59  0098                     	;# 
    60  0099                     	;# 
    61  009C                     	;# 
    62  009D                     	;# 
    63  009E                     	;# 
    64  009F                     	;# 
    65  010C                     	;# 
    66  010D                     	;# 
    67  010E                     	;# 
    68  010F                     	;# 
    69  018C                     	;# 
    70  018D                     	;# 
    71  0015                     _CCPR1	set	21
    72  0017                     _CCP1CON	set	23
    73  0010                     _T1CON	set	16
    74  0062                     _CCP1IF	set	98
    75  005F                     _GIE	set	95
    76  005E                     _PEIE	set	94
    77  0028                     _RA0	set	40
    78  0080                     _TMR1ON	set	128
    79  009F                     _ADCON1	set	159
    80  0085                     _TRISA	set	133
    81  0462                     _CCP1IE	set	1122
    82                           
    83                           	psect	text0
    84  0000                     __ptext0:	
    85                           ; #config settings
    86                           
    87                           
    88                           ;psect for function _ISR
    89  0000                     
    90                           	psect	cinit
    91  0015                     start_initialization:	
    92  0015                     __initialization:	
    93  0015                     end_of_initialization:	
    94                           ;End of C runtime variable initialization code
    95                           
    96  0015                     __end_of__initialization:	
    97  0015  0183               	clrf	3
    98  0016  120A  118A  2819   	ljmp	_main	;jump to C main() function
    99                           
   100                           	psect	cstackCOMMON
   101  0070                     __pcstackCOMMON:	
   102  0070                     ?_ISR:	
   103  0070                     ??_ISR:	
   104                           ; 0 bytes @ 0x0
   105                           
   106  0070                     ?_main:	
   107                           ; 0 bytes @ 0x0
   108                           
   109                           
   110                           ; 0 bytes @ 0x0
   111  0070                     	ds	4
   112  0074                     ??_main:	
   113                           
   114                           	psect	maintext
   115  0019                     __pmaintext:	
   116                           ; 0 bytes @ 0x4
   117 ;;
   118 ;;Main: autosize = 0, tempsize = 0, incstack = 0, save=0
   119 ;;
   120 ;; *************** function _main *****************
   121 ;; Defined at:
   122 ;;		line 45 in file "C:\Users\notjo\OneDrive\Desktop\USC\USC-Year3-Sem2\3201-EmbeddedSystems\Labs\LE_04\LE4-4\LE4-4.c"
   123 ;; Parameters:    Size  Location     Type
   124 ;;		None
   125 ;; Auto vars:     Size  Location     Type
   126 ;;		None
   127 ;; Return value:  Size  Location     Type
   128 ;;		None               void
   129 ;; Registers used:
   130 ;;		wreg, status,2
   131 ;; Tracked objects:
   132 ;;		On entry : 17F/0
   133 ;;		On exit  : 0/0
   134 ;;		Unchanged: 0/0
   135 ;; Data sizes:     COMMON   BANK0   BANK1   BANK3   BANK2
   136 ;;      Params:         0       0       0       0       0
   137 ;;      Locals:         0       0       0       0       0
   138 ;;      Temps:          0       0       0       0       0
   139 ;;      Totals:         0       0       0       0       0
   140 ;;Total ram usage:        0 bytes
   141 ;; Hardware stack levels required when called:    1
   142 ;; This function calls:
   143 ;;		Nothing
   144 ;; This function is called by:
   145 ;;		Startup code after reset
   146 ;; This function uses a non-reentrant model
   147 ;;
   148                           
   149                           
   150                           ;psect for function _main
   151  0019                     _main:	
   152                           
   153                           ;LE4-4.c: 47: ADCON1 = 0x06;
   154                           
   155                           ;incstack = 0
   156                           ; Regs used in _main: [wreg+status,2]
   157  0019  3006               	movlw	6
   158  001A  1683               	bsf	3,5	;RP0=1, select bank1
   159  001B  1303               	bcf	3,6	;RP1=0, select bank1
   160  001C  009F               	movwf	31	;volatile
   161                           
   162                           ;LE4-4.c: 48: TRISA = 0x00;
   163  001D  0185               	clrf	5	;volatile
   164                           
   165                           ;LE4-4.c: 49: RA0 = 0;
   166  001E  1283               	bcf	3,5	;RP0=0, select bank0
   167  001F  1303               	bcf	3,6	;RP1=0, select bank0
   168  0020  1005               	bcf	5,0	;volatile
   169                           
   170                           ;LE4-4.c: 50: T1CON = 0x20;
   171  0021  3020               	movlw	32
   172  0022  0090               	movwf	16	;volatile
   173                           
   174                           ;LE4-4.c: 51: CCP1CON = 0x0A;
   175  0023  300A               	movlw	10
   176  0024  0097               	movwf	23	;volatile
   177                           
   178                           ;LE4-4.c: 52: CCP1IE = 1;
   179  0025  1683               	bsf	3,5	;RP0=1, select bank1
   180  0026  1303               	bcf	3,6	;RP1=0, select bank1
   181  0027  150C               	bsf	12,2	;volatile
   182                           
   183                           ;LE4-4.c: 53: CCP1IF = 0;
   184  0028  1283               	bcf	3,5	;RP0=0, select bank0
   185  0029  1303               	bcf	3,6	;RP1=0, select bank0
   186  002A  110C               	bcf	12,2	;volatile
   187                           
   188                           ;LE4-4.c: 54: CCPR1 = 0x4E2;
   189  002B  3004               	movlw	4
   190  002C  0096               	movwf	22	;volatile
   191  002D  30E2               	movlw	226
   192  002E  0095               	movwf	21	;volatile
   193                           
   194                           ;LE4-4.c: 55: PEIE = 1;
   195  002F  170B               	bsf	11,6	;volatile
   196                           
   197                           ;LE4-4.c: 56: GIE = 1;
   198  0030  178B               	bsf	11,7	;volatile
   199                           
   200                           ;LE4-4.c: 57: TMR1ON = 1;
   201  0031  1410               	bsf	16,0	;volatile
   202  0032                     l29:	
   203                           ;LE4-4.c: 60: for(;;)
   204                           
   205                           
   206                           ;LE4-4.c: 61: {
   207                           ;LE4-4.c: 62: }
   208  0032  2832               	goto	l29
   209  0033                     __end_of_main:	
   210                           
   211                           	psect	text1
   212  0033                     __ptext1:	
   213 ;; *************** function _ISR *****************
   214 ;; Defined at:
   215 ;;		line 25 in file "C:\Users\notjo\OneDrive\Desktop\USC\USC-Year3-Sem2\3201-EmbeddedSystems\Labs\LE_04\LE4-4\LE4-4.c"
   216 ;; Parameters:    Size  Location     Type
   217 ;;		None
   218 ;; Auto vars:     Size  Location     Type
   219 ;;		None
   220 ;; Return value:  Size  Location     Type
   221 ;;		None               void
   222 ;; Registers used:
   223 ;;		wreg
   224 ;; Tracked objects:
   225 ;;		On entry : 0/0
   226 ;;		On exit  : 0/0
   227 ;;		Unchanged: 0/0
   228 ;; Data sizes:     COMMON   BANK0   BANK1   BANK3   BANK2
   229 ;;      Params:         0       0       0       0       0
   230 ;;      Locals:         0       0       0       0       0
   231 ;;      Temps:          4       0       0       0       0
   232 ;;      Totals:         4       0       0       0       0
   233 ;;Total ram usage:        4 bytes
   234 ;; Hardware stack levels used:    1
   235 ;; This function calls:
   236 ;;		Nothing
   237 ;; This function is called by:
   238 ;;		Interrupt level 1
   239 ;; This function uses a non-reentrant model
   240 ;;
   241                           
   242                           
   243                           ;psect for function _ISR
   244  0033                     _ISR:	
   245                           
   246                           ;LE4-4.c: 27: GIE = 0;
   247  0033  138B               	bcf	11,7	;volatile
   248                           
   249                           ;LE4-4.c: 28: if(CCP1IF==1)
   250  0034  1D0C               	btfss	12,2	;volatile
   251  0035  2839               	goto	i1l494
   252                           
   253                           ;LE4-4.c: 29: {
   254                           ;LE4-4.c: 30: CCP1IF = 0;
   255  0036  110C               	bcf	12,2	;volatile
   256                           
   257                           ;LE4-4.c: 31: RA0 = RA0^1;
   258  0037  3001               	movlw	1
   259  0038  0685               	xorwf	5,f
   260  0039                     i1l494:	
   261                           
   262                           ;LE4-4.c: 32: }
   263                           ;LE4-4.c: 33: GIE = 1;
   264  0039  178B               	bsf	11,7	;volatile
   265  003A  0873               	movf	??_ISR+3,w
   266  003B  00FF               	movwf	127
   267  003C  0872               	movf	??_ISR+2,w
   268  003D  008A               	movwf	10
   269  003E  0871               	movf	??_ISR+1,w
   270  003F  0084               	movwf	4
   271  0040  0E70               	swapf	??_ISR^(0+-128),w
   272  0041  0083               	movwf	3
   273  0042  0EFE               	swapf	126,f
   274  0043  0E7E               	swapf	126,w
   275  0044  0009               	retfie
   276  0045                     __end_of_ISR:	
   277  007E                     btemp	set	126	;btemp
   278  007E                     wtemp	set	126
   279  007E                     wtemp0	set	126
   280  0080                     wtemp1	set	128
   281  0082                     wtemp2	set	130
   282  0084                     wtemp3	set	132
   283  0086                     wtemp4	set	134
   284  0088                     wtemp5	set	136
   285  007F                     wtemp6	set	127
   286  007E                     ttemp	set	126
   287  007E                     ttemp0	set	126
   288  0081                     ttemp1	set	129
   289  0084                     ttemp2	set	132
   290  0087                     ttemp3	set	135
   291  007F                     ttemp4	set	127
   292  007E                     ltemp	set	126
   293  007E                     ltemp0	set	126
   294  0082                     ltemp1	set	130
   295  0086                     ltemp2	set	134
   296  0080                     ltemp3	set	128
   297                           
   298                           	psect	intentry
   299  0004                     __pintentry:	
   300                           ;incstack = 0
   301                           ; Regs used in _ISR: [wreg]
   302                           
   303  0004                     interrupt_function:	
   304  007E                     saved_w	set	btemp
   305  0004  00FE               	movwf	btemp
   306  0005  0E03               	swapf	3,w
   307  0006  00F0               	movwf	??_ISR
   308  0007  0804               	movf	4,w
   309  0008  00F1               	movwf	??_ISR+1
   310  0009  080A               	movf	10,w
   311  000A  00F2               	movwf	??_ISR+2
   312  000B  1283               	bcf	3,5	;RP0=0, select bank0
   313  000C  1303               	bcf	3,6	;RP1=0, select bank0
   314  000D  087F               	movf	btemp+1,w
   315  000E  00F3               	movwf	??_ISR+3
   316  000F  120A  118A  2833   	ljmp	_ISR


Data Sizes:
    Strings     0
    Constant    0
    Data        0
    BSS         0
    Persistent  0
    Stack       0

Auto Spaces:
    Space          Size  Autos    Used
    COMMON           14      4       4
    BANK0            80      0       0
    BANK1            80      0       0
    BANK3            96      0       0
    BANK2            96      0       0

Pointer List with Targets:

    None.

Critical Paths under _main in COMMON

    None.

Critical Paths under _ISR in COMMON

    None.

Critical Paths under _main in BANK0

    None.

Critical Paths under _ISR in BANK0

    None.

Critical Paths under _main in BANK1

    None.

Critical Paths under _ISR in BANK1

    None.

Critical Paths under _main in BANK3

    None.

Critical Paths under _ISR in BANK3

    None.

Critical Paths under _main in BANK2

    None.

Critical Paths under _ISR in BANK2

    None.

Call Graph Tables:

 ---------------------------------------------------------------------------------
 (Depth) Function   	        Calls       Base Space   Used Autos Params    Refs
 ---------------------------------------------------------------------------------
 (0) _main                                                 0     0      0       0
 ---------------------------------------------------------------------------------
 Estimated maximum stack depth 0
 ---------------------------------------------------------------------------------
 (Depth) Function   	        Calls       Base Space   Used Autos Params    Refs
 ---------------------------------------------------------------------------------
 (1) _ISR                                                  4     4      0       0
                                              0 COMMON     4     4      0
 ---------------------------------------------------------------------------------
 Estimated maximum stack depth 1
 ---------------------------------------------------------------------------------

 Call Graph Graphs:

 _main (ROOT)

 _ISR (ROOT)

 Address spaces:
Name               Size   Autos  Total    Cost      Usage
BITCOMMON            E      0       0       0        0.0%
EEDATA             100      0       0       0        0.0%
NULL                 0      0       0       0        0.0%
CODE                 0      0       0       0        0.0%
COMMON               E      4       4       1       28.6%
BITSFR0              0      0       0       1        0.0%
SFR0                 0      0       0       1        0.0%
BITSFR1              0      0       0       2        0.0%
SFR1                 0      0       0       2        0.0%
STACK                0      0       0       2        0.0%
ABS                  0      0       0       3        0.0%
BITBANK0            50      0       0       4        0.0%
BITSFR3              0      0       0       4        0.0%
SFR3                 0      0       0       4        0.0%
BANK0               50      0       0       5        0.0%
BITSFR2              0      0       0       5        0.0%
SFR2                 0      0       0       5        0.0%
BITBANK1            50      0       0       6        0.0%
BANK1               50      0       0       7        0.0%
BITBANK3            60      0       0       8        0.0%
BANK3               60      0       0       9        0.0%
BITBANK2            60      0       0      10        0.0%
BANK2               60      0       0      11        0.0%
DATA                 0      0       0      12        0.0%


Microchip Technology PIC Macro Assembler V1.33 build 59893 
Symbol Table                                                                                   Tue Mar 05 22:20:07 2024

            __CFG_CP$OFF 0000                       l29 0032                      _GIE 005F  
                    _RA0 0028             __CFG_CPD$OFF 0000                      _ISR 0033  
                    fsr0 0004             __CFG_FOSC$XT 0000             __CFG_LVP$OFF 0000  
                   ?_ISR 0070                     _PEIE 005E             __CFG_WRT$OFF 0000  
                   _main 0019                     btemp 007E            __CFG_BOREN$ON 0000  
                   ltemp 007E                     start 0012                     ttemp 007E  
                   wtemp 007E                    ??_ISR 0070                    ?_main 0070  
                  _CCPR1 0015            __CFG_WDTE$OFF 0000                    _T1CON 0010  
                  i1l494 0039                    _TRISA 0085            __CFG_PWRTE$ON 0000  
                  pclath 000A                    ltemp0 007E                    ltemp1 0082  
                  ltemp2 0086                    ltemp3 0080                    ttemp0 007E  
                  ttemp1 0081                    ttemp2 0084                    ttemp3 0087  
                  ttemp4 007F                    status 0003                    wtemp0 007E  
                  wtemp1 0080                    wtemp2 0082                    wtemp3 0084  
                  wtemp4 0086                    wtemp5 0088                    wtemp6 007F  
        __initialization 0015             __end_of_main 0033                   ??_main 0074  
                 _ADCON1 009F                   _CCP1IE 0462                   _CCP1IF 0062  
                 _TMR1ON 0080                   saved_w 007E  __end_of__initialization 0015  
         __pcstackCOMMON 0070               __pmaintext 0019               __pintentry 0004  
                _CCP1CON 0017                  __ptext0 0000                  __ptext1 0033  
           __size_of_ISR 0012     end_of_initialization 0015      start_initialization 0015  
            __end_of_ISR 0045                ___latbits 0002        interrupt_function 0004  
          __size_of_main 001A                 intlevel1 0000  
