

Microchip Technology PIC LITE Macro Assembler V1.33 build 59893 
                                                                                               Fri Apr 26 22:00:33 2024

Microchip Technology Omniscient Code Generator (Lite mode) build 59893
     1                           	processor	16F877A
     2                           	opt	pw 120
     3                           	opt	lm
     4                           	psect	text0,local,class=CODE,merge=1,delta=2
     5                           	psect	cinit,global,class=CODE,merge=1,delta=2
     6                           	psect	cstackCOMMON,global,class=COMMON,space=1,delta=1
     7                           	psect	cstackBANK0,global,class=BANK0,space=1,delta=1
     8                           	psect	maintext,global,class=CODE,split=1,delta=2
     9                           	psect	text1,local,class=CODE,merge=1,delta=2
    10                           	psect	text2,local,class=CODE,merge=1,delta=2
    11                           	psect	text3,local,class=CODE,merge=1,delta=2
    12                           	psect	text4,local,class=CODE,merge=1,delta=2
    13                           	psect	text5,local,class=CODE,merge=1,delta=2
    14                           	psect	text6,local,class=CODE,merge=1,delta=2
    15                           	psect	text7,local,class=CODE,merge=1,delta=2
    16                           	psect	intentry,global,class=CODE,delta=2
    17                           	dabs	1,0x7E,2
    18  0000                     	;# 
    19  0001                     	;# 
    20  0002                     	;# 
    21  0003                     	;# 
    22  0004                     	;# 
    23  0005                     	;# 
    24  0006                     	;# 
    25  0007                     	;# 
    26  0008                     	;# 
    27  0009                     	;# 
    28  000A                     	;# 
    29  000B                     	;# 
    30  000C                     	;# 
    31  000D                     	;# 
    32  000E                     	;# 
    33  000E                     	;# 
    34  000F                     	;# 
    35  0010                     	;# 
    36  0011                     	;# 
    37  0012                     	;# 
    38  0013                     	;# 
    39  0014                     	;# 
    40  0015                     	;# 
    41  0015                     	;# 
    42  0016                     	;# 
    43  0017                     	;# 
    44  0018                     	;# 
    45  0019                     	;# 
    46  001A                     	;# 
    47  001B                     	;# 
    48  001B                     	;# 
    49  001C                     	;# 
    50  001D                     	;# 
    51  001E                     	;# 
    52  001F                     	;# 
    53  0081                     	;# 
    54  0085                     	;# 
    55  0086                     	;# 
    56  0087                     	;# 
    57  0088                     	;# 
    58  0089                     	;# 
    59  008C                     	;# 
    60  008D                     	;# 
    61  008E                     	;# 
    62  0091                     	;# 
    63  0092                     	;# 
    64  0093                     	;# 
    65  0094                     	;# 
    66  0098                     	;# 
    67  0099                     	;# 
    68  009C                     	;# 
    69  009D                     	;# 
    70  009E                     	;# 
    71  009F                     	;# 
    72  010C                     	;# 
    73  010D                     	;# 
    74  010E                     	;# 
    75  010F                     	;# 
    76  018C                     	;# 
    77  018D                     	;# 
    78  0006                     _PORTB	set	6
    79  0008                     _PORTD	set	8
    80  0013                     _SSPBUF	set	19
    81  0014                     _SSPCON	set	20
    82  00A4                     _CKP	set	164
    83  005F                     _GIE	set	95
    84  005E                     _PEIE	set	94
    85  0063                     _SSPIF	set	99
    86  00A6                     _SSPOV	set	166
    87  00A7                     _WCOL	set	167
    88  0093                     _SSPADD	set	147
    89  0091                     _SSPCON2	set	145
    90  0094                     _SSPSTAT	set	148
    91  0094                     _SSPSTATbits	set	148
    92  0086                     _TRISB	set	134
    93  0088                     _TRISD	set	136
    94  048D                     _ACKDT	set	1165
    95  048C                     _ACKEN	set	1164
    96  04A0                     _BF	set	1184
    97  048A                     _PEN	set	1162
    98  048B                     _RCEN	set	1163
    99  0489                     _RSEN	set	1161
   100  0488                     _SEN	set	1160
   101  0463                     _SSPIE	set	1123
   102  043B                     _TRISC3	set	1083
   103  043C                     _TRISC4	set	1084
   104                           
   105                           	psect	text0
   106  0000                     __ptext0:	
   107                           ; #config settings
   108                           
   109                           
   110                           ;psect for function _ISR
   111  0000                     
   112                           	psect	cinit
   113  0015                     start_initialization:	
   114  0015                     __initialization:	
   115  0015                     end_of_initialization:	
   116                           ;End of C runtime variable initialization code
   117                           
   118  0015                     __end_of__initialization:	
   119  0015  0183               	clrf	3
   120  0016  120A  118A  2819   	ljmp	_main	;jump to C main() function
   121                           
   122                           	psect	cstackCOMMON
   123  0070                     __pcstackCOMMON:	
   124  0070                     ?_init_I2C_Master:	
   125  0070                     ?_I2C_Start:	
   126                           ; 0 bytes @ 0x0
   127                           
   128  0070                     ?_I2C_Send:	
   129                           ; 0 bytes @ 0x0
   130                           
   131  0070                     ?_I2C_Stop:	
   132                           ; 0 bytes @ 0x0
   133                           
   134  0070                     ?_ISR:	
   135                           ; 0 bytes @ 0x0
   136                           
   137  0070                     ??_ISR:	
   138                           ; 0 bytes @ 0x0
   139                           
   140  0070                     ?_main:	
   141                           ; 0 bytes @ 0x0
   142                           
   143  0070                     ?_I2C_Wait:	
   144                           ; 0 bytes @ 0x0
   145                           
   146  0070                     ?_I2C_Receive:	
   147                           ; 0 bytes @ 0x0
   148                           
   149                           
   150                           ; 1 bytes @ 0x0
   151  0070                     	ds	5
   152  0075                     ISR@temp:	
   153                           
   154                           ; 1 bytes @ 0x5
   155  0075                     	ds	1
   156  0076                     ??_init_I2C_Master:	
   157  0076                     ??_I2C_Start:	
   158                           ; 0 bytes @ 0x6
   159                           
   160  0076                     ??_I2C_Send:	
   161                           ; 0 bytes @ 0x6
   162                           
   163  0076                     ??_I2C_Stop:	
   164                           ; 0 bytes @ 0x6
   165                           
   166  0076                     ??_I2C_Receive:	
   167                           ; 0 bytes @ 0x6
   168                           
   169  0076                     ??_I2C_Wait:	
   170                           ; 0 bytes @ 0x6
   171                           
   172  0076                     I2C_Send@data:	
   173                           ; 0 bytes @ 0x6
   174                           
   175                           
   176                           ; 1 bytes @ 0x6
   177  0076                     	ds	1
   178                           
   179                           	psect	cstackBANK0
   180  0020                     __pcstackBANK0:	
   181  0020                     I2C_Receive@ack:	
   182                           
   183                           ; 1 bytes @ 0x0
   184  0020                     	ds	1
   185  0021                     I2C_Receive@temp:	
   186                           
   187                           ; 1 bytes @ 0x1
   188  0021                     	ds	1
   189  0022                     ??_main:	
   190                           
   191                           ; 0 bytes @ 0x2
   192  0022                     	ds	3
   193                           
   194                           	psect	maintext
   195  0019                     __pmaintext:	
   196 ;;
   197 ;;Main: autosize = 0, tempsize = 3, incstack = 0, save=0
   198 ;;
   199 ;; *************** function _main *****************
   200 ;; Defined at:
   201 ;;		line 90 in file "C:\Users\notjo\OneDrive\Desktop\USC\USC-Year3-Sem2\3201-EmbeddedSystems\Labs\LE_07\LE7-2\LE7-2_MAST
      +ER.c"
   202 ;; Parameters:    Size  Location     Type
   203 ;;		None
   204 ;; Auto vars:     Size  Location     Type
   205 ;;		None
   206 ;; Return value:  Size  Location     Type
   207 ;;		None               void
   208 ;; Registers used:
   209 ;;		wreg, status,2, status,0, pclath, cstack
   210 ;; Tracked objects:
   211 ;;		On entry : 17F/0
   212 ;;		On exit  : 0/0
   213 ;;		Unchanged: 0/0
   214 ;; Data sizes:     COMMON   BANK0   BANK1   BANK3   BANK2
   215 ;;      Params:         0       0       0       0       0
   216 ;;      Locals:         0       0       0       0       0
   217 ;;      Temps:          0       3       0       0       0
   218 ;;      Totals:         0       3       0       0       0
   219 ;;Total ram usage:        3 bytes
   220 ;; Hardware stack levels required when called:    3
   221 ;; This function calls:
   222 ;;		_I2C_Receive
   223 ;;		_I2C_Send
   224 ;;		_I2C_Start
   225 ;;		_I2C_Stop
   226 ;;		_init_I2C_Master
   227 ;; This function is called by:
   228 ;;		Startup code after reset
   229 ;; This function uses a non-reentrant model
   230 ;;
   231                           
   232                           
   233                           ;psect for function _main
   234  0019                     _main:	
   235                           
   236                           ;LE7-2_MASTER.c: 92: TRISB = 0x00;
   237                           
   238                           ;incstack = 0
   239                           ; Regs used in _main: [wreg+status,2+status,0+pclath+cstack]
   240  0019  1683               	bsf	3,5	;RP0=1, select bank1
   241  001A  1303               	bcf	3,6	;RP1=0, select bank1
   242  001B  0186               	clrf	6	;volatile
   243                           
   244                           ;LE7-2_MASTER.c: 93: PORTB = 0x00;
   245  001C  1283               	bcf	3,5	;RP0=0, select bank0
   246  001D  1303               	bcf	3,6	;RP1=0, select bank0
   247  001E  0186               	clrf	6	;volatile
   248                           
   249                           ;LE7-2_MASTER.c: 94: TRISD = 0xFF;
   250  001F  30FF               	movlw	255
   251  0020  1683               	bsf	3,5	;RP0=1, select bank1
   252  0021  1303               	bcf	3,6	;RP1=0, select bank1
   253  0022  0088               	movwf	8	;volatile
   254                           
   255                           ;LE7-2_MASTER.c: 95: init_I2C_Master();
   256  0023  120A  118A  20E3  120A  118A  	fcall	_init_I2C_Master
   257  0028                     l714:	
   258                           ;LE7-2_MASTER.c: 96: for(;;)
   259                           
   260                           
   261                           ;LE7-2_MASTER.c: 97: {
   262                           ;LE7-2_MASTER.c: 98: I2C_Start();
   263  0028  120A  118A  210A  120A  118A  	fcall	_I2C_Start
   264                           
   265                           ;LE7-2_MASTER.c: 99: I2C_Send(0x10);
   266  002D  3010               	movlw	16
   267  002E  120A  118A  20F2  120A  118A  	fcall	_I2C_Send
   268                           
   269                           ;LE7-2_MASTER.c: 100: I2C_Send(PORTD);
   270  0033  1283               	bcf	3,5	;RP0=0, select bank0
   271  0034  1303               	bcf	3,6	;RP1=0, select bank0
   272  0035  0808               	movf	8,w	;volatile
   273  0036  120A  118A  20F2  120A  118A  	fcall	_I2C_Send
   274                           
   275                           ;LE7-2_MASTER.c: 101: I2C_Stop();
   276  003B  120A  118A  2103  120A  118A  	fcall	_I2C_Stop
   277                           
   278                           ;LE7-2_MASTER.c: 102: _delay((unsigned long)((200)*(4000000/4000.0)));
   279  0040  3002               	movlw	2
   280  0041  1283               	bcf	3,5	;RP0=0, select bank0
   281  0042  1303               	bcf	3,6	;RP1=0, select bank0
   282  0043  00A4               	movwf	??_main+2
   283  0044  3004               	movlw	4
   284  0045  00A3               	movwf	??_main+1
   285  0046  30BA               	movlw	186
   286  0047  00A2               	movwf	??_main
   287  0048                     u177:	
   288  0048  0BA2               	decfsz	??_main,f
   289  0049  2848               	goto	u177
   290  004A  0BA3               	decfsz	??_main+1,f
   291  004B  2848               	goto	u177
   292  004C  0BA4               	decfsz	??_main+2,f
   293  004D  2848               	goto	u177
   294  004E  0000               	nop
   295                           
   296                           ;LE7-2_MASTER.c: 103: I2C_Start();
   297  004F  120A  118A  210A  120A  118A  	fcall	_I2C_Start
   298                           
   299                           ;LE7-2_MASTER.c: 104: I2C_Send(0x11);
   300  0054  3011               	movlw	17
   301  0055  120A  118A  20F2  120A  118A  	fcall	_I2C_Send
   302                           
   303                           ;LE7-2_MASTER.c: 105: PORTB = I2C_Receive(0);
   304  005A  3000               	movlw	0
   305  005B  120A  118A  20B7  120A  118A  	fcall	_I2C_Receive
   306  0060  1283               	bcf	3,5	;RP0=0, select bank0
   307  0061  1303               	bcf	3,6	;RP1=0, select bank0
   308  0062  0086               	movwf	6	;volatile
   309                           
   310                           ;LE7-2_MASTER.c: 108: I2C_Stop();
   311  0063  120A  118A  2103  120A  118A  	fcall	_I2C_Stop
   312                           
   313                           ;LE7-2_MASTER.c: 109: _delay((unsigned long)((200)*(4000000/4000.0)));
   314  0068  3002               	movlw	2
   315  0069  1283               	bcf	3,5	;RP0=0, select bank0
   316  006A  1303               	bcf	3,6	;RP1=0, select bank0
   317  006B  00A4               	movwf	??_main+2
   318  006C  3004               	movlw	4
   319  006D  00A3               	movwf	??_main+1
   320  006E  30BA               	movlw	186
   321  006F  00A2               	movwf	??_main
   322  0070                     u187:	
   323  0070  0BA2               	decfsz	??_main,f
   324  0071  2870               	goto	u187
   325  0072  0BA3               	decfsz	??_main+1,f
   326  0073  2870               	goto	u187
   327  0074  0BA4               	decfsz	??_main+2,f
   328  0075  2870               	goto	u187
   329  0076  0000               	nop
   330                           
   331                           ;LE7-2_MASTER.c: 110: }
   332  0077  2828               	goto	l714
   333  0078                     __end_of_main:	
   334                           
   335                           	psect	text1
   336  00E3                     __ptext1:	
   337 ;; *************** function _init_I2C_Master *****************
   338 ;; Defined at:
   339 ;;		line 149 in file "C:\Users\notjo\OneDrive\Desktop\USC\USC-Year3-Sem2\3201-EmbeddedSystems\Labs\LE_07\LE7-2\LE7-2_MAS
      +TER.c"
   340 ;; Parameters:    Size  Location     Type
   341 ;;		None
   342 ;; Auto vars:     Size  Location     Type
   343 ;;		None
   344 ;; Return value:  Size  Location     Type
   345 ;;		None               void
   346 ;; Registers used:
   347 ;;		wreg, status,2
   348 ;; Tracked objects:
   349 ;;		On entry : 0/0
   350 ;;		On exit  : 0/0
   351 ;;		Unchanged: 0/0
   352 ;; Data sizes:     COMMON   BANK0   BANK1   BANK3   BANK2
   353 ;;      Params:         0       0       0       0       0
   354 ;;      Locals:         0       0       0       0       0
   355 ;;      Temps:          0       0       0       0       0
   356 ;;      Totals:         0       0       0       0       0
   357 ;;Total ram usage:        0 bytes
   358 ;; Hardware stack levels used:    1
   359 ;; Hardware stack levels required when called:    1
   360 ;; This function calls:
   361 ;;		Nothing
   362 ;; This function is called by:
   363 ;;		_main
   364 ;; This function uses a non-reentrant model
   365 ;;
   366                           
   367                           
   368                           ;psect for function _init_I2C_Master
   369  00E3                     _init_I2C_Master:	
   370                           
   371                           ;LE7-2_MASTER.c: 151: TRISC3 = 1;
   372                           
   373                           ;incstack = 0
   374                           ; Regs used in _init_I2C_Master: [wreg+status,2]
   375  00E3  1683               	bsf	3,5	;RP0=1, select bank1
   376  00E4  1303               	bcf	3,6	;RP1=0, select bank1
   377  00E5  1587               	bsf	7,3	;volatile
   378                           
   379                           ;LE7-2_MASTER.c: 152: TRISC4 = 1;
   380  00E6  1607               	bsf	7,4	;volatile
   381                           
   382                           ;LE7-2_MASTER.c: 153: SSPCON = 0x28;
   383  00E7  3028               	movlw	40
   384  00E8  1283               	bcf	3,5	;RP0=0, select bank0
   385  00E9  1303               	bcf	3,6	;RP1=0, select bank0
   386  00EA  0094               	movwf	20	;volatile
   387                           
   388                           ;LE7-2_MASTER.c: 154: SSPCON2 = 0x00;
   389  00EB  1683               	bsf	3,5	;RP0=1, select bank1
   390  00EC  1303               	bcf	3,6	;RP1=0, select bank1
   391  00ED  0191               	clrf	17	;volatile
   392                           
   393                           ;LE7-2_MASTER.c: 156: SSPSTAT = 0x00;
   394  00EE  0194               	clrf	20	;volatile
   395                           
   396                           ;LE7-2_MASTER.c: 157: SSPADD = 0x09;
   397  00EF  3009               	movlw	9
   398  00F0  0093               	movwf	19	;volatile
   399  00F1  0008               	return
   400  00F2                     __end_of_init_I2C_Master:	
   401                           
   402                           	psect	text2
   403  0103                     __ptext2:	
   404 ;; *************** function _I2C_Stop *****************
   405 ;; Defined at:
   406 ;;		line 192 in file "C:\Users\notjo\OneDrive\Desktop\USC\USC-Year3-Sem2\3201-EmbeddedSystems\Labs\LE_07\LE7-2\LE7-2_MAS
      +TER.c"
   407 ;; Parameters:    Size  Location     Type
   408 ;;		None
   409 ;; Auto vars:     Size  Location     Type
   410 ;;		None
   411 ;; Return value:  Size  Location     Type
   412 ;;		None               void
   413 ;; Registers used:
   414 ;;		wreg, status,2, status,0, pclath, cstack
   415 ;; Tracked objects:
   416 ;;		On entry : 0/0
   417 ;;		On exit  : 0/0
   418 ;;		Unchanged: 0/0
   419 ;; Data sizes:     COMMON   BANK0   BANK1   BANK3   BANK2
   420 ;;      Params:         0       0       0       0       0
   421 ;;      Locals:         0       0       0       0       0
   422 ;;      Temps:          0       0       0       0       0
   423 ;;      Totals:         0       0       0       0       0
   424 ;;Total ram usage:        0 bytes
   425 ;; Hardware stack levels used:    1
   426 ;; Hardware stack levels required when called:    2
   427 ;; This function calls:
   428 ;;		_I2C_Wait
   429 ;; This function is called by:
   430 ;;		_main
   431 ;; This function uses a non-reentrant model
   432 ;;
   433                           
   434                           
   435                           ;psect for function _I2C_Stop
   436  0103                     _I2C_Stop:	
   437                           
   438                           ;LE7-2_MASTER.c: 195: I2C_Wait();
   439                           
   440                           ;incstack = 0
   441                           ; Regs used in _I2C_Stop: [wreg+status,2+status,0+pclath+cstack]
   442  0103  120A  118A  20FB   	fcall	_I2C_Wait
   443                           
   444                           ;LE7-2_MASTER.c: 197: PEN = 1;
   445  0106  1683               	bsf	3,5	;RP0=1, select bank1
   446  0107  1303               	bcf	3,6	;RP1=0, select bank1
   447  0108  1511               	bsf	17,2	;volatile
   448  0109  0008               	return
   449  010A                     __end_of_I2C_Stop:	
   450                           
   451                           	psect	text3
   452  010A                     __ptext3:	
   453 ;; *************** function _I2C_Start *****************
   454 ;; Defined at:
   455 ;;		line 178 in file "C:\Users\notjo\OneDrive\Desktop\USC\USC-Year3-Sem2\3201-EmbeddedSystems\Labs\LE_07\LE7-2\LE7-2_MAS
      +TER.c"
   456 ;; Parameters:    Size  Location     Type
   457 ;;		None
   458 ;; Auto vars:     Size  Location     Type
   459 ;;		None
   460 ;; Return value:  Size  Location     Type
   461 ;;		None               void
   462 ;; Registers used:
   463 ;;		wreg, status,2, status,0, pclath, cstack
   464 ;; Tracked objects:
   465 ;;		On entry : 0/0
   466 ;;		On exit  : 0/0
   467 ;;		Unchanged: 0/0
   468 ;; Data sizes:     COMMON   BANK0   BANK1   BANK3   BANK2
   469 ;;      Params:         0       0       0       0       0
   470 ;;      Locals:         0       0       0       0       0
   471 ;;      Temps:          0       0       0       0       0
   472 ;;      Totals:         0       0       0       0       0
   473 ;;Total ram usage:        0 bytes
   474 ;; Hardware stack levels used:    1
   475 ;; Hardware stack levels required when called:    2
   476 ;; This function calls:
   477 ;;		_I2C_Wait
   478 ;; This function is called by:
   479 ;;		_main
   480 ;; This function uses a non-reentrant model
   481 ;;
   482                           
   483                           
   484                           ;psect for function _I2C_Start
   485  010A                     _I2C_Start:	
   486                           
   487                           ;LE7-2_MASTER.c: 181: I2C_Wait();
   488                           
   489                           ;incstack = 0
   490                           ; Regs used in _I2C_Start: [wreg+status,2+status,0+pclath+cstack]
   491  010A  120A  118A  20FB   	fcall	_I2C_Wait
   492                           
   493                           ;LE7-2_MASTER.c: 183: SEN = 1;
   494  010D  1683               	bsf	3,5	;RP0=1, select bank1
   495  010E  1303               	bcf	3,6	;RP1=0, select bank1
   496  010F  1411               	bsf	17,0	;volatile
   497  0110  0008               	return
   498  0111                     __end_of_I2C_Start:	
   499                           
   500                           	psect	text4
   501  00F2                     __ptext4:	
   502 ;; *************** function _I2C_Send *****************
   503 ;; Defined at:
   504 ;;		line 220 in file "C:\Users\notjo\OneDrive\Desktop\USC\USC-Year3-Sem2\3201-EmbeddedSystems\Labs\LE_07\LE7-2\LE7-2_MAS
      +TER.c"
   505 ;; Parameters:    Size  Location     Type
   506 ;;  data            1    wreg     unsigned char 
   507 ;; Auto vars:     Size  Location     Type
   508 ;;  data            1    6[COMMON] unsigned char 
   509 ;; Return value:  Size  Location     Type
   510 ;;		None               void
   511 ;; Registers used:
   512 ;;		wreg, status,2, status,0, pclath, cstack
   513 ;; Tracked objects:
   514 ;;		On entry : 0/0
   515 ;;		On exit  : 0/0
   516 ;;		Unchanged: 0/0
   517 ;; Data sizes:     COMMON   BANK0   BANK1   BANK3   BANK2
   518 ;;      Params:         0       0       0       0       0
   519 ;;      Locals:         1       0       0       0       0
   520 ;;      Temps:          0       0       0       0       0
   521 ;;      Totals:         1       0       0       0       0
   522 ;;Total ram usage:        1 bytes
   523 ;; Hardware stack levels used:    1
   524 ;; Hardware stack levels required when called:    2
   525 ;; This function calls:
   526 ;;		_I2C_Wait
   527 ;; This function is called by:
   528 ;;		_main
   529 ;; This function uses a non-reentrant model
   530 ;;
   531                           
   532                           
   533                           ;psect for function _I2C_Send
   534  00F2                     _I2C_Send:	
   535                           
   536                           ;incstack = 0
   537                           ; Regs used in _I2C_Send: [wreg+status,2+status,0+pclath+cstack]
   538                           ;I2C_Send@data stored from wreg
   539  00F2  00F6               	movwf	I2C_Send@data
   540                           
   541                           ;LE7-2_MASTER.c: 223: I2C_Wait();
   542  00F3  120A  118A  20FB   	fcall	_I2C_Wait
   543                           
   544                           ;LE7-2_MASTER.c: 225: SSPBUF = data;
   545  00F6  0876               	movf	I2C_Send@data,w
   546  00F7  1283               	bcf	3,5	;RP0=0, select bank0
   547  00F8  1303               	bcf	3,6	;RP1=0, select bank0
   548  00F9  0093               	movwf	19	;volatile
   549  00FA  0008               	return
   550  00FB                     __end_of_I2C_Send:	
   551                           
   552                           	psect	text5
   553  00B7                     __ptext5:	
   554 ;; *************** function _I2C_Receive *****************
   555 ;; Defined at:
   556 ;;		line 234 in file "C:\Users\notjo\OneDrive\Desktop\USC\USC-Year3-Sem2\3201-EmbeddedSystems\Labs\LE_07\LE7-2\LE7-2_MAS
      +TER.c"
   557 ;; Parameters:    Size  Location     Type
   558 ;;  ack             1    wreg     unsigned char 
   559 ;; Auto vars:     Size  Location     Type
   560 ;;  ack             1    0[BANK0 ] unsigned char 
   561 ;;  temp            1    1[BANK0 ] unsigned char 
   562 ;; Return value:  Size  Location     Type
   563 ;;                  1    wreg      unsigned char 
   564 ;; Registers used:
   565 ;;		wreg, status,2, status,0, pclath, cstack
   566 ;; Tracked objects:
   567 ;;		On entry : 0/0
   568 ;;		On exit  : 0/0
   569 ;;		Unchanged: 0/0
   570 ;; Data sizes:     COMMON   BANK0   BANK1   BANK3   BANK2
   571 ;;      Params:         0       0       0       0       0
   572 ;;      Locals:         0       2       0       0       0
   573 ;;      Temps:          1       0       0       0       0
   574 ;;      Totals:         1       2       0       0       0
   575 ;;Total ram usage:        3 bytes
   576 ;; Hardware stack levels used:    1
   577 ;; Hardware stack levels required when called:    2
   578 ;; This function calls:
   579 ;;		_I2C_Wait
   580 ;; This function is called by:
   581 ;;		_main
   582 ;; This function uses a non-reentrant model
   583 ;;
   584                           
   585                           
   586                           ;psect for function _I2C_Receive
   587  00B7                     _I2C_Receive:	
   588                           
   589                           ;incstack = 0
   590                           ; Regs used in _I2C_Receive: [wreg+status,2+status,0+pclath+cstack]
   591                           ;I2C_Receive@ack stored from wreg
   592  00B7  1283               	bcf	3,5	;RP0=0, select bank0
   593  00B8  1303               	bcf	3,6	;RP1=0, select bank0
   594  00B9  00A0               	movwf	I2C_Receive@ack
   595                           
   596                           ;LE7-2_MASTER.c: 236: unsigned char temp;
   597                           ;LE7-2_MASTER.c: 237: I2C_Wait();
   598  00BA  120A  118A  20FB  120A  118A  	fcall	_I2C_Wait
   599                           
   600                           ;LE7-2_MASTER.c: 238: RCEN = 1;
   601  00BF  1683               	bsf	3,5	;RP0=1, select bank1
   602  00C0  1303               	bcf	3,6	;RP1=0, select bank1
   603  00C1  1591               	bsf	17,3	;volatile
   604                           
   605                           ;LE7-2_MASTER.c: 239: I2C_Wait();
   606  00C2  120A  118A  20FB  120A  118A  	fcall	_I2C_Wait
   607                           
   608                           ;LE7-2_MASTER.c: 240: temp = SSPBUF;
   609  00C7  1283               	bcf	3,5	;RP0=0, select bank0
   610  00C8  1303               	bcf	3,6	;RP1=0, select bank0
   611  00C9  0813               	movf	19,w	;volatile
   612  00CA  00F6               	movwf	??_I2C_Receive
   613  00CB  0876               	movf	??_I2C_Receive,w
   614  00CC  00A1               	movwf	I2C_Receive@temp
   615                           
   616                           ;LE7-2_MASTER.c: 241: I2C_Wait();
   617  00CD  120A  118A  20FB  120A  118A  	fcall	_I2C_Wait
   618                           
   619                           ;LE7-2_MASTER.c: 242: ACKDT = (ack)?0:1;
   620  00D2  1283               	bcf	3,5	;RP0=0, select bank0
   621  00D3  1303               	bcf	3,6	;RP1=0, select bank0
   622  00D4  08A0               	movf	I2C_Receive@ack,f
   623  00D5  1D03               	btfss	3,2
   624  00D6  28DB               	goto	u150
   625  00D7  1683               	bsf	3,5	;RP0=1, select bank1
   626  00D8  1303               	bcf	3,6	;RP1=0, select bank1
   627  00D9  1691               	bsf	17,5	;volatile
   628  00DA  28DE               	goto	l704
   629  00DB                     u150:	
   630  00DB  1683               	bsf	3,5	;RP0=1, select bank1
   631  00DC  1303               	bcf	3,6	;RP1=0, select bank1
   632  00DD  1291               	bcf	17,5	;volatile
   633  00DE                     l704:	
   634                           
   635                           ;LE7-2_MASTER.c: 243: ACKEN = 1;
   636  00DE  1611               	bsf	17,4	;volatile
   637                           
   638                           ;LE7-2_MASTER.c: 244: return temp;
   639  00DF  1283               	bcf	3,5	;RP0=0, select bank0
   640  00E0  1303               	bcf	3,6	;RP1=0, select bank0
   641  00E1  0821               	movf	I2C_Receive@temp,w
   642  00E2  0008               	return
   643  00E3                     __end_of_I2C_Receive:	
   644                           
   645                           	psect	text6
   646  00FB                     __ptext6:	
   647 ;; *************** function _I2C_Wait *****************
   648 ;; Defined at:
   649 ;;		line 166 in file "C:\Users\notjo\OneDrive\Desktop\USC\USC-Year3-Sem2\3201-EmbeddedSystems\Labs\LE_07\LE7-2\LE7-2_MAS
      +TER.c"
   650 ;; Parameters:    Size  Location     Type
   651 ;;		None
   652 ;; Auto vars:     Size  Location     Type
   653 ;;		None
   654 ;; Return value:  Size  Location     Type
   655 ;;		None               void
   656 ;; Registers used:
   657 ;;		wreg, status,2
   658 ;; Tracked objects:
   659 ;;		On entry : 0/0
   660 ;;		On exit  : 0/0
   661 ;;		Unchanged: 0/0
   662 ;; Data sizes:     COMMON   BANK0   BANK1   BANK3   BANK2
   663 ;;      Params:         0       0       0       0       0
   664 ;;      Locals:         0       0       0       0       0
   665 ;;      Temps:          0       0       0       0       0
   666 ;;      Totals:         0       0       0       0       0
   667 ;;Total ram usage:        0 bytes
   668 ;; Hardware stack levels used:    1
   669 ;; Hardware stack levels required when called:    1
   670 ;; This function calls:
   671 ;;		Nothing
   672 ;; This function is called by:
   673 ;;		_I2C_Start
   674 ;;		_I2C_Stop
   675 ;;		_I2C_Send
   676 ;;		_I2C_Receive
   677 ;;		_I2C_RepeatedStart
   678 ;; This function uses a non-reentrant model
   679 ;;
   680                           
   681                           
   682                           ;psect for function _I2C_Wait
   683  00FB                     _I2C_Wait:	
   684  00FB                     l678:	
   685                           ;LE7-2_MASTER.c: 169: while((SSPCON2 & 0x1F) || (SSPSTAT & 0x04));
   686                           
   687                           ;incstack = 0
   688                           ; Regs used in _I2C_Wait: [wreg+status,2]
   689                           
   690  00FB  1683               	bsf	3,5	;RP0=1, select bank1
   691  00FC  1303               	bcf	3,6	;RP1=0, select bank1
   692  00FD  0811               	movf	17,w	;volatile
   693  00FE  391F               	andlw	31
   694  00FF  1903               	btfsc	3,2
   695  0100  1914               	btfsc	20,2	;volatile
   696  0101  28FB               	goto	l678
   697  0102  0008               	return
   698  0103                     __end_of_I2C_Wait:	
   699                           
   700                           	psect	text7
   701  0078                     __ptext7:	
   702 ;; *************** function _ISR *****************
   703 ;; Defined at:
   704 ;;		line 51 in file "C:\Users\notjo\OneDrive\Desktop\USC\USC-Year3-Sem2\3201-EmbeddedSystems\Labs\LE_07\LE7-2\LE7-2_MAST
      +ER.c"
   705 ;; Parameters:    Size  Location     Type
   706 ;;		None
   707 ;; Auto vars:     Size  Location     Type
   708 ;;  temp            1    5[COMMON] unsigned char 
   709 ;; Return value:  Size  Location     Type
   710 ;;		None               void
   711 ;; Registers used:
   712 ;;		wreg
   713 ;; Tracked objects:
   714 ;;		On entry : 0/0
   715 ;;		On exit  : 0/0
   716 ;;		Unchanged: 0/0
   717 ;; Data sizes:     COMMON   BANK0   BANK1   BANK3   BANK2
   718 ;;      Params:         0       0       0       0       0
   719 ;;      Locals:         1       0       0       0       0
   720 ;;      Temps:          5       0       0       0       0
   721 ;;      Totals:         6       0       0       0       0
   722 ;;Total ram usage:        6 bytes
   723 ;; Hardware stack levels used:    1
   724 ;; This function calls:
   725 ;;		Nothing
   726 ;; This function is called by:
   727 ;;		Interrupt level 1
   728 ;; This function uses a non-reentrant model
   729 ;;
   730                           
   731                           
   732                           ;psect for function _ISR
   733  0078                     _ISR:	
   734                           
   735                           ;LE7-2_MASTER.c: 53: unsigned char temp;
   736                           ;LE7-2_MASTER.c: 54: CKP = 0;
   737  0078  1214               	bcf	20,4	;volatile
   738                           
   739                           ;LE7-2_MASTER.c: 55: if(WCOL || SSPOV)
   740  0079  1B94               	btfsc	20,7	;volatile
   741  007A  287D               	goto	i1l612
   742  007B  1F14               	btfss	20,6	;volatile
   743  007C  2884               	goto	i1l620
   744  007D                     i1l612:	
   745                           
   746                           ;LE7-2_MASTER.c: 56: {
   747                           ;LE7-2_MASTER.c: 57: temp = SSPBUF;
   748  007D  0813               	movf	19,w	;volatile
   749  007E  00F0               	movwf	??_ISR
   750  007F  0870               	movf	??_ISR,w
   751  0080  00F5               	movwf	ISR@temp
   752                           
   753                           ;LE7-2_MASTER.c: 58: WCOL = 0;
   754  0081  1394               	bcf	20,7	;volatile
   755                           
   756                           ;LE7-2_MASTER.c: 59: SSPOV = 0;
   757  0082  1314               	bcf	20,6	;volatile
   758                           
   759                           ;LE7-2_MASTER.c: 60: CKP = 1;
   760  0083  1614               	bsf	20,4	;volatile
   761  0084                     i1l620:	
   762                           
   763                           ;LE7-2_MASTER.c: 61: }
   764                           ;LE7-2_MASTER.c: 63: if(!SSPSTATbits.D_nA && !SSPSTATbits.R_nW)
   765  0084  1683               	bsf	3,5	;RP0=1, select bank1
   766  0085  1303               	bcf	3,6	;RP1=0, select bank1
   767  0086  1E94               	btfss	20,5	;volatile
   768  0087  1914               	btfsc	20,2	;volatile
   769  0088  2897               	goto	i1l70
   770                           
   771                           ;LE7-2_MASTER.c: 64: {
   772                           ;LE7-2_MASTER.c: 65: temp = SSPBUF;
   773  0089  1283               	bcf	3,5	;RP0=0, select bank0
   774  008A  1303               	bcf	3,6	;RP1=0, select bank0
   775  008B  0813               	movf	19,w	;volatile
   776  008C  00F0               	movwf	??_ISR
   777  008D  0870               	movf	??_ISR,w
   778  008E  00F5               	movwf	ISR@temp
   779  008F                     i1l71:	
   780                           ;LE7-2_MASTER.c: 66: while(!BF);
   781                           
   782  008F  1683               	bsf	3,5	;RP0=1, select bank1
   783  0090  1303               	bcf	3,6	;RP1=0, select bank1
   784  0091  1C14               	btfss	20,0	;volatile
   785  0092  288F               	goto	i1l71
   786                           
   787                           ;LE7-2_MASTER.c: 69: CKP = 1;
   788  0093  1283               	bcf	3,5	;RP0=0, select bank0
   789  0094  1303               	bcf	3,6	;RP1=0, select bank0
   790  0095  1614               	bsf	20,4	;volatile
   791                           
   792                           ;LE7-2_MASTER.c: 70: }
   793  0096  28AA               	goto	i1l74
   794  0097                     i1l70:	
   795                           
   796                           ;LE7-2_MASTER.c: 71: else if(!SSPSTATbits.D_nA && SSPSTATbits.R_nW)
   797  0097  1E94               	btfss	20,5	;volatile
   798  0098  1D14               	btfss	20,2	;volatile
   799  0099  28AA               	goto	i1l74
   800                           
   801                           ;LE7-2_MASTER.c: 72: {
   802                           ;LE7-2_MASTER.c: 73: temp = SSPBUF;
   803  009A  1283               	bcf	3,5	;RP0=0, select bank0
   804  009B  1303               	bcf	3,6	;RP1=0, select bank0
   805  009C  0813               	movf	19,w	;volatile
   806  009D  00F0               	movwf	??_ISR
   807  009E  0870               	movf	??_ISR,w
   808  009F  00F5               	movwf	ISR@temp
   809                           
   810                           ;LE7-2_MASTER.c: 74: BF = 0;
   811  00A0  1683               	bsf	3,5	;RP0=1, select bank1
   812  00A1  1303               	bcf	3,6	;RP1=0, select bank1
   813  00A2  1014               	bcf	20,0	;volatile
   814                           
   815                           ;LE7-2_MASTER.c: 77: CKP = 1;
   816  00A3  1283               	bcf	3,5	;RP0=0, select bank0
   817  00A4  1303               	bcf	3,6	;RP1=0, select bank0
   818  00A5  1614               	bsf	20,4	;volatile
   819  00A6                     i1l76:	
   820                           ;LE7-2_MASTER.c: 78: while(BF);
   821                           
   822  00A6  1683               	bsf	3,5	;RP0=1, select bank1
   823  00A7  1303               	bcf	3,6	;RP1=0, select bank1
   824  00A8  1814               	btfsc	20,0	;volatile
   825  00A9  28A6               	goto	i1l76
   826  00AA                     i1l74:	
   827                           
   828                           ;LE7-2_MASTER.c: 79: }
   829                           ;LE7-2_MASTER.c: 80: SSPIF = 0;
   830  00AA  1283               	bcf	3,5	;RP0=0, select bank0
   831  00AB  118C               	bcf	12,3	;volatile
   832  00AC  0874               	movf	??_ISR+4,w
   833  00AD  00FF               	movwf	127
   834  00AE  0873               	movf	??_ISR+3,w
   835  00AF  008A               	movwf	10
   836  00B0  0872               	movf	??_ISR+2,w
   837  00B1  0084               	movwf	4
   838  00B2  0E71               	swapf	(??_ISR+1)^(0+-128),w
   839  00B3  0083               	movwf	3
   840  00B4  0EFE               	swapf	126,f
   841  00B5  0E7E               	swapf	126,w
   842  00B6  0009               	retfie
   843  00B7                     __end_of_ISR:	
   844  007E                     btemp	set	126	;btemp
   845  007E                     wtemp	set	126
   846  007E                     wtemp0	set	126
   847  0080                     wtemp1	set	128
   848  0082                     wtemp2	set	130
   849  0084                     wtemp3	set	132
   850  0086                     wtemp4	set	134
   851  0088                     wtemp5	set	136
   852  007F                     wtemp6	set	127
   853  007E                     ttemp	set	126
   854  007E                     ttemp0	set	126
   855  0081                     ttemp1	set	129
   856  0084                     ttemp2	set	132
   857  0087                     ttemp3	set	135
   858  007F                     ttemp4	set	127
   859  007E                     ltemp	set	126
   860  007E                     ltemp0	set	126
   861  0082                     ltemp1	set	130
   862  0086                     ltemp2	set	134
   863  0080                     ltemp3	set	128
   864                           
   865                           	psect	intentry
   866  0004                     __pintentry:	
   867                           ;incstack = 0
   868                           ; Regs used in _ISR: [wreg]
   869                           
   870  0004                     interrupt_function:	
   871  007E                     saved_w	set	btemp
   872  0004  00FE               	movwf	btemp
   873  0005  0E03               	swapf	3,w
   874  0006  00F1               	movwf	??_ISR+1
   875  0007  0804               	movf	4,w
   876  0008  00F2               	movwf	??_ISR+2
   877  0009  080A               	movf	10,w
   878  000A  00F3               	movwf	??_ISR+3
   879  000B  1283               	bcf	3,5	;RP0=0, select bank0
   880  000C  1303               	bcf	3,6	;RP1=0, select bank0
   881  000D  087F               	movf	btemp+1,w
   882  000E  00F4               	movwf	??_ISR+4
   883  000F  120A  118A  2878   	ljmp	_ISR


Data Sizes:
    Strings     0
    Constant    0
    Data        0
    BSS         0
    Persistent  0
    Stack       0

Auto Spaces:
    Space          Size  Autos    Used
    COMMON           14      7       7
    BANK0            80      5       5
    BANK1            80      0       0
    BANK3            96      0       0
    BANK2            96      0       0

Pointer List with Targets:

    None.

Critical Paths under _main in COMMON

    _main->_I2C_Receive
    _main->_I2C_Send

Critical Paths under _ISR in COMMON

    None.

Critical Paths under _main in BANK0

    _main->_I2C_Receive

Critical Paths under _ISR in BANK0

    None.

Critical Paths under _main in BANK1

    None.

Critical Paths under _ISR in BANK1

    None.

Critical Paths under _main in BANK3

    None.

Critical Paths under _ISR in BANK3

    None.

Critical Paths under _main in BANK2

    None.

Critical Paths under _ISR in BANK2

    None.

Call Graph Tables:

 ---------------------------------------------------------------------------------
 (Depth) Function   	        Calls       Base Space   Used Autos Params    Refs
 ---------------------------------------------------------------------------------
 (0) _main                                                 3     3      0      67
                                              2 BANK0      3     3      0
                        _I2C_Receive
                           _I2C_Send
                          _I2C_Start
                           _I2C_Stop
                    _init_I2C_Master
 ---------------------------------------------------------------------------------
 (1) _init_I2C_Master                                      0     0      0       0
 ---------------------------------------------------------------------------------
 (1) _I2C_Stop                                             0     0      0       0
                           _I2C_Wait
 ---------------------------------------------------------------------------------
 (1) _I2C_Start                                            0     0      0       0
                           _I2C_Wait
 ---------------------------------------------------------------------------------
 (1) _I2C_Send                                             1     1      0      22
                                              6 COMMON     1     1      0
                           _I2C_Wait
 ---------------------------------------------------------------------------------
 (1) _I2C_Receive                                          3     3      0      45
                                              6 COMMON     1     1      0
                                              0 BANK0      2     2      0
                           _I2C_Wait
 ---------------------------------------------------------------------------------
 (2) _I2C_Wait                                             0     0      0       0
 ---------------------------------------------------------------------------------
 Estimated maximum stack depth 2
 ---------------------------------------------------------------------------------
 (Depth) Function   	        Calls       Base Space   Used Autos Params    Refs
 ---------------------------------------------------------------------------------
 (3) _ISR                                                  6     6      0       0
                                              0 COMMON     6     6      0
 ---------------------------------------------------------------------------------
 Estimated maximum stack depth 3
 ---------------------------------------------------------------------------------

 Call Graph Graphs:

 _main (ROOT)
   _I2C_Receive
     _I2C_Wait
   _I2C_Send
     _I2C_Wait
   _I2C_Start
     _I2C_Wait
   _I2C_Stop
     _I2C_Wait
   _init_I2C_Master

 _ISR (ROOT)

 Address spaces:
Name               Size   Autos  Total    Cost      Usage
BITCOMMON            E      0       0       0        0.0%
EEDATA             100      0       0       0        0.0%
NULL                 0      0       0       0        0.0%
CODE                 0      0       0       0        0.0%
COMMON               E      7       7       1       50.0%
BITSFR0              0      0       0       1        0.0%
SFR0                 0      0       0       1        0.0%
BITSFR1              0      0       0       2        0.0%
SFR1                 0      0       0       2        0.0%
STACK                0      0       0       2        0.0%
ABS                  0      0       0       3        0.0%
BITBANK0            50      0       0       4        0.0%
BITSFR3              0      0       0       4        0.0%
SFR3                 0      0       0       4        0.0%
BANK0               50      5       5       5        6.3%
BITSFR2              0      0       0       5        0.0%
SFR2                 0      0       0       5        0.0%
BITBANK1            50      0       0       6        0.0%
BANK1               50      0       0       7        0.0%
BITBANK3            60      0       0       8        0.0%
BANK3               60      0       0       9        0.0%
BITBANK2            60      0       0      10        0.0%
BANK2               60      0       0      11        0.0%
DATA                 0      0       0      12        0.0%


Microchip Technology PIC Macro Assembler V1.33 build 59893 
Symbol Table                                                                                   Fri Apr 26 22:00:33 2024

      __size_of_I2C_Start 0007               __CFG_CP$OFF 0000               _SSPSTATbits 0094  
                      _BF 04A0                       l704 00DE                       l714 0028  
                     l678 00FB                       _CKP 00A4                       _GIE 005F  
                     u150 00DB                       _PEN 048A                       u177 0048  
            __CFG_CPD$OFF 0000                       u187 0070                       _ISR 0078  
                     _SEN 0488                       fsr0 0004      __size_of_I2C_Receive 002C  
            __CFG_FOSC$XT 0000              __CFG_LVP$OFF 0000                      ?_ISR 0070  
                    _PEIE 005E                      _RCEN 048B                      i1l70 0097  
                    i1l71 008F                      i1l74 00AA                      i1l76 00A6  
                    _WCOL 00A7                      _RSEN 0489              __CFG_WRT$OFF 0000  
                    _main 0019          __end_of_I2C_Send 00FB                      btemp 007E  
        __end_of_I2C_Wait 0103          __end_of_I2C_Stop 010A             __CFG_BOREN$ON 0000  
                    ltemp 007E                      start 0012                      ttemp 007E  
                    wtemp 007E                     ??_ISR 0070                     ?_main 0070  
                   _ACKEN 048C                     _ACKDT 048D             __CFG_WDTE$OFF 0000  
                   i1l620 0084                     i1l612 007D                     _PORTB 0006  
                   _PORTD 0008                     _TRISB 0086                     _TRISD 0088  
                   _SSPIE 0463                     _SSPIF 0063                     _SSPOV 00A6  
           __CFG_PWRTE$ON 0000         __end_of_I2C_Start 0111                     pclath 000A  
                   ltemp0 007E                     ltemp1 0082                     ltemp2 0086  
                   ltemp3 0080                     ttemp0 007E                     ttemp1 0081  
                   ttemp2 0084                     ttemp3 0087                     ttemp4 007F  
                   status 0003                     wtemp0 007E                     wtemp1 0080  
                   wtemp2 0082                     wtemp3 0084                     wtemp4 0086  
                   wtemp5 0088                     wtemp6 007F           __initialization 0015  
            __end_of_main 0078                    ??_main 0022                    _SSPADD 0093  
                  _TRISC3 043B                    _TRISC4 043C                    _SSPCON 0014  
                  _SSPBUF 0013  __size_of_init_I2C_Master 000F                 ?_I2C_Send 0070  
               ?_I2C_Wait 0070                 ?_I2C_Stop 0070                    saved_w 007E  
 __end_of__initialization 0015            __pcstackCOMMON 0070                ??_I2C_Send 0076  
              ??_I2C_Wait 0076                ??_I2C_Stop 0076                   ISR@temp 0075  
              __pmaintext 0019                __pintentry 0004             ??_I2C_Receive 0076  
            I2C_Send@data 0076         ??_init_I2C_Master 0076                   _SSPCON2 0091  
                 _SSPSTAT 0094                 _I2C_Start 010A            I2C_Receive@ack 0020  
                 __ptext0 0000                   __ptext1 00E3                   __ptext2 0103  
                 __ptext3 010A                   __ptext4 00F2                   __ptext5 00B7  
                 __ptext6 00FB                   __ptext7 0078              __size_of_ISR 003F  
     __end_of_I2C_Receive 00E3      end_of_initialization 0015                ?_I2C_Start 0070  
       __size_of_I2C_Send 0009         __size_of_I2C_Wait 0008         __size_of_I2C_Stop 0007  
             _I2C_Receive 00B7       start_initialization 0015               __end_of_ISR 00B7  
             ??_I2C_Start 0076           _init_I2C_Master 00E3                 ___latbits 0002  
           __pcstackBANK0 0020                  _I2C_Send 00F2                  _I2C_Wait 00FB  
                _I2C_Stop 0103         interrupt_function 0004   __end_of_init_I2C_Master 00F2  
         I2C_Receive@temp 0021              ?_I2C_Receive 0070             __size_of_main 005F  
        ?_init_I2C_Master 0070                  intlevel1 0000  
