

Microchip Technology PIC LITE Macro Assembler V1.33 build 59893 
                                                                                               Sun Mar 10 18:29:11 2024

Microchip Technology Omniscient Code Generator (Lite mode) build 59893
     1                           	processor	16F877A
     2                           	opt	pw 120
     3                           	opt	lm
     4                           	psect	text0,local,class=CODE,merge=1,delta=2
     5                           	psect	cinit,global,class=CODE,merge=1,delta=2
     6                           	psect	cstackCOMMON,global,class=COMMON,space=1,delta=1
     7                           	psect	cstackBANK0,global,class=BANK0,space=1,delta=1
     8                           	psect	maintext,global,class=CODE,split=1,delta=2
     9                           	psect	text1,local,class=CODE,merge=1,delta=2
    10                           	psect	intentry,global,class=CODE,delta=2
    11                           	psect	text2,local,class=CODE,merge=1,delta=2
    12                           	dabs	1,0x7E,2
    13  0000                     	;# 
    14  0001                     	;# 
    15  0002                     	;# 
    16  0003                     	;# 
    17  0004                     	;# 
    18  0005                     	;# 
    19  0006                     	;# 
    20  0007                     	;# 
    21  0008                     	;# 
    22  0009                     	;# 
    23  000A                     	;# 
    24  000B                     	;# 
    25  000C                     	;# 
    26  000D                     	;# 
    27  000E                     	;# 
    28  000E                     	;# 
    29  000F                     	;# 
    30  0010                     	;# 
    31  0011                     	;# 
    32  0012                     	;# 
    33  0013                     	;# 
    34  0014                     	;# 
    35  0015                     	;# 
    36  0015                     	;# 
    37  0016                     	;# 
    38  0017                     	;# 
    39  0018                     	;# 
    40  0019                     	;# 
    41  001A                     	;# 
    42  001B                     	;# 
    43  001B                     	;# 
    44  001C                     	;# 
    45  001D                     	;# 
    46  001E                     	;# 
    47  001F                     	;# 
    48  0081                     	;# 
    49  0085                     	;# 
    50  0086                     	;# 
    51  0087                     	;# 
    52  0088                     	;# 
    53  0089                     	;# 
    54  008C                     	;# 
    55  008D                     	;# 
    56  008E                     	;# 
    57  0091                     	;# 
    58  0092                     	;# 
    59  0093                     	;# 
    60  0094                     	;# 
    61  0098                     	;# 
    62  0099                     	;# 
    63  009C                     	;# 
    64  009D                     	;# 
    65  009E                     	;# 
    66  009F                     	;# 
    67  010C                     	;# 
    68  010D                     	;# 
    69  010E                     	;# 
    70  010F                     	;# 
    71  018C                     	;# 
    72  018D                     	;# 
    73  0015                     _CCPR1	set	21
    74  000E                     _TMR1	set	14
    75  0017                     _CCP1CON	set	23
    76  0006                     _PORTB	set	6
    77  0010                     _T1CON	set	16
    78  0062                     _CCP1IF	set	98
    79  005F                     _GIE	set	95
    80  005E                     _PEIE	set	94
    81  0080                     _TMR1ON	set	128
    82  0086                     _TRISB	set	134
    83  0087                     _TRISC	set	135
    84  0462                     _CCP1IE	set	1122
    85                           
    86                           	psect	text0
    87  0000                     __ptext0:	
    88                           ; #config settings
    89                           
    90                           
    91                           ;psect for function ___lwdiv
    92  0000                     
    93                           	psect	cinit
    94  0015                     start_initialization:	
    95  0015                     __initialization:	
    96  0015                     end_of_initialization:	
    97                           ;End of C runtime variable initialization code
    98                           
    99  0015                     __end_of__initialization:	
   100  0015  0183               	clrf	3
   101  0016  120A  118A  2894   	ljmp	_main	;jump to C main() function
   102                           
   103                           	psect	cstackCOMMON
   104  0070                     __pcstackCOMMON:	
   105  0070                     ?_ISR:	
   106  0070                     ?_main:	
   107                           ; 0 bytes @ 0x0
   108                           
   109  0070                     ?___lwdiv:	
   110                           ; 0 bytes @ 0x0
   111                           
   112  0070                     ___lwdiv@divisor:	
   113                           ; 2 bytes @ 0x0
   114                           
   115                           
   116                           ; 2 bytes @ 0x0
   117  0070                     	ds	2
   118  0072                     ___lwdiv@dividend:	
   119                           
   120                           ; 2 bytes @ 0x2
   121  0072                     	ds	2
   122  0074                     ??___lwdiv:	
   123                           
   124                           ; 0 bytes @ 0x4
   125  0074                     	ds	1
   126  0075                     ___lwdiv@quotient:	
   127                           
   128                           ; 2 bytes @ 0x5
   129  0075                     	ds	2
   130  0077                     ___lwdiv@counter:	
   131                           
   132                           ; 1 bytes @ 0x7
   133  0077                     	ds	1
   134  0078                     ??_ISR:	
   135                           
   136                           ; 0 bytes @ 0x8
   137  0078                     	ds	6
   138                           
   139                           	psect	cstackBANK0
   140  0020                     __pcstackBANK0:	
   141  0020                     ISR@period:	
   142                           
   143                           ; 2 bytes @ 0x0
   144  0020                     	ds	2
   145  0022                     ??_main:	
   146                           
   147                           	psect	maintext
   148  0094                     __pmaintext:	
   149                           ; 0 bytes @ 0x2
   150 ;;
   151 ;;Main: autosize = 0, tempsize = 0, incstack = 0, save=0
   152 ;;
   153 ;; *************** function _main *****************
   154 ;; Defined at:
   155 ;;		line 66 in file "C:\Users\notjo\OneDrive\Desktop\USC\USC-Year3-Sem2\3201-EmbeddedSystems\Labs\LE_04\LE4-3\LE4-3.c"
   156 ;; Parameters:    Size  Location     Type
   157 ;;		None
   158 ;; Auto vars:     Size  Location     Type
   159 ;;		None
   160 ;; Return value:  Size  Location     Type
   161 ;;		None               void
   162 ;; Registers used:
   163 ;;		wreg, status,2
   164 ;; Tracked objects:
   165 ;;		On entry : 17F/0
   166 ;;		On exit  : 0/0
   167 ;;		Unchanged: 0/0
   168 ;; Data sizes:     COMMON   BANK0   BANK1   BANK3   BANK2
   169 ;;      Params:         0       0       0       0       0
   170 ;;      Locals:         0       0       0       0       0
   171 ;;      Temps:          0       0       0       0       0
   172 ;;      Totals:         0       0       0       0       0
   173 ;;Total ram usage:        0 bytes
   174 ;; Hardware stack levels required when called:    2
   175 ;; This function calls:
   176 ;;		Nothing
   177 ;; This function is called by:
   178 ;;		Startup code after reset
   179 ;; This function uses a non-reentrant model
   180 ;;
   181                           
   182                           
   183                           ;psect for function _main
   184  0094                     _main:	
   185                           
   186                           ;LE4-3.c: 68: TRISC = 0x04;
   187                           
   188                           ;incstack = 0
   189                           ; Regs used in _main: [wreg+status,2]
   190  0094  3004               	movlw	4
   191  0095  1683               	bsf	3,5	;RP0=1, select bank1
   192  0096  1303               	bcf	3,6	;RP1=0, select bank1
   193  0097  0087               	movwf	7	;volatile
   194                           
   195                           ;LE4-3.c: 69: T1CON = 0x30;
   196  0098  3030               	movlw	48
   197  0099  1283               	bcf	3,5	;RP0=0, select bank0
   198  009A  1303               	bcf	3,6	;RP1=0, select bank0
   199  009B  0090               	movwf	16	;volatile
   200                           
   201                           ;LE4-3.c: 70: CCP1IE = 1;
   202  009C  1683               	bsf	3,5	;RP0=1, select bank1
   203  009D  1303               	bcf	3,6	;RP1=0, select bank1
   204  009E  150C               	bsf	12,2	;volatile
   205                           
   206                           ;LE4-3.c: 71: CCP1IF = 0;
   207  009F  1283               	bcf	3,5	;RP0=0, select bank0
   208  00A0  1303               	bcf	3,6	;RP1=0, select bank0
   209  00A1  110C               	bcf	12,2	;volatile
   210                           
   211                           ;LE4-3.c: 72: PEIE = 1;
   212  00A2  170B               	bsf	11,6	;volatile
   213                           
   214                           ;LE4-3.c: 73: GIE = 1;
   215  00A3  178B               	bsf	11,7	;volatile
   216                           
   217                           ;LE4-3.c: 74: TMR1ON = 1;
   218  00A4  1410               	bsf	16,0	;volatile
   219                           
   220                           ;LE4-3.c: 76: CCP1CON = 0x05;
   221  00A5  3005               	movlw	5
   222  00A6  0097               	movwf	23	;volatile
   223                           
   224                           ;LE4-3.c: 83: TRISB = 0x00;
   225  00A7  1683               	bsf	3,5	;RP0=1, select bank1
   226  00A8  1303               	bcf	3,6	;RP1=0, select bank1
   227  00A9  0186               	clrf	6	;volatile
   228                           
   229                           ;LE4-3.c: 84: PORTB = 0x00;
   230  00AA  1283               	bcf	3,5	;RP0=0, select bank0
   231  00AB  1303               	bcf	3,6	;RP1=0, select bank0
   232  00AC  0186               	clrf	6	;volatile
   233  00AD                     l31:	
   234                           ;LE4-3.c: 86: for(;;)
   235                           
   236                           
   237                           ;LE4-3.c: 87: {
   238                           ;LE4-3.c: 88: }
   239  00AD  28AD               	goto	l31
   240  00AE                     __end_of_main:	
   241                           
   242                           	psect	text1
   243  0057                     __ptext1:	
   244 ;; *************** function _ISR *****************
   245 ;; Defined at:
   246 ;;		line 31 in file "C:\Users\notjo\OneDrive\Desktop\USC\USC-Year3-Sem2\3201-EmbeddedSystems\Labs\LE_04\LE4-3\LE4-3.c"
   247 ;; Parameters:    Size  Location     Type
   248 ;;		None
   249 ;; Auto vars:     Size  Location     Type
   250 ;;  period          2    0[BANK0 ] int 
   251 ;; Return value:  Size  Location     Type
   252 ;;		None               void
   253 ;; Registers used:
   254 ;;		wreg, status,2, status,0, pclath, cstack
   255 ;; Tracked objects:
   256 ;;		On entry : 0/0
   257 ;;		On exit  : 0/0
   258 ;;		Unchanged: 0/0
   259 ;; Data sizes:     COMMON   BANK0   BANK1   BANK3   BANK2
   260 ;;      Params:         0       0       0       0       0
   261 ;;      Locals:         0       2       0       0       0
   262 ;;      Temps:          6       0       0       0       0
   263 ;;      Totals:         6       2       0       0       0
   264 ;;Total ram usage:        8 bytes
   265 ;; Hardware stack levels used:    1
   266 ;; Hardware stack levels required when called:    1
   267 ;; This function calls:
   268 ;;		___lwdiv
   269 ;; This function is called by:
   270 ;;		Interrupt level 1
   271 ;; This function uses a non-reentrant model
   272 ;;
   273                           
   274                           
   275                           ;psect for function _ISR
   276  0057                     _ISR:	
   277                           
   278                           ;LE4-3.c: 33: int period = 0;
   279  0057  01A0               	clrf	ISR@period
   280  0058  01A1               	clrf	ISR@period+1
   281                           
   282                           ;LE4-3.c: 34: GIE = 0;
   283  0059  138B               	bcf	11,7	;volatile
   284                           
   285                           ;LE4-3.c: 35: if(CCP1IF==1)
   286  005A  1D0C               	btfss	12,2	;volatile
   287  005B  2888               	goto	i1l592
   288                           
   289                           ;LE4-3.c: 36: {
   290                           ;LE4-3.c: 37: CCP1IF = 0;
   291  005C  110C               	bcf	12,2	;volatile
   292                           
   293                           ;LE4-3.c: 38: TMR1 = 0;
   294  005D  018E               	clrf	14	;volatile
   295  005E  018F               	clrf	15	;volatile
   296                           
   297                           ;LE4-3.c: 39: period = CCPR1/1000;
   298  005F  30E8               	movlw	232
   299  0060  00F0               	movwf	___lwdiv@divisor
   300  0061  3003               	movlw	3
   301  0062  00F1               	movwf	___lwdiv@divisor+1
   302  0063  0816               	movf	22,w	;volatile
   303  0064  01F3               	clrf	___lwdiv@dividend+1
   304  0065  07F3               	addwf	___lwdiv@dividend+1,f
   305  0066  0815               	movf	21,w	;volatile
   306  0067  01F2               	clrf	___lwdiv@dividend
   307  0068  07F2               	addwf	___lwdiv@dividend,f
   308  0069  120A  118A  2019  120A  118A  	fcall	___lwdiv
   309  006E  0871               	movf	?___lwdiv+1,w
   310  006F  1283               	bcf	3,5	;RP0=0, select bank0
   311  0070  1303               	bcf	3,6	;RP1=0, select bank0
   312  0071  01A1               	clrf	ISR@period+1
   313  0072  07A1               	addwf	ISR@period+1,f
   314  0073  0870               	movf	?___lwdiv,w
   315  0074  01A0               	clrf	ISR@period
   316  0075  07A0               	addwf	ISR@period,f
   317                           
   318                           ;LE4-3.c: 41: period = period*8;
   319  0076  0821               	movf	ISR@period+1,w
   320  0077  00F9               	movwf	??_ISR+1
   321  0078  0820               	movf	ISR@period,w
   322  0079  00F8               	movwf	??_ISR
   323  007A  1003               	clrc
   324  007B  0DF8               	rlf	??_ISR,f
   325  007C  0DF9               	rlf	??_ISR+1,f
   326  007D  1003               	clrc
   327  007E  0DF8               	rlf	??_ISR,f
   328  007F  0DF9               	rlf	??_ISR+1,f
   329  0080  1003               	clrc
   330  0081  0DF8               	rlf	??_ISR,f
   331  0082  0DF9               	rlf	??_ISR+1,f
   332  0083  0878               	movf	??_ISR,w
   333  0084  00A0               	movwf	ISR@period
   334  0085  0879               	movf	??_ISR+1,w
   335  0086  00A1               	movwf	ISR@period+1
   336                           
   337                           ;LE4-3.c: 43: PORTB = ~PORTB;
   338  0087  0986               	comf	6,f	;volatile
   339  0088                     i1l592:	
   340                           
   341                           ;LE4-3.c: 45: }
   342                           ;LE4-3.c: 46: GIE = 1;
   343  0088  178B               	bsf	11,7	;volatile
   344  0089  087D               	movf	??_ISR+5,w
   345  008A  00FF               	movwf	127
   346  008B  087C               	movf	??_ISR+4,w
   347  008C  008A               	movwf	10
   348  008D  087B               	movf	??_ISR+3,w
   349  008E  0084               	movwf	4
   350  008F  0E7A               	swapf	(??_ISR+2)^(0+-128),w
   351  0090  0083               	movwf	3
   352  0091  0EFE               	swapf	126,f
   353  0092  0E7E               	swapf	126,w
   354  0093  0009               	retfie
   355  0094                     __end_of_ISR:	
   356                           
   357                           	psect	intentry
   358  0004                     __pintentry:	
   359                           ;incstack = 0
   360                           ; Regs used in _ISR: [wreg+status,2+status,0+pclath+cstack]
   361                           
   362  0004                     interrupt_function:	
   363  007E                     saved_w	set	btemp
   364  0004  00FE               	movwf	btemp
   365  0005  0E03               	swapf	3,w
   366  0006  00FA               	movwf	??_ISR+2
   367  0007  0804               	movf	4,w
   368  0008  00FB               	movwf	??_ISR+3
   369  0009  080A               	movf	10,w
   370  000A  00FC               	movwf	??_ISR+4
   371  000B  1283               	bcf	3,5	;RP0=0, select bank0
   372  000C  1303               	bcf	3,6	;RP1=0, select bank0
   373  000D  087F               	movf	btemp+1,w
   374  000E  00FD               	movwf	??_ISR+5
   375  000F  120A  118A  2857   	ljmp	_ISR
   376                           
   377                           	psect	text2
   378  0019                     __ptext2:	
   379 ;; *************** function ___lwdiv *****************
   380 ;; Defined at:
   381 ;;		line 6 in file "C:\Program Files (x86)\Microchip\xc8\v1.33\sources\common\lwdiv.c"
   382 ;; Parameters:    Size  Location     Type
   383 ;;  divisor         2    0[COMMON] unsigned int 
   384 ;;  dividend        2    2[COMMON] unsigned int 
   385 ;; Auto vars:     Size  Location     Type
   386 ;;  quotient        2    5[COMMON] unsigned int 
   387 ;;  counter         1    7[COMMON] unsigned char 
   388 ;; Return value:  Size  Location     Type
   389 ;;                  2    0[COMMON] unsigned int 
   390 ;; Registers used:
   391 ;;		wreg, status,2, status,0
   392 ;; Tracked objects:
   393 ;;		On entry : 0/0
   394 ;;		On exit  : 0/0
   395 ;;		Unchanged: 0/0
   396 ;; Data sizes:     COMMON   BANK0   BANK1   BANK3   BANK2
   397 ;;      Params:         4       0       0       0       0
   398 ;;      Locals:         3       0       0       0       0
   399 ;;      Temps:          1       0       0       0       0
   400 ;;      Totals:         8       0       0       0       0
   401 ;;Total ram usage:        8 bytes
   402 ;; Hardware stack levels used:    1
   403 ;; This function calls:
   404 ;;		Nothing
   405 ;; This function is called by:
   406 ;;		_ISR
   407 ;; This function uses a non-reentrant model
   408 ;;
   409                           
   410                           
   411                           ;psect for function ___lwdiv
   412  0019                     ___lwdiv:	
   413                           
   414                           ;incstack = 0
   415                           ; Regs used in ___lwdiv: [wreg+status,2+status,0]
   416  0019  01F5               	clrf	___lwdiv@quotient
   417  001A  01F6               	clrf	___lwdiv@quotient+1
   418  001B  0871               	movf	___lwdiv@divisor+1,w
   419  001C  0470               	iorwf	___lwdiv@divisor,w
   420  001D  1903               	skipnz
   421  001E  2850               	goto	i1l572
   422  001F  01F7               	clrf	___lwdiv@counter
   423  0020  0AF7               	incf	___lwdiv@counter,f
   424  0021                     i1l560:	
   425  0021  1BF1               	btfsc	___lwdiv@divisor+1,7
   426  0022  282F               	goto	i1l562
   427  0023  3001               	movlw	1
   428  0024                     u10_25:	
   429  0024  1003               	clrc
   430  0025  0DF0               	rlf	___lwdiv@divisor,f
   431  0026  0DF1               	rlf	___lwdiv@divisor+1,f
   432  0027  3EFF               	addlw	-1
   433  0028  1D03               	skipz
   434  0029  2824               	goto	u10_25
   435  002A  3001               	movlw	1
   436  002B  00F4               	movwf	??___lwdiv
   437  002C  0874               	movf	??___lwdiv,w
   438  002D  07F7               	addwf	___lwdiv@counter,f
   439  002E  2821               	goto	i1l560
   440  002F                     i1l562:	
   441  002F  3001               	movlw	1
   442  0030                     u12_25:	
   443  0030  1003               	clrc
   444  0031  0DF5               	rlf	___lwdiv@quotient,f
   445  0032  0DF6               	rlf	___lwdiv@quotient+1,f
   446  0033  3EFF               	addlw	-1
   447  0034  1D03               	skipz
   448  0035  2830               	goto	u12_25
   449  0036  0871               	movf	___lwdiv@divisor+1,w
   450  0037  0273               	subwf	___lwdiv@dividend+1,w
   451  0038  1D03               	skipz
   452  0039  283C               	goto	u13_25
   453  003A  0870               	movf	___lwdiv@divisor,w
   454  003B  0272               	subwf	___lwdiv@dividend,w
   455  003C                     u13_25:	
   456  003C  1C03               	skipc
   457  003D  2845               	goto	i1l568
   458  003E  0870               	movf	___lwdiv@divisor,w
   459  003F  02F2               	subwf	___lwdiv@dividend,f
   460  0040  0871               	movf	___lwdiv@divisor+1,w
   461  0041  1C03               	skipc
   462  0042  03F3               	decf	___lwdiv@dividend+1,f
   463  0043  02F3               	subwf	___lwdiv@dividend+1,f
   464  0044  1475               	bsf	___lwdiv@quotient,0
   465  0045                     i1l568:	
   466  0045  3001               	movlw	1
   467  0046                     u14_25:	
   468  0046  1003               	clrc
   469  0047  0CF1               	rrf	___lwdiv@divisor+1,f
   470  0048  0CF0               	rrf	___lwdiv@divisor,f
   471  0049  3EFF               	addlw	-1
   472  004A  1D03               	skipz
   473  004B  2846               	goto	u14_25
   474  004C  3001               	movlw	1
   475  004D  02F7               	subwf	___lwdiv@counter,f
   476  004E  1D03               	btfss	3,2
   477  004F  282F               	goto	i1l562
   478  0050                     i1l572:	
   479  0050  0876               	movf	___lwdiv@quotient+1,w
   480  0051  01F1               	clrf	?___lwdiv+1
   481  0052  07F1               	addwf	?___lwdiv+1,f
   482  0053  0875               	movf	___lwdiv@quotient,w
   483  0054  01F0               	clrf	?___lwdiv
   484  0055  07F0               	addwf	?___lwdiv,f
   485  0056  0008               	return
   486  0057                     __end_of___lwdiv:	
   487  007E                     btemp	set	126	;btemp
   488  007E                     wtemp	set	126
   489  007E                     wtemp0	set	126
   490  0080                     wtemp1	set	128
   491  0082                     wtemp2	set	130
   492  0084                     wtemp3	set	132
   493  0086                     wtemp4	set	134
   494  0088                     wtemp5	set	136
   495  007F                     wtemp6	set	127
   496  007E                     ttemp	set	126
   497  007E                     ttemp0	set	126
   498  0081                     ttemp1	set	129
   499  0084                     ttemp2	set	132
   500  0087                     ttemp3	set	135
   501  007F                     ttemp4	set	127
   502  007E                     ltemp	set	126
   503  007E                     ltemp0	set	126
   504  0082                     ltemp1	set	130
   505  0086                     ltemp2	set	134
   506  0080                     ltemp3	set	128


Data Sizes:
    Strings     0
    Constant    0
    Data        0
    BSS         0
    Persistent  0
    Stack       0

Auto Spaces:
    Space          Size  Autos    Used
    COMMON           14     14      14
    BANK0            80      2       2
    BANK1            80      0       0
    BANK3            96      0       0
    BANK2            96      0       0

Pointer List with Targets:

    None.

Critical Paths under _main in COMMON

    None.

Critical Paths under _ISR in COMMON

    _ISR->___lwdiv

Critical Paths under _main in BANK0

    None.

Critical Paths under _ISR in BANK0

    None.

Critical Paths under _main in BANK1

    None.

Critical Paths under _ISR in BANK1

    None.

Critical Paths under _main in BANK3

    None.

Critical Paths under _ISR in BANK3

    None.

Critical Paths under _main in BANK2

    None.

Critical Paths under _ISR in BANK2

    None.

Call Graph Tables:

 ---------------------------------------------------------------------------------
 (Depth) Function   	        Calls       Base Space   Used Autos Params    Refs
 ---------------------------------------------------------------------------------
 (0) _main                                                 0     0      0       0
 ---------------------------------------------------------------------------------
 Estimated maximum stack depth 0
 ---------------------------------------------------------------------------------
 (Depth) Function   	        Calls       Base Space   Used Autos Params    Refs
 ---------------------------------------------------------------------------------
 (1) _ISR                                                  8     8      0     293
                                              8 COMMON     6     6      0
                                              0 BANK0      2     2      0
                            ___lwdiv
 ---------------------------------------------------------------------------------
 (2) ___lwdiv                                              8     4      4     268
                                              0 COMMON     8     4      4
 ---------------------------------------------------------------------------------
 Estimated maximum stack depth 2
 ---------------------------------------------------------------------------------

 Call Graph Graphs:

 _main (ROOT)

 _ISR (ROOT)
   ___lwdiv

 Address spaces:
Name               Size   Autos  Total    Cost      Usage
BITCOMMON            E      0       0       0        0.0%
EEDATA             100      0       0       0        0.0%
NULL                 0      0       0       0        0.0%
CODE                 0      0       0       0        0.0%
COMMON               E      E       E       1      100.0%
BITSFR0              0      0       0       1        0.0%
SFR0                 0      0       0       1        0.0%
BITSFR1              0      0       0       2        0.0%
SFR1                 0      0       0       2        0.0%
STACK                0      0       0       2        0.0%
ABS                  0      0       0       3        0.0%
BITBANK0            50      0       0       4        0.0%
BITSFR3              0      0       0       4        0.0%
SFR3                 0      0       0       4        0.0%
BANK0               50      2       2       5        2.5%
BITSFR2              0      0       0       5        0.0%
SFR2                 0      0       0       5        0.0%
BITBANK1            50      0       0       6        0.0%
BANK1               50      0       0       7        0.0%
BITBANK3            60      0       0       8        0.0%
BANK3               60      0       0       9        0.0%
BITBANK2            60      0       0      10        0.0%
BANK2               60      0       0      11        0.0%
DATA                 0      0       0      12        0.0%


Microchip Technology PIC Macro Assembler V1.33 build 59893 
Symbol Table                                                                                   Sun Mar 10 18:29:11 2024

            __CFG_CP$OFF 0000                       l31 00AD                      _GIE 005F  
           __CFG_CPD$OFF 0000                      _ISR 0057                      fsr0 0004  
           __CFG_FOSC$XT 0000             __CFG_LVP$OFF 0000                     ?_ISR 0070  
                   _PEIE 005E                     _TMR1 000E             __CFG_WRT$OFF 0000  
                   _main 0094                     btemp 007E            __CFG_BOREN$ON 0000  
                   ltemp 007E                     start 0012                     ttemp 007E  
                   wtemp 007E                    ??_ISR 0078                    ?_main 0070  
                  _CCPR1 0015            __CFG_WDTE$OFF 0000                    _T1CON 0010  
        __end_of___lwdiv 0057                    i1l560 0021                    i1l562 002F  
                  i1l572 0050                    i1l568 0045                    i1l592 0088  
                  u10_25 0024                    u12_25 0030                    u13_25 003C  
                  u14_25 0046                    _PORTB 0006                    _TRISB 0086  
                  _TRISC 0087            __CFG_PWRTE$ON 0000                    pclath 000A  
                  ltemp0 007E                    ltemp1 0082                    ltemp2 0086  
                  ltemp3 0080                    ttemp0 007E                    ttemp1 0081  
                  ttemp2 0084                    ttemp3 0087                    ttemp4 007F  
                  status 0003                    wtemp0 007E                    wtemp1 0080  
                  wtemp2 0082                    wtemp3 0084                    wtemp4 0086  
                  wtemp5 0088                    wtemp6 007F          __initialization 0015  
           __end_of_main 00AE                   ??_main 0022                   _CCP1IE 0462  
                 _CCP1IF 0062                   _TMR1ON 0080                ??___lwdiv 0074  
                 saved_w 007E  __end_of__initialization 0015           __pcstackCOMMON 0070  
              ISR@period 0020               __pmaintext 0094               __pintentry 0004  
                _CCP1CON 0017                  ___lwdiv 0019                  __ptext0 0000  
                __ptext1 0057                  __ptext2 0019             __size_of_ISR 003D  
   end_of_initialization 0015      start_initialization 0015              __end_of_ISR 0094  
              ___latbits 0002            __pcstackBANK0 0020         ___lwdiv@dividend 0072  
               ?___lwdiv 0070         ___lwdiv@quotient 0075        interrupt_function 0004  
       __size_of___lwdiv 003E          ___lwdiv@divisor 0070          ___lwdiv@counter 0077  
          __size_of_main 001A                 intlevel1 0000  
