

Microchip Technology PIC LITE Macro Assembler V1.33 build 59893 
                                                                                               Fri Feb 09 15:35:01 2024

Microchip Technology Omniscient Code Generator (Lite mode) build 59893
     1                           	processor	16F877A
     2                           	opt	pw 120
     3                           	opt	lm
     4                           	psect	text0,local,class=CODE,merge=1,delta=2
     5                           	psect	cinit,global,class=CODE,merge=1,delta=2
     6                           	psect	bssCOMMON,global,class=COMMON,space=1,delta=1
     7                           	psect	cstackCOMMON,global,class=COMMON,space=1,delta=1
     8                           	psect	maintext,global,class=CODE,split=1,delta=2
     9                           	psect	text1,local,class=CODE,merge=1,delta=2
    10                           	psect	intentry,global,class=CODE,delta=2
    11                           	dabs	1,0x7E,2
    12  0000                     	;# 
    13  0001                     	;# 
    14  0002                     	;# 
    15  0003                     	;# 
    16  0004                     	;# 
    17  0005                     	;# 
    18  0006                     	;# 
    19  0007                     	;# 
    20  0008                     	;# 
    21  0009                     	;# 
    22  000A                     	;# 
    23  000B                     	;# 
    24  000C                     	;# 
    25  000D                     	;# 
    26  000E                     	;# 
    27  000E                     	;# 
    28  000F                     	;# 
    29  0010                     	;# 
    30  0011                     	;# 
    31  0012                     	;# 
    32  0013                     	;# 
    33  0014                     	;# 
    34  0015                     	;# 
    35  0015                     	;# 
    36  0016                     	;# 
    37  0017                     	;# 
    38  0018                     	;# 
    39  0019                     	;# 
    40  001A                     	;# 
    41  001B                     	;# 
    42  001B                     	;# 
    43  001C                     	;# 
    44  001D                     	;# 
    45  001E                     	;# 
    46  001F                     	;# 
    47  0081                     	;# 
    48  0085                     	;# 
    49  0086                     	;# 
    50  0087                     	;# 
    51  0088                     	;# 
    52  0089                     	;# 
    53  008C                     	;# 
    54  008D                     	;# 
    55  008E                     	;# 
    56  0091                     	;# 
    57  0092                     	;# 
    58  0093                     	;# 
    59  0094                     	;# 
    60  0098                     	;# 
    61  0099                     	;# 
    62  009C                     	;# 
    63  009D                     	;# 
    64  009E                     	;# 
    65  009F                     	;# 
    66  010C                     	;# 
    67  010D                     	;# 
    68  010E                     	;# 
    69  010F                     	;# 
    70  018C                     	;# 
    71  018D                     	;# 
    72  0007                     _PORTC	set	7
    73  0008                     _PORTD	set	8
    74  005F                     _GIE	set	95
    75  005C                     _INTE	set	92
    76  0059                     _INTF	set	89
    77  005E                     _PEIE	set	94
    78  005B                     _RBIE	set	91
    79  0058                     _RBIF	set	88
    80  005D                     _TMR0IE	set	93
    81  005A                     _TMR0IF	set	90
    82  0086                     _TRISB	set	134
    83  0087                     _TRISC	set	135
    84  0088                     _TRISD	set	136
    85                           
    86                           	psect	text0
    87  0000                     __ptext0:	
    88                           ; #config settings
    89                           
    90                           
    91                           ;psect for function _ISR
    92  0000                     
    93                           	psect	cinit
    94  0015                     start_initialization:	
    95  0015                     __initialization:	
    96                           
    97                           ; Clear objects allocated to COMMON
    98  0015  01F4               	clrf	__pbssCOMMON& (0+127)
    99  0016  01F5               	clrf	(__pbssCOMMON+1)& (0+127)
   100  0017                     end_of_initialization:	
   101                           ;End of C runtime variable initialization code
   102                           
   103  0017                     __end_of__initialization:	
   104  0017  0183               	clrf	3
   105  0018  120A  118A  286D   	ljmp	_main	;jump to C main() function
   106                           
   107                           	psect	bssCOMMON
   108  0074                     __pbssCOMMON:	
   109  0074                     _count:	
   110  0074                     	ds	2
   111                           
   112                           	psect	cstackCOMMON
   113  0070                     __pcstackCOMMON:	
   114  0070                     ?_ISR:	
   115  0070                     ??_ISR:	
   116                           ; 0 bytes @ 0x0
   117                           
   118  0070                     ?_main:	
   119                           ; 0 bytes @ 0x0
   120                           
   121                           
   122                           ; 0 bytes @ 0x0
   123  0070                     	ds	4
   124  0074                     ??_main:	
   125                           
   126                           	psect	maintext
   127  006D                     __pmaintext:	
   128                           ; 0 bytes @ 0x4
   129 ;;
   130 ;;Main: autosize = 0, tempsize = 0, incstack = 0, save=0
   131 ;;
   132 ;; *************** function _main *****************
   133 ;; Defined at:
   134 ;;		line 95 in file "C:\Users\notjo\OneDrive\Desktop\USC\USC-Year3-Sem2\3201-EmbeddedSystems\Labs\LE_03\LE3-2\LE3-2.c"
   135 ;; Parameters:    Size  Location     Type
   136 ;;		None
   137 ;; Auto vars:     Size  Location     Type
   138 ;;		None
   139 ;; Return value:  Size  Location     Type
   140 ;;		None               void
   141 ;; Registers used:
   142 ;;		wreg, status,2
   143 ;; Tracked objects:
   144 ;;		On entry : 17F/0
   145 ;;		On exit  : 0/0
   146 ;;		Unchanged: 0/0
   147 ;; Data sizes:     COMMON   BANK0   BANK1   BANK3   BANK2
   148 ;;      Params:         0       0       0       0       0
   149 ;;      Locals:         0       0       0       0       0
   150 ;;      Temps:          0       0       0       0       0
   151 ;;      Totals:         0       0       0       0       0
   152 ;;Total ram usage:        0 bytes
   153 ;; Hardware stack levels required when called:    1
   154 ;; This function calls:
   155 ;;		Nothing
   156 ;; This function is called by:
   157 ;;		Startup code after reset
   158 ;; This function uses a non-reentrant model
   159 ;;
   160                           
   161                           
   162                           ;psect for function _main
   163  006D                     _main:	
   164                           
   165                           ;LE3-2.c: 98: GIE = 1;
   166                           
   167                           ;incstack = 0
   168                           ; Regs used in _main: [wreg+status,2]
   169  006D  178B               	bsf	11,7	;volatile
   170                           
   171                           ;LE3-2.c: 99: PEIE = 1;
   172  006E  170B               	bsf	11,6	;volatile
   173                           
   174                           ;LE3-2.c: 100: INTE = 1;
   175  006F  160B               	bsf	11,4	;volatile
   176                           
   177                           ;LE3-2.c: 101: RBIE = 0;
   178  0070  118B               	bcf	11,3	;volatile
   179                           
   180                           ;LE3-2.c: 102: TMR0IE = 1;
   181  0071  168B               	bsf	11,5	;volatile
   182                           
   183                           ;LE3-2.c: 103: TMR0IF = 0;
   184  0072  110B               	bcf	11,2	;volatile
   185                           
   186                           ;LE3-2.c: 104: INTF = 0;
   187  0073  108B               	bcf	11,1	;volatile
   188                           
   189                           ;LE3-2.c: 105: RBIF = 0;
   190  0074  100B               	bcf	11,0	;volatile
   191                           
   192                           ;LE3-2.c: 108: TRISB = 0x01;
   193  0075  3001               	movlw	1
   194  0076  1683               	bsf	3,5	;RP0=1, select bank1
   195  0077  1303               	bcf	3,6	;RP1=0, select bank1
   196  0078  0086               	movwf	6	;volatile
   197                           
   198                           ;LE3-2.c: 109: TRISC = 0x00;
   199  0079  0187               	clrf	7	;volatile
   200                           
   201                           ;LE3-2.c: 110: TRISD = 0xFF;
   202  007A  30FF               	movlw	255
   203  007B  0088               	movwf	8	;volatile
   204                           
   205                           ;LE3-2.c: 113: PORTC = 0x00;
   206  007C  1283               	bcf	3,5	;RP0=0, select bank0
   207  007D  1303               	bcf	3,6	;RP1=0, select bank0
   208  007E  0187               	clrf	7	;volatile
   209  007F                     l55:	
   210                           ;LE3-2.c: 115: while (1)
   211                           
   212                           
   213                           ;LE3-2.c: 116: {
   214  007F  287F               	goto	l55
   215  0080                     __end_of_main:	
   216                           
   217                           	psect	text1
   218  001B                     __ptext1:	
   219 ;; *************** function _ISR *****************
   220 ;; Defined at:
   221 ;;		line 43 in file "C:\Users\notjo\OneDrive\Desktop\USC\USC-Year3-Sem2\3201-EmbeddedSystems\Labs\LE_03\LE3-2\LE3-2.c"
   222 ;; Parameters:    Size  Location     Type
   223 ;;		None
   224 ;; Auto vars:     Size  Location     Type
   225 ;;		None
   226 ;; Return value:  Size  Location     Type
   227 ;;		None               void
   228 ;; Registers used:
   229 ;;		wreg, fsr0l, fsr0h, status,2, status,0
   230 ;; Tracked objects:
   231 ;;		On entry : 0/0
   232 ;;		On exit  : 0/0
   233 ;;		Unchanged: 0/0
   234 ;; Data sizes:     COMMON   BANK0   BANK1   BANK3   BANK2
   235 ;;      Params:         0       0       0       0       0
   236 ;;      Locals:         0       0       0       0       0
   237 ;;      Temps:          4       0       0       0       0
   238 ;;      Totals:         4       0       0       0       0
   239 ;;Total ram usage:        4 bytes
   240 ;; Hardware stack levels used:    1
   241 ;; This function calls:
   242 ;;		Nothing
   243 ;; This function is called by:
   244 ;;		Interrupt level 1
   245 ;; This function uses a non-reentrant model
   246 ;;
   247                           
   248                           
   249                           ;psect for function _ISR
   250  001B                     _ISR:	
   251                           
   252                           ;LE3-2.c: 45: GIE = 0;
   253  001B  138B               	bcf	11,7	;volatile
   254                           
   255                           ;LE3-2.c: 46: if(INTF == 1)
   256  001C  188B               	btfsc	11,1	;volatile
   257  001D  2838               	goto	i1l547
   258  001E  2862               	goto	i1l52
   259  001F                     i1l521:	
   260                           ;LE3-2.c: 49: {
   261                           ;LE3-2.c: 50: case KEY_0:
   262                           
   263                           ;LE3-2.c: 47: {
   264                           ;LE3-2.c: 48: switch(PORTD)
   265                           
   266  001F  2835               	goto	i1l543
   267  0020                     i1l523:	
   268                           ;LE3-2.c: 53: case KEY_1:
   269                           
   270                           ;LE3-2.c: 52: break;
   271                           
   272                           ;LE3-2.c: 51: count = 0;
   273                           
   274                           
   275                           ;LE3-2.c: 54: count = 1;
   276  0020  3001               	movlw	1
   277  0021  2831               	goto	L8
   278  0022                     i1l525:	
   279                           ;LE3-2.c: 56: case KEY_2:
   280                           
   281                           ;LE3-2.c: 55: break;
   282                           
   283                           
   284                           ;LE3-2.c: 57: count = 2;
   285  0022  3002               	movlw	2
   286  0023  2831               	goto	L8
   287  0024                     i1l527:	
   288                           ;LE3-2.c: 59: case KEY_3:
   289                           
   290                           ;LE3-2.c: 58: break;
   291                           
   292                           
   293                           ;LE3-2.c: 60: count = 3;
   294  0024  3003               	movlw	3
   295  0025  2831               	goto	L8
   296  0026                     i1l529:	
   297                           ;LE3-2.c: 62: case KEY_4:
   298                           
   299                           ;LE3-2.c: 61: break;
   300                           
   301                           
   302                           ;LE3-2.c: 63: count = 4;
   303  0026  3004               	movlw	4
   304  0027  2831               	goto	L8
   305  0028                     i1l531:	
   306                           ;LE3-2.c: 65: case KEY_5:
   307                           
   308                           ;LE3-2.c: 64: break;
   309                           
   310                           
   311                           ;LE3-2.c: 66: count = 5;
   312  0028  3005               	movlw	5
   313  0029  2831               	goto	L8
   314  002A                     i1l533:	
   315                           ;LE3-2.c: 68: case KEY_6:
   316                           
   317                           ;LE3-2.c: 67: break;
   318                           
   319                           
   320                           ;LE3-2.c: 69: count = 6;
   321  002A  3006               	movlw	6
   322  002B  2831               	goto	L8
   323  002C                     i1l535:	
   324                           ;LE3-2.c: 71: case KEY_7:
   325                           
   326                           ;LE3-2.c: 70: break;
   327                           
   328                           
   329                           ;LE3-2.c: 72: count = 7;
   330  002C  3007               	movlw	7
   331  002D  2831               	goto	L8
   332  002E                     i1l537:	
   333                           ;LE3-2.c: 74: case KEY_8:
   334                           
   335                           ;LE3-2.c: 73: break;
   336                           
   337                           
   338                           ;LE3-2.c: 75: count = 8;
   339  002E  3008               	movlw	8
   340  002F  2831               	goto	L8
   341  0030                     i1l539:	
   342                           ;LE3-2.c: 77: case KEY_9:
   343                           
   344                           ;LE3-2.c: 76: break;
   345                           
   346                           
   347                           ;LE3-2.c: 78: count = 9;
   348  0030  3009               	movlw	9
   349  0031                     L8:	
   350  0031  00F4               	movwf	_count
   351  0032  3000               	movlw	0
   352  0033  00F5               	movwf	_count+1
   353                           
   354                           ;LE3-2.c: 79: break;
   355  0034  285E               	goto	i1l549
   356  0035                     i1l541:	
   357                           ;LE3-2.c: 80: case KEY_MULTIPLY:
   358                           
   359  0035                     i1l543:	
   360                           ;LE3-2.c: 83: case KEY_HASH:
   361                           
   362                           ;LE3-2.c: 82: break;
   363                           
   364                           ;LE3-2.c: 81: count = 0;
   365                           
   366                           
   367                           ;LE3-2.c: 84: count = 0;
   368  0035  01F4               	clrf	_count
   369  0036  01F5               	clrf	_count+1
   370                           
   371                           ;LE3-2.c: 88: }
   372                           
   373                           ;LE3-2.c: 87: break;
   374                           
   375                           ;LE3-2.c: 86: default:
   376                           
   377                           ;LE3-2.c: 85: break;
   378  0037  285E               	goto	i1l549
   379  0038                     i1l547:	
   380  0038  0808               	movf	8,w	;volatile
   381                           
   382                           ; Switch size 1, requested type "space"
   383                           ; Number of cases is 12, Range of values is 0 to 14
   384                           ; switch strategies available:
   385                           ; Name         Instructions Cycles
   386                           ; simple_byte           37    19 (average)
   387                           ; direct_byte           53     8 (fixed)
   388                           ; jumptable            260     6 (fixed)
   389                           ;	Chosen strategy is simple_byte
   390  0039  3A00               	xorlw	0	; case 0
   391  003A  1903               	skipnz
   392  003B  2820               	goto	i1l523
   393  003C  3A01               	xorlw	1	; case 1
   394  003D  1903               	skipnz
   395  003E  2822               	goto	i1l525
   396  003F  3A03               	xorlw	3	; case 2
   397  0040  1903               	skipnz
   398  0041  2824               	goto	i1l527
   399  0042  3A06               	xorlw	6	; case 4
   400  0043  1903               	skipnz
   401  0044  2826               	goto	i1l529
   402  0045  3A01               	xorlw	1	; case 5
   403  0046  1903               	skipnz
   404  0047  2828               	goto	i1l531
   405  0048  3A03               	xorlw	3	; case 6
   406  0049  1903               	skipnz
   407  004A  282A               	goto	i1l533
   408  004B  3A0E               	xorlw	14	; case 8
   409  004C  1903               	skipnz
   410  004D  282C               	goto	i1l535
   411  004E  3A01               	xorlw	1	; case 9
   412  004F  1903               	skipnz
   413  0050  282E               	goto	i1l537
   414  0051  3A03               	xorlw	3	; case 10
   415  0052  1903               	skipnz
   416  0053  2830               	goto	i1l539
   417  0054  3A06               	xorlw	6	; case 12
   418  0055  1903               	skipnz
   419  0056  2835               	goto	i1l541
   420  0057  3A01               	xorlw	1	; case 13
   421  0058  1903               	skipnz
   422  0059  281F               	goto	i1l521
   423  005A  3A03               	xorlw	3	; case 14
   424  005B  1903               	skipnz
   425  005C  2835               	goto	i1l543
   426  005D  285E               	goto	i1l549
   427  005E                     i1l549:	
   428                           
   429                           ;LE3-2.c: 89: PORTC = count;
   430  005E  0874               	movf	_count,w
   431  005F  0087               	movwf	7	;volatile
   432                           
   433                           ;LE3-2.c: 90: INTF = 0;
   434  0060  108B               	bcf	11,1	;volatile
   435                           
   436                           ;LE3-2.c: 91: GIE = 1;
   437  0061  178B               	bsf	11,7	;volatile
   438  0062                     i1l52:	
   439  0062  0873               	movf	??_ISR+3,w
   440  0063  00FF               	movwf	127
   441  0064  0872               	movf	??_ISR+2,w
   442  0065  008A               	movwf	10
   443  0066  0871               	movf	??_ISR+1,w
   444  0067  0084               	movwf	4
   445  0068  0E70               	swapf	??_ISR^(0+-128),w
   446  0069  0083               	movwf	3
   447  006A  0EFE               	swapf	126,f
   448  006B  0E7E               	swapf	126,w
   449  006C  0009               	retfie
   450  006D                     __end_of_ISR:	
   451  007E                     btemp	set	126	;btemp
   452  007E                     wtemp	set	126
   453  007E                     wtemp0	set	126
   454  0080                     wtemp1	set	128
   455  0082                     wtemp2	set	130
   456  0084                     wtemp3	set	132
   457  0086                     wtemp4	set	134
   458  0088                     wtemp5	set	136
   459  007F                     wtemp6	set	127
   460  007E                     ttemp	set	126
   461  007E                     ttemp0	set	126
   462  0081                     ttemp1	set	129
   463  0084                     ttemp2	set	132
   464  0087                     ttemp3	set	135
   465  007F                     ttemp4	set	127
   466  007E                     ltemp	set	126
   467  007E                     ltemp0	set	126
   468  0082                     ltemp1	set	130
   469  0086                     ltemp2	set	134
   470  0080                     ltemp3	set	128
   471                           
   472                           	psect	intentry
   473  0004                     __pintentry:	
   474                           ;incstack = 0
   475                           ; Regs used in _ISR: [wreg-fsr0h+status,2+status,0]
   476                           
   477  0004                     interrupt_function:	
   478  007E                     saved_w	set	btemp
   479  0004  00FE               	movwf	btemp
   480  0005  0E03               	swapf	3,w
   481  0006  00F0               	movwf	??_ISR
   482  0007  0804               	movf	4,w
   483  0008  00F1               	movwf	??_ISR+1
   484  0009  080A               	movf	10,w
   485  000A  00F2               	movwf	??_ISR+2
   486  000B  1283               	bcf	3,5	;RP0=0, select bank0
   487  000C  1303               	bcf	3,6	;RP1=0, select bank0
   488  000D  087F               	movf	btemp+1,w
   489  000E  00F3               	movwf	??_ISR+3
   490  000F  120A  118A  281B   	ljmp	_ISR


Data Sizes:
    Strings     0
    Constant    0
    Data        0
    BSS         2
    Persistent  0
    Stack       0

Auto Spaces:
    Space          Size  Autos    Used
    COMMON           14      4       6
    BANK0            80      0       0
    BANK1            80      0       0
    BANK3            96      0       0
    BANK2            96      0       0

Pointer List with Targets:

    None.

Critical Paths under _main in COMMON

    None.

Critical Paths under _ISR in COMMON

    None.

Critical Paths under _main in BANK0

    None.

Critical Paths under _ISR in BANK0

    None.

Critical Paths under _main in BANK1

    None.

Critical Paths under _ISR in BANK1

    None.

Critical Paths under _main in BANK3

    None.

Critical Paths under _ISR in BANK3

    None.

Critical Paths under _main in BANK2

    None.

Critical Paths under _ISR in BANK2

    None.

Call Graph Tables:

 ---------------------------------------------------------------------------------
 (Depth) Function   	        Calls       Base Space   Used Autos Params    Refs
 ---------------------------------------------------------------------------------
 (0) _main                                                 0     0      0       0
 ---------------------------------------------------------------------------------
 Estimated maximum stack depth 0
 ---------------------------------------------------------------------------------
 (Depth) Function   	        Calls       Base Space   Used Autos Params    Refs
 ---------------------------------------------------------------------------------
 (1) _ISR                                                  4     4      0       0
                                              0 COMMON     4     4      0
 ---------------------------------------------------------------------------------
 Estimated maximum stack depth 1
 ---------------------------------------------------------------------------------

 Call Graph Graphs:

 _main (ROOT)

 _ISR (ROOT)

 Address spaces:
Name               Size   Autos  Total    Cost      Usage
BITCOMMON            E      0       0       0        0.0%
EEDATA             100      0       0       0        0.0%
NULL                 0      0       0       0        0.0%
CODE                 0      0       0       0        0.0%
COMMON               E      4       6       1       42.9%
BITSFR0              0      0       0       1        0.0%
SFR0                 0      0       0       1        0.0%
BITSFR1              0      0       0       2        0.0%
SFR1                 0      0       0       2        0.0%
STACK                0      0       0       2        0.0%
ABS                  0      0       6       3        0.0%
BITBANK0            50      0       0       4        0.0%
BITSFR3              0      0       0       4        0.0%
SFR3                 0      0       0       4        0.0%
BANK0               50      0       0       5        0.0%
BITSFR2              0      0       0       5        0.0%
SFR2                 0      0       0       5        0.0%
BITBANK1            50      0       0       6        0.0%
BANK1               50      0       0       7        0.0%
BITBANK3            60      0       0       8        0.0%
BANK3               60      0       0       9        0.0%
BITBANK2            60      0       0      10        0.0%
BANK2               60      0       0      11        0.0%
DATA                 0      0       6      12        0.0%


Microchip Technology PIC Macro Assembler V1.33 build 59893 
Symbol Table                                                                                   Fri Feb 09 15:35:01 2024

            __CFG_CP$OFF 0000                       l55 007F                      _GIE 005F  
           __CFG_CPD$OFF 0000                      _ISR 001B                      fsr0 0004  
           __CFG_FOSC$XT 0000             __CFG_LVP$OFF 0000                     ?_ISR 0070  
                   _PEIE 005E                     _INTE 005C                     _INTF 0059  
                   _RBIE 005B                     _RBIF 0058                     i1l52 0062  
           __CFG_WRT$OFF 0000                     _main 006D                     btemp 007E  
          __CFG_BOREN$ON 0000                     ltemp 007E                     start 0012  
                   ttemp 007E                     wtemp 007E                    ??_ISR 0070  
                  ?_main 0070            __CFG_WDTE$OFF 0000                    i1l521 001F  
                  i1l531 0028                    i1l523 0020                    i1l541 0035  
                  i1l533 002A                    i1l525 0022                    i1l543 0035  
                  i1l535 002C                    i1l527 0024                    i1l537 002E  
                  i1l529 0026                    i1l539 0030                    i1l547 0038  
                  i1l549 005E                    _PORTC 0007                    _PORTD 0008  
                  _TRISB 0086                    _TRISC 0087                    _TRISD 0088  
          __CFG_PWRTE$ON 0000                    _count 0074                    pclath 000A  
                  ltemp0 007E                    ltemp1 0082                    ltemp2 0086  
                  ltemp3 0080                    ttemp0 007E                    ttemp1 0081  
                  ttemp2 0084                    ttemp3 0087                    ttemp4 007F  
                  status 0003                    wtemp0 007E                    wtemp1 0080  
                  wtemp2 0082                    wtemp3 0084                    wtemp4 0086  
                  wtemp5 0088                    wtemp6 007F          __initialization 0015  
           __end_of_main 0080                   ??_main 0074                   _TMR0IE 005D  
                 _TMR0IF 005A                   saved_w 007E  __end_of__initialization 0017  
         __pcstackCOMMON 0070               __pmaintext 006D               __pintentry 0004  
                __ptext0 0000                  __ptext1 001B             __size_of_ISR 0052  
   end_of_initialization 0017      start_initialization 0015              __end_of_ISR 006D  
            __pbssCOMMON 0074                ___latbits 0002        interrupt_function 0004  
          __size_of_main 0013                 intlevel1 0000  
