

Microchip Technology PIC LITE Macro Assembler V1.33 build 59893 
                                                                                               Tue Mar 05 21:10:37 2024

Microchip Technology Omniscient Code Generator (Lite mode) build 59893
     1                           	processor	16F877A
     2                           	opt	pw 120
     3                           	opt	lm
     4                           	psect	text0,local,class=CODE,merge=1,delta=2
     5                           	psect	cinit,global,class=CODE,merge=1,delta=2
     6                           	psect	cstackCOMMON,global,class=COMMON,space=1,delta=1
     7                           	psect	maintext,global,class=CODE,split=1,delta=2
     8                           	psect	text1,local,class=CODE,merge=1,delta=2
     9                           	psect	intentry,global,class=CODE,delta=2
    10                           	dabs	1,0x7E,2
    11  0000                     	;# 
    12  0001                     	;# 
    13  0002                     	;# 
    14  0003                     	;# 
    15  0004                     	;# 
    16  0005                     	;# 
    17  0006                     	;# 
    18  0007                     	;# 
    19  0008                     	;# 
    20  0009                     	;# 
    21  000A                     	;# 
    22  000B                     	;# 
    23  000C                     	;# 
    24  000D                     	;# 
    25  000E                     	;# 
    26  000E                     	;# 
    27  000F                     	;# 
    28  0010                     	;# 
    29  0011                     	;# 
    30  0012                     	;# 
    31  0013                     	;# 
    32  0014                     	;# 
    33  0015                     	;# 
    34  0015                     	;# 
    35  0016                     	;# 
    36  0017                     	;# 
    37  0018                     	;# 
    38  0019                     	;# 
    39  001A                     	;# 
    40  001B                     	;# 
    41  001B                     	;# 
    42  001C                     	;# 
    43  001D                     	;# 
    44  001E                     	;# 
    45  001F                     	;# 
    46  0081                     	;# 
    47  0085                     	;# 
    48  0086                     	;# 
    49  0087                     	;# 
    50  0088                     	;# 
    51  0089                     	;# 
    52  008C                     	;# 
    53  008D                     	;# 
    54  008E                     	;# 
    55  0091                     	;# 
    56  0092                     	;# 
    57  0093                     	;# 
    58  0094                     	;# 
    59  0098                     	;# 
    60  0099                     	;# 
    61  009C                     	;# 
    62  009D                     	;# 
    63  009E                     	;# 
    64  009F                     	;# 
    65  010C                     	;# 
    66  010D                     	;# 
    67  010E                     	;# 
    68  010F                     	;# 
    69  018C                     	;# 
    70  018D                     	;# 
    71  0012                     _T2CON	set	18
    72  005F                     _GIE	set	95
    73  005E                     _PEIE	set	94
    74  0028                     _RA0	set	40
    75  0061                     _TMR2IF	set	97
    76  0092                     _TMR2ON	set	146
    77  009F                     _ADCON1	set	159
    78  0092                     _PR2	set	146
    79  0085                     _TRISA	set	133
    80  0461                     _TMR2IE	set	1121
    81                           
    82                           	psect	text0
    83  0000                     __ptext0:	
    84                           ; #config settings
    85                           
    86                           
    87                           ;psect for function _ISR
    88  0000                     
    89                           	psect	cinit
    90  0015                     start_initialization:	
    91  0015                     __initialization:	
    92  0015                     end_of_initialization:	
    93                           ;End of C runtime variable initialization code
    94                           
    95  0015                     __end_of__initialization:	
    96  0015  0183               	clrf	3
    97  0016  120A  118A  2819   	ljmp	_main	;jump to C main() function
    98                           
    99                           	psect	cstackCOMMON
   100  0070                     __pcstackCOMMON:	
   101  0070                     ?_ISR:	
   102  0070                     ??_ISR:	
   103                           ; 0 bytes @ 0x0
   104                           
   105  0070                     ?_main:	
   106                           ; 0 bytes @ 0x0
   107                           
   108                           
   109                           ; 0 bytes @ 0x0
   110  0070                     	ds	4
   111  0074                     ??_main:	
   112                           
   113                           	psect	maintext
   114  0019                     __pmaintext:	
   115                           ; 0 bytes @ 0x4
   116 ;;
   117 ;;Main: autosize = 0, tempsize = 0, incstack = 0, save=0
   118 ;;
   119 ;; *************** function _main *****************
   120 ;; Defined at:
   121 ;;		line 44 in file "C:\Users\notjo\OneDrive\Desktop\USC\USC-Year3-Sem2\3201-EmbeddedSystems\Labs\LE_04\LE4-2\LE4-2.c"
   122 ;; Parameters:    Size  Location     Type
   123 ;;		None
   124 ;; Auto vars:     Size  Location     Type
   125 ;;		None
   126 ;; Return value:  Size  Location     Type
   127 ;;		None               void
   128 ;; Registers used:
   129 ;;		wreg, status,2
   130 ;; Tracked objects:
   131 ;;		On entry : 17F/0
   132 ;;		On exit  : 0/0
   133 ;;		Unchanged: 0/0
   134 ;; Data sizes:     COMMON   BANK0   BANK1   BANK3   BANK2
   135 ;;      Params:         0       0       0       0       0
   136 ;;      Locals:         0       0       0       0       0
   137 ;;      Temps:          0       0       0       0       0
   138 ;;      Totals:         0       0       0       0       0
   139 ;;Total ram usage:        0 bytes
   140 ;; Hardware stack levels required when called:    1
   141 ;; This function calls:
   142 ;;		Nothing
   143 ;; This function is called by:
   144 ;;		Startup code after reset
   145 ;; This function uses a non-reentrant model
   146 ;;
   147                           
   148                           
   149                           ;psect for function _main
   150  0019                     _main:	
   151                           
   152                           ;LE4-2.c: 46: ADCON1 = 0x06;
   153                           
   154                           ;incstack = 0
   155                           ; Regs used in _main: [wreg+status,2]
   156  0019  3006               	movlw	6
   157  001A  1683               	bsf	3,5	;RP0=1, select bank1
   158  001B  1303               	bcf	3,6	;RP1=0, select bank1
   159  001C  009F               	movwf	31	;volatile
   160                           
   161                           ;LE4-2.c: 47: TRISA = 0x00;
   162  001D  0185               	clrf	5	;volatile
   163                           
   164                           ;LE4-2.c: 48: RA0 = 0;
   165  001E  1283               	bcf	3,5	;RP0=0, select bank0
   166  001F  1303               	bcf	3,6	;RP1=0, select bank0
   167  0020  1005               	bcf	5,0	;volatile
   168                           
   169                           ;LE4-2.c: 49: TMR2IE = 1;
   170  0021  1683               	bsf	3,5	;RP0=1, select bank1
   171  0022  1303               	bcf	3,6	;RP1=0, select bank1
   172  0023  148C               	bsf	12,1	;volatile
   173                           
   174                           ;LE4-2.c: 50: TMR2IF = 0;
   175  0024  1283               	bcf	3,5	;RP0=0, select bank0
   176  0025  1303               	bcf	3,6	;RP1=0, select bank0
   177  0026  108C               	bcf	12,1	;volatile
   178                           
   179                           ;LE4-2.c: 51: PEIE = 1;
   180  0027  170B               	bsf	11,6	;volatile
   181                           
   182                           ;LE4-2.c: 52: GIE = 1;
   183  0028  178B               	bsf	11,7	;volatile
   184                           
   185                           ;LE4-2.c: 55: T2CON = 0x01;
   186  0029  3001               	movlw	1
   187  002A  0092               	movwf	18	;volatile
   188                           
   189                           ;LE4-2.c: 56: PR2 = 0x7D;
   190  002B  307D               	movlw	125
   191  002C  1683               	bsf	3,5	;RP0=1, select bank1
   192  002D  1303               	bcf	3,6	;RP1=0, select bank1
   193  002E  0092               	movwf	18	;volatile
   194                           
   195                           ;LE4-2.c: 58: TMR2ON = 1;
   196  002F  1283               	bcf	3,5	;RP0=0, select bank0
   197  0030  1303               	bcf	3,6	;RP1=0, select bank0
   198  0031  1512               	bsf	18,2	;volatile
   199  0032                     l27:	
   200                           ;LE4-2.c: 59: for(;;)
   201                           
   202                           
   203                           ;LE4-2.c: 60: {
   204                           ;LE4-2.c: 61: }
   205  0032  2832               	goto	l27
   206  0033                     __end_of_main:	
   207                           
   208                           	psect	text1
   209  0033                     __ptext1:	
   210 ;; *************** function _ISR *****************
   211 ;; Defined at:
   212 ;;		line 33 in file "C:\Users\notjo\OneDrive\Desktop\USC\USC-Year3-Sem2\3201-EmbeddedSystems\Labs\LE_04\LE4-2\LE4-2.c"
   213 ;; Parameters:    Size  Location     Type
   214 ;;		None
   215 ;; Auto vars:     Size  Location     Type
   216 ;;		None
   217 ;; Return value:  Size  Location     Type
   218 ;;		None               void
   219 ;; Registers used:
   220 ;;		wreg
   221 ;; Tracked objects:
   222 ;;		On entry : 0/0
   223 ;;		On exit  : 0/0
   224 ;;		Unchanged: 0/0
   225 ;; Data sizes:     COMMON   BANK0   BANK1   BANK3   BANK2
   226 ;;      Params:         0       0       0       0       0
   227 ;;      Locals:         0       0       0       0       0
   228 ;;      Temps:          4       0       0       0       0
   229 ;;      Totals:         4       0       0       0       0
   230 ;;Total ram usage:        4 bytes
   231 ;; Hardware stack levels used:    1
   232 ;; This function calls:
   233 ;;		Nothing
   234 ;; This function is called by:
   235 ;;		Interrupt level 1
   236 ;; This function uses a non-reentrant model
   237 ;;
   238                           
   239                           
   240                           ;psect for function _ISR
   241  0033                     _ISR:	
   242                           
   243                           ;LE4-2.c: 35: GIE = 0;
   244  0033  138B               	bcf	11,7	;volatile
   245                           
   246                           ;LE4-2.c: 36: if(TMR2IF==1)
   247  0034  1C8C               	btfss	12,1	;volatile
   248  0035  2839               	goto	i1l492
   249                           
   250                           ;LE4-2.c: 37: {
   251                           ;LE4-2.c: 38: TMR2IF = 0;
   252  0036  108C               	bcf	12,1	;volatile
   253                           
   254                           ;LE4-2.c: 39: RA0 = RA0^1;
   255  0037  3001               	movlw	1
   256  0038  0685               	xorwf	5,f
   257  0039                     i1l492:	
   258                           
   259                           ;LE4-2.c: 40: }
   260                           ;LE4-2.c: 41: GIE = 1;
   261  0039  178B               	bsf	11,7	;volatile
   262  003A  0873               	movf	??_ISR+3,w
   263  003B  00FF               	movwf	127
   264  003C  0872               	movf	??_ISR+2,w
   265  003D  008A               	movwf	10
   266  003E  0871               	movf	??_ISR+1,w
   267  003F  0084               	movwf	4
   268  0040  0E70               	swapf	??_ISR^(0+-128),w
   269  0041  0083               	movwf	3
   270  0042  0EFE               	swapf	126,f
   271  0043  0E7E               	swapf	126,w
   272  0044  0009               	retfie
   273  0045                     __end_of_ISR:	
   274  007E                     btemp	set	126	;btemp
   275  007E                     wtemp	set	126
   276  007E                     wtemp0	set	126
   277  0080                     wtemp1	set	128
   278  0082                     wtemp2	set	130
   279  0084                     wtemp3	set	132
   280  0086                     wtemp4	set	134
   281  0088                     wtemp5	set	136
   282  007F                     wtemp6	set	127
   283  007E                     ttemp	set	126
   284  007E                     ttemp0	set	126
   285  0081                     ttemp1	set	129
   286  0084                     ttemp2	set	132
   287  0087                     ttemp3	set	135
   288  007F                     ttemp4	set	127
   289  007E                     ltemp	set	126
   290  007E                     ltemp0	set	126
   291  0082                     ltemp1	set	130
   292  0086                     ltemp2	set	134
   293  0080                     ltemp3	set	128
   294                           
   295                           	psect	intentry
   296  0004                     __pintentry:	
   297                           ;incstack = 0
   298                           ; Regs used in _ISR: [wreg]
   299                           
   300  0004                     interrupt_function:	
   301  007E                     saved_w	set	btemp
   302  0004  00FE               	movwf	btemp
   303  0005  0E03               	swapf	3,w
   304  0006  00F0               	movwf	??_ISR
   305  0007  0804               	movf	4,w
   306  0008  00F1               	movwf	??_ISR+1
   307  0009  080A               	movf	10,w
   308  000A  00F2               	movwf	??_ISR+2
   309  000B  1283               	bcf	3,5	;RP0=0, select bank0
   310  000C  1303               	bcf	3,6	;RP1=0, select bank0
   311  000D  087F               	movf	btemp+1,w
   312  000E  00F3               	movwf	??_ISR+3
   313  000F  120A  118A  2833   	ljmp	_ISR


Data Sizes:
    Strings     0
    Constant    0
    Data        0
    BSS         0
    Persistent  0
    Stack       0

Auto Spaces:
    Space          Size  Autos    Used
    COMMON           14      4       4
    BANK0            80      0       0
    BANK1            80      0       0
    BANK3            96      0       0
    BANK2            96      0       0

Pointer List with Targets:

    None.

Critical Paths under _main in COMMON

    None.

Critical Paths under _ISR in COMMON

    None.

Critical Paths under _main in BANK0

    None.

Critical Paths under _ISR in BANK0

    None.

Critical Paths under _main in BANK1

    None.

Critical Paths under _ISR in BANK1

    None.

Critical Paths under _main in BANK3

    None.

Critical Paths under _ISR in BANK3

    None.

Critical Paths under _main in BANK2

    None.

Critical Paths under _ISR in BANK2

    None.

Call Graph Tables:

 ---------------------------------------------------------------------------------
 (Depth) Function   	        Calls       Base Space   Used Autos Params    Refs
 ---------------------------------------------------------------------------------
 (0) _main                                                 0     0      0       0
 ---------------------------------------------------------------------------------
 Estimated maximum stack depth 0
 ---------------------------------------------------------------------------------
 (Depth) Function   	        Calls       Base Space   Used Autos Params    Refs
 ---------------------------------------------------------------------------------
 (1) _ISR                                                  4     4      0       0
                                              0 COMMON     4     4      0
 ---------------------------------------------------------------------------------
 Estimated maximum stack depth 1
 ---------------------------------------------------------------------------------

 Call Graph Graphs:

 _main (ROOT)

 _ISR (ROOT)

 Address spaces:
Name               Size   Autos  Total    Cost      Usage
BITCOMMON            E      0       0       0        0.0%
EEDATA             100      0       0       0        0.0%
NULL                 0      0       0       0        0.0%
CODE                 0      0       0       0        0.0%
COMMON               E      4       4       1       28.6%
BITSFR0              0      0       0       1        0.0%
SFR0                 0      0       0       1        0.0%
BITSFR1              0      0       0       2        0.0%
SFR1                 0      0       0       2        0.0%
STACK                0      0       0       2        0.0%
ABS                  0      0       0       3        0.0%
BITBANK0            50      0       0       4        0.0%
BITSFR3              0      0       0       4        0.0%
SFR3                 0      0       0       4        0.0%
BANK0               50      0       0       5        0.0%
BITSFR2              0      0       0       5        0.0%
SFR2                 0      0       0       5        0.0%
BITBANK1            50      0       0       6        0.0%
BANK1               50      0       0       7        0.0%
BITBANK3            60      0       0       8        0.0%
BANK3               60      0       0       9        0.0%
BITBANK2            60      0       0      10        0.0%
BANK2               60      0       0      11        0.0%
DATA                 0      0       0      12        0.0%


Microchip Technology PIC Macro Assembler V1.33 build 59893 
Symbol Table                                                                                   Tue Mar 05 21:10:37 2024

            __CFG_CP$OFF 0000                       l27 0032                      _GIE 005F  
                    _RA0 0028                      _PR2 0092             __CFG_CPD$OFF 0000  
                    _ISR 0033                      fsr0 0004             __CFG_FOSC$XT 0000  
           __CFG_LVP$OFF 0000                     ?_ISR 0070                     _PEIE 005E  
           __CFG_WRT$OFF 0000                     _main 0019                     btemp 007E  
          __CFG_BOREN$ON 0000                     ltemp 007E                     start 0012  
                   ttemp 007E                     wtemp 007E                    ??_ISR 0070  
                  ?_main 0070            __CFG_WDTE$OFF 0000                    _T2CON 0012  
                  i1l492 0039                    _TRISA 0085            __CFG_PWRTE$ON 0000  
                  pclath 000A                    ltemp0 007E                    ltemp1 0082  
                  ltemp2 0086                    ltemp3 0080                    ttemp0 007E  
                  ttemp1 0081                    ttemp2 0084                    ttemp3 0087  
                  ttemp4 007F                    status 0003                    wtemp0 007E  
                  wtemp1 0080                    wtemp2 0082                    wtemp3 0084  
                  wtemp4 0086                    wtemp5 0088                    wtemp6 007F  
        __initialization 0015             __end_of_main 0033                   ??_main 0074  
                 _ADCON1 009F                   _TMR2IE 0461                   _TMR2IF 0061  
                 _TMR2ON 0092                   saved_w 007E  __end_of__initialization 0015  
         __pcstackCOMMON 0070               __pmaintext 0019               __pintentry 0004  
                __ptext0 0000                  __ptext1 0033             __size_of_ISR 0012  
   end_of_initialization 0015      start_initialization 0015              __end_of_ISR 0045  
              ___latbits 0002        interrupt_function 0004            __size_of_main 001A  
               intlevel1 0000  
