

Microchip Technology PIC LITE Macro Assembler V1.33 build 59893 
                                                                                               Wed Feb 07 23:15:41 2024

Microchip Technology Omniscient Code Generator (Lite mode) build 59893
     1                           	processor	16F877A
     2                           	opt	pw 120
     3                           	opt	lm
     4                           	psect	text0,local,class=CODE,merge=1,delta=2
     5                           	psect	cinit,global,class=CODE,merge=1,delta=2
     6                           	psect	cstackCOMMON,global,class=COMMON,space=1,delta=1
     7                           	psect	maintext,global,class=CODE,split=1,delta=2
     8                           	psect	text1,local,class=CODE,merge=1,delta=2
     9                           	psect	text2,local,class=CODE,merge=1,delta=2
    10                           	psect	text3,local,class=CODE,merge=1,delta=2
    11                           	psect	text4,local,class=CODE,merge=1,delta=2
    12                           	dabs	1,0x7E,2
    13  0000                     	;# 
    14  0001                     	;# 
    15  0002                     	;# 
    16  0003                     	;# 
    17  0004                     	;# 
    18  0005                     	;# 
    19  0006                     	;# 
    20  0007                     	;# 
    21  0008                     	;# 
    22  0009                     	;# 
    23  000A                     	;# 
    24  000B                     	;# 
    25  000C                     	;# 
    26  000D                     	;# 
    27  000E                     	;# 
    28  000E                     	;# 
    29  000F                     	;# 
    30  0010                     	;# 
    31  0011                     	;# 
    32  0012                     	;# 
    33  0013                     	;# 
    34  0014                     	;# 
    35  0015                     	;# 
    36  0015                     	;# 
    37  0016                     	;# 
    38  0017                     	;# 
    39  0018                     	;# 
    40  0019                     	;# 
    41  001A                     	;# 
    42  001B                     	;# 
    43  001B                     	;# 
    44  001C                     	;# 
    45  001D                     	;# 
    46  001E                     	;# 
    47  001F                     	;# 
    48  0081                     	;# 
    49  0085                     	;# 
    50  0086                     	;# 
    51  0087                     	;# 
    52  0088                     	;# 
    53  0089                     	;# 
    54  008C                     	;# 
    55  008D                     	;# 
    56  008E                     	;# 
    57  0091                     	;# 
    58  0092                     	;# 
    59  0093                     	;# 
    60  0094                     	;# 
    61  0098                     	;# 
    62  0099                     	;# 
    63  009C                     	;# 
    64  009D                     	;# 
    65  009E                     	;# 
    66  009F                     	;# 
    67  010C                     	;# 
    68  010D                     	;# 
    69  010E                     	;# 
    70  010F                     	;# 
    71  018C                     	;# 
    72  018D                     	;# 
    73  0006                     _PORTB	set	6
    74  0007                     _PORTC	set	7
    75  0086                     _TRISB	set	134
    76  0087                     _TRISC	set	135
    77                           
    78                           	psect	text0
    79  0000                     __ptext0:	
    80                           ; #config settings
    81                           
    82                           
    83                           ;psect for function _delay
    84  0000                     
    85                           	psect	cinit
    86  07FC                     start_initialization:	
    87  07FC                     __initialization:	
    88  07FC                     end_of_initialization:	
    89                           ;End of C runtime variable initialization code
    90                           
    91  07FC                     __end_of__initialization:	
    92  07FC  0183               	clrf	3
    93  07FD  120A  118A  2FB3   	ljmp	_main	;jump to C main() function
    94                           
    95                           	psect	cstackCOMMON
    96  0070                     __pcstackCOMMON:	
    97  0070                     ?_delay:	
    98  0070                     ?_initLCD:	
    99                           ; 0 bytes @ 0x0
   100                           
   101  0070                     ?_main:	
   102                           ; 0 bytes @ 0x0
   103                           
   104  0070                     delay@timeIn:	
   105                           ; 0 bytes @ 0x0
   106                           
   107                           
   108                           ; 2 bytes @ 0x0
   109  0070                     	ds	2
   110  0072                     ??_delay:	
   111                           
   112                           ; 0 bytes @ 0x2
   113  0072                     	ds	1
   114  0073                     delay@j:	
   115                           
   116                           ; 2 bytes @ 0x3
   117  0073                     	ds	2
   118  0075                     ?_instCtrl:	
   119  0075                     ?_dataCtrl:	
   120                           ; 0 bytes @ 0x5
   121                           
   122  0075                     instCtrl@dataIn:	
   123                           ; 0 bytes @ 0x5
   124                           
   125  0075                     dataCtrl@dataIn:	
   126                           ; 2 bytes @ 0x5
   127                           
   128                           
   129                           ; 2 bytes @ 0x5
   130  0075                     	ds	2
   131  0077                     ??_instCtrl:	
   132  0077                     ??_dataCtrl:	
   133                           ; 0 bytes @ 0x7
   134                           
   135  0077                     ??_initLCD:	
   136                           ; 0 bytes @ 0x7
   137                           
   138  0077                     ??_main:	
   139                           ; 0 bytes @ 0x7
   140                           
   141                           
   142                           	psect	maintext
   143  07B3                     __pmaintext:	
   144                           ; 0 bytes @ 0x7
   145 ;;
   146 ;;Main: autosize = 0, tempsize = 0, incstack = 0, save=0
   147 ;;
   148 ;; *************** function _main *****************
   149 ;; Defined at:
   150 ;;		line 64 in file "C:\Users\notjo\OneDrive\Desktop\USC\USC-Year3-Sem2\3201-EmbeddedSystems\Labs\LE_02\LE2-1\LE2-1.c"
   151 ;; Parameters:    Size  Location     Type
   152 ;;		None
   153 ;; Auto vars:     Size  Location     Type
   154 ;;		None
   155 ;; Return value:  Size  Location     Type
   156 ;;		None               void
   157 ;; Registers used:
   158 ;;		wreg, status,2, status,0, pclath, cstack
   159 ;; Tracked objects:
   160 ;;		On entry : 17F/0
   161 ;;		On exit  : 0/0
   162 ;;		Unchanged: 0/0
   163 ;; Data sizes:     COMMON   BANK0   BANK1   BANK3   BANK2
   164 ;;      Params:         0       0       0       0       0
   165 ;;      Locals:         0       0       0       0       0
   166 ;;      Temps:          0       0       0       0       0
   167 ;;      Totals:         0       0       0       0       0
   168 ;;Total ram usage:        0 bytes
   169 ;; Hardware stack levels required when called:    3
   170 ;; This function calls:
   171 ;;		_dataCtrl
   172 ;;		_initLCD
   173 ;;		_instCtrl
   174 ;; This function is called by:
   175 ;;		Startup code after reset
   176 ;; This function uses a non-reentrant model
   177 ;;
   178                           
   179                           
   180                           ;psect for function _main
   181  07B3                     _main:	
   182                           
   183                           ;LE2-1.c: 66: TRISB = 0x00;
   184                           
   185                           ;incstack = 0
   186                           ; Regs used in _main: [wreg+status,2+status,0+pclath+cstack]
   187  07B3  1683               	bsf	3,5	;RP0=1, select bank1
   188  07B4  1303               	bcf	3,6	;RP1=0, select bank1
   189  07B5  0186               	clrf	6	;volatile
   190                           
   191                           ;LE2-1.c: 67: TRISC = 0x00;
   192  07B6  0187               	clrf	7	;volatile
   193                           
   194                           ;LE2-1.c: 69: initLCD();
   195  07B7  120A  118A  277E  120A  118A  	fcall	_initLCD
   196  07BC                     l518:	
   197                           ;LE2-1.c: 70: while (1)
   198                           
   199                           
   200                           ;LE2-1.c: 71: {
   201                           ;LE2-1.c: 72: instCtrl(0xC6);
   202  07BC  30C6               	movlw	198
   203  07BD  00F5               	movwf	instCtrl@dataIn
   204  07BE  3000               	movlw	0
   205  07BF  00F6               	movwf	instCtrl@dataIn+1
   206  07C0  120A  118A  272D  120A  118A  	fcall	_instCtrl
   207                           
   208                           ;LE2-1.c: 73: dataCtrl('H');
   209  07C5  3048               	movlw	72
   210  07C6  00F5               	movwf	dataCtrl@dataIn
   211  07C7  3000               	movlw	0
   212  07C8  00F6               	movwf	dataCtrl@dataIn+1
   213  07C9  120A  118A  2755  120A  118A  	fcall	_dataCtrl
   214                           
   215                           ;LE2-1.c: 75: dataCtrl('E');
   216  07CE  3045               	movlw	69
   217  07CF  00F5               	movwf	dataCtrl@dataIn
   218  07D0  3000               	movlw	0
   219  07D1  00F6               	movwf	dataCtrl@dataIn+1
   220  07D2  120A  118A  2755  120A  118A  	fcall	_dataCtrl
   221                           
   222                           ;LE2-1.c: 76: dataCtrl('L');
   223  07D7  304C               	movlw	76
   224  07D8  00F5               	movwf	dataCtrl@dataIn
   225  07D9  3000               	movlw	0
   226  07DA  00F6               	movwf	dataCtrl@dataIn+1
   227  07DB  120A  118A  2755  120A  118A  	fcall	_dataCtrl
   228                           
   229                           ;LE2-1.c: 77: dataCtrl('L');
   230  07E0  304C               	movlw	76
   231  07E1  00F5               	movwf	dataCtrl@dataIn
   232  07E2  3000               	movlw	0
   233  07E3  00F6               	movwf	dataCtrl@dataIn+1
   234  07E4  120A  118A  2755  120A  118A  	fcall	_dataCtrl
   235                           
   236                           ;LE2-1.c: 78: dataCtrl('O');
   237  07E9  304F               	movlw	79
   238  07EA  00F5               	movwf	dataCtrl@dataIn
   239  07EB  3000               	movlw	0
   240  07EC  00F6               	movwf	dataCtrl@dataIn+1
   241  07ED  120A  118A  2755  120A  118A  	fcall	_dataCtrl
   242                           
   243                           ;LE2-1.c: 79: dataCtrl('!');
   244  07F2  3021               	movlw	33
   245  07F3  00F5               	movwf	dataCtrl@dataIn
   246  07F4  3000               	movlw	0
   247  07F5  00F6               	movwf	dataCtrl@dataIn+1
   248  07F6  120A  118A  2755  120A  118A  	fcall	_dataCtrl
   249  07FB  2FBC               	goto	l518
   250  07FC                     __end_of_main:	
   251                           
   252                           	psect	text1
   253  077E                     __ptext1:	
   254 ;; *************** function _initLCD *****************
   255 ;; Defined at:
   256 ;;		line 54 in file "C:\Users\notjo\OneDrive\Desktop\USC\USC-Year3-Sem2\3201-EmbeddedSystems\Labs\LE_02\LE2-1\LE2-1.c"
   257 ;; Parameters:    Size  Location     Type
   258 ;;		None
   259 ;; Auto vars:     Size  Location     Type
   260 ;;		None
   261 ;; Return value:  Size  Location     Type
   262 ;;		None               void
   263 ;; Registers used:
   264 ;;		wreg, status,2, status,0, pclath, cstack
   265 ;; Tracked objects:
   266 ;;		On entry : 0/0
   267 ;;		On exit  : 0/0
   268 ;;		Unchanged: 0/0
   269 ;; Data sizes:     COMMON   BANK0   BANK1   BANK3   BANK2
   270 ;;      Params:         0       0       0       0       0
   271 ;;      Locals:         0       0       0       0       0
   272 ;;      Temps:          0       0       0       0       0
   273 ;;      Totals:         0       0       0       0       0
   274 ;;Total ram usage:        0 bytes
   275 ;; Hardware stack levels used:    1
   276 ;; Hardware stack levels required when called:    2
   277 ;; This function calls:
   278 ;;		_delay
   279 ;;		_instCtrl
   280 ;; This function is called by:
   281 ;;		_main
   282 ;; This function uses a non-reentrant model
   283 ;;
   284                           
   285                           
   286                           ;psect for function _initLCD
   287  077E                     _initLCD:	
   288                           
   289                           ;LE2-1.c: 56: delay(1000);
   290                           
   291                           ;incstack = 0
   292                           ; Regs used in _initLCD: [wreg+status,2+status,0+pclath+cstack]
   293  077E  30E8               	movlw	232
   294  077F  00F0               	movwf	delay@timeIn
   295  0780  3003               	movlw	3
   296  0781  00F1               	movwf	delay@timeIn+1
   297  0782  120A  118A  2718  120A  118A  	fcall	_delay
   298                           
   299                           ;LE2-1.c: 57: instCtrl(0x38);
   300  0787  3038               	movlw	56
   301  0788  00F5               	movwf	instCtrl@dataIn
   302  0789  3000               	movlw	0
   303  078A  00F6               	movwf	instCtrl@dataIn+1
   304  078B  120A  118A  272D  120A  118A  	fcall	_instCtrl
   305                           
   306                           ;LE2-1.c: 58: instCtrl(0x08);
   307  0790  3008               	movlw	8
   308  0791  00F5               	movwf	instCtrl@dataIn
   309  0792  3000               	movlw	0
   310  0793  00F6               	movwf	instCtrl@dataIn+1
   311  0794  120A  118A  272D  120A  118A  	fcall	_instCtrl
   312                           
   313                           ;LE2-1.c: 59: instCtrl(0x01);
   314  0799  3001               	movlw	1
   315  079A  00F5               	movwf	instCtrl@dataIn
   316  079B  3000               	movlw	0
   317  079C  00F6               	movwf	instCtrl@dataIn+1
   318  079D  120A  118A  272D  120A  118A  	fcall	_instCtrl
   319                           
   320                           ;LE2-1.c: 60: instCtrl(0x06);
   321  07A2  3006               	movlw	6
   322  07A3  00F5               	movwf	instCtrl@dataIn
   323  07A4  3000               	movlw	0
   324  07A5  00F6               	movwf	instCtrl@dataIn+1
   325  07A6  120A  118A  272D  120A  118A  	fcall	_instCtrl
   326                           
   327                           ;LE2-1.c: 61: instCtrl(0x0C);
   328  07AB  300C               	movlw	12
   329  07AC  00F5               	movwf	instCtrl@dataIn
   330  07AD  3000               	movlw	0
   331  07AE  00F6               	movwf	instCtrl@dataIn+1
   332  07AF  120A  118A  272D   	fcall	_instCtrl
   333  07B2  0008               	return
   334  07B3                     __end_of_initLCD:	
   335                           
   336                           	psect	text2
   337  072D                     __ptext2:	
   338 ;; *************** function _instCtrl *****************
   339 ;; Defined at:
   340 ;;		line 24 in file "C:\Users\notjo\OneDrive\Desktop\USC\USC-Year3-Sem2\3201-EmbeddedSystems\Labs\LE_02\LE2-1\LE2-1.c"
   341 ;; Parameters:    Size  Location     Type
   342 ;;  dataIn          2    5[COMMON] int 
   343 ;; Auto vars:     Size  Location     Type
   344 ;;		None
   345 ;; Return value:  Size  Location     Type
   346 ;;		None               void
   347 ;; Registers used:
   348 ;;		wreg, status,2, status,0, pclath, cstack
   349 ;; Tracked objects:
   350 ;;		On entry : 0/0
   351 ;;		On exit  : 0/0
   352 ;;		Unchanged: 0/0
   353 ;; Data sizes:     COMMON   BANK0   BANK1   BANK3   BANK2
   354 ;;      Params:         2       0       0       0       0
   355 ;;      Locals:         0       0       0       0       0
   356 ;;      Temps:          0       0       0       0       0
   357 ;;      Totals:         2       0       0       0       0
   358 ;;Total ram usage:        2 bytes
   359 ;; Hardware stack levels used:    1
   360 ;; Hardware stack levels required when called:    1
   361 ;; This function calls:
   362 ;;		_delay
   363 ;; This function is called by:
   364 ;;		_initLCD
   365 ;;		_main
   366 ;; This function uses a non-reentrant model
   367 ;;
   368                           
   369                           
   370                           ;psect for function _instCtrl
   371  072D                     _instCtrl:	
   372                           
   373                           ;LE2-1.c: 27: PORTB = dataIn;
   374                           
   375                           ;incstack = 0
   376                           ; Regs used in _instCtrl: [wreg+status,2+status,0+pclath+cstack]
   377  072D  0875               	movf	instCtrl@dataIn,w
   378  072E  1283               	bcf	3,5	;RP0=0, select bank0
   379  072F  1303               	bcf	3,6	;RP1=0, select bank0
   380  0730  0086               	movwf	6	;volatile
   381                           
   382                           ;LE2-1.c: 28: delay(1000);
   383  0731  30E8               	movlw	232
   384  0732  00F0               	movwf	delay@timeIn
   385  0733  3003               	movlw	3
   386  0734  00F1               	movwf	delay@timeIn+1
   387  0735  120A  118A  2718  120A  118A  	fcall	_delay
   388                           
   389                           ;LE2-1.c: 30: PORTC = 0x04;
   390  073A  3004               	movlw	4
   391  073B  1283               	bcf	3,5	;RP0=0, select bank0
   392  073C  1303               	bcf	3,6	;RP1=0, select bank0
   393  073D  0087               	movwf	7	;volatile
   394                           
   395                           ;LE2-1.c: 31: delay(1000);
   396  073E  30E8               	movlw	232
   397  073F  00F0               	movwf	delay@timeIn
   398  0740  3003               	movlw	3
   399  0741  00F1               	movwf	delay@timeIn+1
   400  0742  120A  118A  2718  120A  118A  	fcall	_delay
   401                           
   402                           ;LE2-1.c: 33: PORTC = 0x00;
   403  0747  1283               	bcf	3,5	;RP0=0, select bank0
   404  0748  1303               	bcf	3,6	;RP1=0, select bank0
   405  0749  0187               	clrf	7	;volatile
   406                           
   407                           ;LE2-1.c: 34: delay(1000);
   408  074A  30E8               	movlw	232
   409  074B  00F0               	movwf	delay@timeIn
   410  074C  3003               	movlw	3
   411  074D  00F1               	movwf	delay@timeIn+1
   412  074E  120A  118A  2718   	fcall	_delay
   413                           
   414                           ;LE2-1.c: 36: PORTC = 0x00;
   415  0751  1283               	bcf	3,5	;RP0=0, select bank0
   416  0752  1303               	bcf	3,6	;RP1=0, select bank0
   417  0753  0187               	clrf	7	;volatile
   418  0754  0008               	return
   419  0755                     __end_of_instCtrl:	
   420                           
   421                           	psect	text3
   422  0755                     __ptext3:	
   423 ;; *************** function _dataCtrl *****************
   424 ;; Defined at:
   425 ;;		line 39 in file "C:\Users\notjo\OneDrive\Desktop\USC\USC-Year3-Sem2\3201-EmbeddedSystems\Labs\LE_02\LE2-1\LE2-1.c"
   426 ;; Parameters:    Size  Location     Type
   427 ;;  dataIn          2    5[COMMON] int 
   428 ;; Auto vars:     Size  Location     Type
   429 ;;		None
   430 ;; Return value:  Size  Location     Type
   431 ;;		None               void
   432 ;; Registers used:
   433 ;;		wreg, status,2, status,0, pclath, cstack
   434 ;; Tracked objects:
   435 ;;		On entry : 0/0
   436 ;;		On exit  : 0/0
   437 ;;		Unchanged: 0/0
   438 ;; Data sizes:     COMMON   BANK0   BANK1   BANK3   BANK2
   439 ;;      Params:         2       0       0       0       0
   440 ;;      Locals:         0       0       0       0       0
   441 ;;      Temps:          0       0       0       0       0
   442 ;;      Totals:         2       0       0       0       0
   443 ;;Total ram usage:        2 bytes
   444 ;; Hardware stack levels used:    1
   445 ;; Hardware stack levels required when called:    1
   446 ;; This function calls:
   447 ;;		_delay
   448 ;; This function is called by:
   449 ;;		_main
   450 ;; This function uses a non-reentrant model
   451 ;;
   452                           
   453                           
   454                           ;psect for function _dataCtrl
   455  0755                     _dataCtrl:	
   456                           
   457                           ;LE2-1.c: 42: PORTB = dataIn;
   458                           
   459                           ;incstack = 0
   460                           ; Regs used in _dataCtrl: [wreg+status,2+status,0+pclath+cstack]
   461  0755  0875               	movf	dataCtrl@dataIn,w
   462  0756  1283               	bcf	3,5	;RP0=0, select bank0
   463  0757  1303               	bcf	3,6	;RP1=0, select bank0
   464  0758  0086               	movwf	6	;volatile
   465                           
   466                           ;LE2-1.c: 43: delay(1000);
   467  0759  30E8               	movlw	232
   468  075A  00F0               	movwf	delay@timeIn
   469  075B  3003               	movlw	3
   470  075C  00F1               	movwf	delay@timeIn+1
   471  075D  120A  118A  2718  120A  118A  	fcall	_delay
   472                           
   473                           ;LE2-1.c: 45: PORTC = 0x06;
   474  0762  3006               	movlw	6
   475  0763  1283               	bcf	3,5	;RP0=0, select bank0
   476  0764  1303               	bcf	3,6	;RP1=0, select bank0
   477  0765  0087               	movwf	7	;volatile
   478                           
   479                           ;LE2-1.c: 46: delay(1000);
   480  0766  30E8               	movlw	232
   481  0767  00F0               	movwf	delay@timeIn
   482  0768  3003               	movlw	3
   483  0769  00F1               	movwf	delay@timeIn+1
   484  076A  120A  118A  2718  120A  118A  	fcall	_delay
   485                           
   486                           ;LE2-1.c: 48: PORTC = 0x02;
   487  076F  3002               	movlw	2
   488  0770  1283               	bcf	3,5	;RP0=0, select bank0
   489  0771  1303               	bcf	3,6	;RP1=0, select bank0
   490  0772  0087               	movwf	7	;volatile
   491                           
   492                           ;LE2-1.c: 49: delay(1000);
   493  0773  30E8               	movlw	232
   494  0774  00F0               	movwf	delay@timeIn
   495  0775  3003               	movlw	3
   496  0776  00F1               	movwf	delay@timeIn+1
   497  0777  120A  118A  2718   	fcall	_delay
   498                           
   499                           ;LE2-1.c: 51: PORTC = 0x00;
   500  077A  1283               	bcf	3,5	;RP0=0, select bank0
   501  077B  1303               	bcf	3,6	;RP1=0, select bank0
   502  077C  0187               	clrf	7	;volatile
   503  077D  0008               	return
   504  077E                     __end_of_dataCtrl:	
   505                           
   506                           	psect	text4
   507  0718                     __ptext4:	
   508 ;; *************** function _delay *****************
   509 ;; Defined at:
   510 ;;		line 19 in file "C:\Users\notjo\OneDrive\Desktop\USC\USC-Year3-Sem2\3201-EmbeddedSystems\Labs\LE_02\LE2-1\LE2-1.c"
   511 ;; Parameters:    Size  Location     Type
   512 ;;  timeIn          2    0[COMMON] int 
   513 ;; Auto vars:     Size  Location     Type
   514 ;;  j               2    3[COMMON] int 
   515 ;; Return value:  Size  Location     Type
   516 ;;		None               void
   517 ;; Registers used:
   518 ;;		wreg, status,2
   519 ;; Tracked objects:
   520 ;;		On entry : 0/0
   521 ;;		On exit  : 0/0
   522 ;;		Unchanged: 0/0
   523 ;; Data sizes:     COMMON   BANK0   BANK1   BANK3   BANK2
   524 ;;      Params:         2       0       0       0       0
   525 ;;      Locals:         2       0       0       0       0
   526 ;;      Temps:          1       0       0       0       0
   527 ;;      Totals:         5       0       0       0       0
   528 ;;Total ram usage:        5 bytes
   529 ;; Hardware stack levels used:    1
   530 ;; This function calls:
   531 ;;		Nothing
   532 ;; This function is called by:
   533 ;;		_instCtrl
   534 ;;		_dataCtrl
   535 ;;		_initLCD
   536 ;; This function uses a non-reentrant model
   537 ;;
   538                           
   539                           
   540                           ;psect for function _delay
   541  0718                     _delay:	
   542                           
   543                           ;LE2-1.c: 21: for (int j = 0; j < timeIn; j++);
   544                           
   545                           ;incstack = 0
   546                           ; Regs used in _delay: [wreg+status,2]
   547  0718  01F3               	clrf	delay@j
   548  0719  01F4               	clrf	delay@j+1
   549  071A                     l11:	
   550  071A  0874               	movf	delay@j+1,w
   551  071B  3A80               	xorlw	128
   552  071C  00F2               	movwf	??_delay
   553  071D  0871               	movf	delay@timeIn+1,w
   554  071E  3A80               	xorlw	128
   555  071F  0272               	subwf	??_delay,w
   556  0720  1D03               	skipz
   557  0721  2F24               	goto	u15
   558  0722  0870               	movf	delay@timeIn,w
   559  0723  0273               	subwf	delay@j,w
   560  0724                     u15:	
   561  0724  1803               	btfsc	3,0
   562  0725  0008               	return
   563  0726  3001               	movlw	1
   564  0727  07F3               	addwf	delay@j,f
   565  0728  1803               	skipnc
   566  0729  0AF4               	incf	delay@j+1,f
   567  072A  3000               	movlw	0
   568  072B  07F4               	addwf	delay@j+1,f
   569  072C  2F1A               	goto	l11
   570  072D                     __end_of_delay:	
   571  007E                     btemp	set	126	;btemp
   572  007E                     wtemp	set	126
   573  007E                     wtemp0	set	126
   574  0080                     wtemp1	set	128
   575  0082                     wtemp2	set	130
   576  0084                     wtemp3	set	132
   577  0086                     wtemp4	set	134
   578  0088                     wtemp5	set	136
   579  007F                     wtemp6	set	127
   580  007E                     ttemp	set	126
   581  007E                     ttemp0	set	126
   582  0081                     ttemp1	set	129
   583  0084                     ttemp2	set	132
   584  0087                     ttemp3	set	135
   585  007F                     ttemp4	set	127
   586  007E                     ltemp	set	126
   587  007E                     ltemp0	set	126
   588  0082                     ltemp1	set	130
   589  0086                     ltemp2	set	134
   590  0080                     ltemp3	set	128


Data Sizes:
    Strings     0
    Constant    0
    Data        0
    BSS         0
    Persistent  0
    Stack       0

Auto Spaces:
    Space          Size  Autos    Used
    COMMON           14      7       7
    BANK0            80      0       0
    BANK1            80      0       0
    BANK3            96      0       0
    BANK2            96      0       0

Pointer List with Targets:

    None.

Critical Paths under _main in COMMON

    _main->_dataCtrl
    _main->_instCtrl
    _initLCD->_instCtrl
    _instCtrl->_delay
    _dataCtrl->_delay

Critical Paths under _main in BANK0

    None.

Critical Paths under _main in BANK1

    None.

Critical Paths under _main in BANK3

    None.

Critical Paths under _main in BANK2

    None.

Call Graph Tables:

 ---------------------------------------------------------------------------------
 (Depth) Function   	        Calls       Base Space   Used Autos Params    Refs
 ---------------------------------------------------------------------------------
 (0) _main                                                 0     0      0    2143
                           _dataCtrl
                            _initLCD
                           _instCtrl
 ---------------------------------------------------------------------------------
 (1) _initLCD                                              0     0      0     935
                              _delay
                           _instCtrl
 ---------------------------------------------------------------------------------
 (1) _instCtrl                                             2     0      2     604
                                              5 COMMON     2     0      2
                              _delay
 ---------------------------------------------------------------------------------
 (1) _dataCtrl                                             2     0      2     604
                                              5 COMMON     2     0      2
                              _delay
 ---------------------------------------------------------------------------------
 (2) _delay                                                5     3      2     331
                                              0 COMMON     5     3      2
 ---------------------------------------------------------------------------------
 Estimated maximum stack depth 2
 ---------------------------------------------------------------------------------

 Call Graph Graphs:

 _main (ROOT)
   _dataCtrl
     _delay
   _initLCD
     _delay
     _instCtrl
       _delay
   _instCtrl
     _delay

 Address spaces:
Name               Size   Autos  Total    Cost      Usage
BITCOMMON            E      0       0       0        0.0%
EEDATA             100      0       0       0        0.0%
NULL                 0      0       0       0        0.0%
CODE                 0      0       0       0        0.0%
COMMON               E      7       7       1       50.0%
BITSFR0              0      0       0       1        0.0%
SFR0                 0      0       0       1        0.0%
BITSFR1              0      0       0       2        0.0%
SFR1                 0      0       0       2        0.0%
STACK                0      0       0       2        0.0%
ABS                  0      0       0       3        0.0%
BITBANK0            50      0       0       4        0.0%
BITSFR3              0      0       0       4        0.0%
SFR3                 0      0       0       4        0.0%
BANK0               50      0       0       5        0.0%
BITSFR2              0      0       0       5        0.0%
SFR2                 0      0       0       5        0.0%
BITBANK1            50      0       0       6        0.0%
BANK1               50      0       0       7        0.0%
BITBANK3            60      0       0       8        0.0%
BANK3               60      0       0       9        0.0%
BITBANK2            60      0       0      10        0.0%
BANK2               60      0       0      11        0.0%
DATA                 0      0       0      12        0.0%


Microchip Technology PIC Macro Assembler V1.33 build 59893 
Symbol Table                                                                                   Wed Feb 07 23:15:41 2024

            __CFG_CP$OFF 0000                       l11 071A                       u15 0724  
                    l518 07BC             __CFG_CPD$OFF 0000             __CFG_FOSC$XT 0000  
           __CFG_LVP$OFF 0000           instCtrl@dataIn 0075             __CFG_WRT$OFF 0000  
                   _main 07B3                     btemp 007E            __CFG_BOREN$ON 0000  
                   ltemp 007E                     start 0000                     ttemp 007E  
                   wtemp 007E                    ?_main 0070            __CFG_WDTE$OFF 0000  
                  _PORTB 0006                    _PORTC 0007                    _TRISB 0086  
                  _TRISC 0087            __CFG_PWRTE$ON 0000          __end_of_initLCD 07B3  
                  _delay 0718                    ltemp0 007E                    ltemp1 0082  
                  ltemp2 0086                    ltemp3 0080                    ttemp0 007E  
                  ttemp1 0081                    ttemp2 0084                    ttemp3 0087  
                  ttemp4 007F                    status 0003                    wtemp0 007E  
                  wtemp1 0080                    wtemp2 0082                    wtemp3 0084  
                  wtemp4 0086                    wtemp5 0088                    wtemp6 007F  
        __initialization 07FC             __end_of_main 07FC                   ??_main 0077  
                 ?_delay 0070         __end_of_dataCtrl 077E                   delay@j 0073  
       __end_of_instCtrl 0755                ??_initLCD 0077  __end_of__initialization 07FC  
         __pcstackCOMMON 0070            __end_of_delay 072D                  ??_delay 0072  
             __pmaintext 07B3           dataCtrl@dataIn 0075                ?_dataCtrl 0075  
              ?_instCtrl 0075                  __ptext0 0000                  __ptext1 077E  
                __ptext2 072D                  __ptext3 0755                  __ptext4 0718  
                _initLCD 077E               ??_dataCtrl 0077     end_of_initialization 07FC  
             ??_instCtrl 0077      start_initialization 07FC                ___latbits 0002  
      __size_of_dataCtrl 0029        __size_of_instCtrl 0028                 ?_initLCD 0070  
         __size_of_delay 0015                 _dataCtrl 0755         __size_of_initLCD 0035  
          __size_of_main 0049                 _instCtrl 072D              delay@timeIn 0070  
